<?xml version="1.0" encoding="UTF-8"?>
<!-- Generated by org.testng.reporters.JUnitXMLReporter -->
<testsuite ignored="0" hostname="Akshay-Udhane" failures="0" tests="13" name="Surefire test" time="0.235" errors="0" timestamp="2025-10-10T14:41:38 IST">
  <testcase classname="tests.ApiTestExecutor" name="testBrowseTags" time="0.101"/>
  <testcase classname="tests.ApiTestExecutor" name="testConvertDataValue" time="0.005"/>
  <testcase classname="tests.ApiTestExecutor" name="testConvertValue" time="0.004"/>
  <testcase classname="tests.ApiTestExecutor" name="testKafkaHasChanged" time="0.021"/>
  <testcase classname="tests.ApiTestExecutor" name="testKafkaProcessBrowseData" time="0.005"/>
  <testcase classname="tests.ApiTestExecutor" name="testOpcConnect" time="0.004"/>
  <testcase classname="tests.ApiTestExecutor" name="testOpcConnectionStatus" time="0.005"/>
  <testcase classname="tests.ApiTestExecutor" name="testOpcInit" time="0.005"/>
  <testcase classname="tests.ApiTestExecutor" name="testReadNode" time="0.004"/>
  <testcase classname="tests.ApiTestExecutor" name="testReadNode2" time="0.005"/>
  <testcase classname="tests.ApiTestExecutor" name="testReadValue" time="0.003"/>
  <testcase classname="tests.ApiTestExecutor" name="testSubscribeToData" time="0.003"/>
  <testcase classname="tests.ApiTestExecutor" name="testWriteNode" time="0.004"/>
</testsuite> <!-- Surefire test -->
