<?xml version="1.0" encoding="UTF-8"?>
<!-- Generated by org.testng.reporters.JUnitXMLReporter -->
<testsuite ignored="0" hostname="Akshay-Udhane" failures="13" tests="13" name="Legacy API Tests (Mock Server)" time="4.065" errors="0" timestamp="2025-10-10T14:32:59 IST">
  <testcase classname="tests.ApiTestExecutor" name="testBrowseTags" time="0.317">
    <failure type="com.microsoft.playwright.PlaywrightException" message="Error {
  message=&amp;apos;connect ECONNREFUSED ::1:8085
  name=&amp;apos;Error
  stack=&amp;apos;Error: connect ECONNREFUSED ::1:8085
    at TCPConnectWrap.afterConnect [as oncomplete] (node:net:1610:16)
}
Call log:
-   - → GET http://localhost:8085/api/read/browse?startingNodeParam=ns=3;s=%22WMS%20TO%20PLC%22
-     - user-agent: Playwright/1.49.0 (x64; windows 10.0) java/17
-     - accept: */*
-     - accept-encoding: gzip,deflate,br
">
      <![CDATA[com.microsoft.playwright.PlaywrightException: Error {
  message='connect ECONNREFUSED ::1:8085
  name='Error
  stack='Error: connect ECONNREFUSED ::1:8085
    at TCPConnectWrap.afterConnect [as oncomplete] (node:net:1610:16)
}
Call log:
-   - → GET http://localhost:8085/api/read/browse?startingNodeParam=ns=3;s=%22WMS%20TO%20PLC%22
-     - user-agent: Playwright/1.49.0 (x64; windows 10.0) java/17
-     - accept: */*
-     - accept-encoding: gzip,deflate,br

at com.microsoft.playwright.impl.WaitableResult.get(WaitableResult.java:56)
at com.microsoft.playwright.impl.ChannelOwner.runUntil(ChannelOwner.java:132)
at com.microsoft.playwright.impl.Connection.sendMessage(Connection.java:130)
at com.microsoft.playwright.impl.ChannelOwner.sendMessage(ChannelOwner.java:118)
at com.microsoft.playwright.impl.APIRequestContextImpl.fetchImpl(APIRequestContextImpl.java:156)
at com.microsoft.playwright.impl.APIRequestContextImpl.lambda$fetch$1(APIRequestContextImpl.java:68)
at com.microsoft.playwright.impl.LoggingSupport.withLogging(LoggingSupport.java:47)
at com.microsoft.playwright.impl.ChannelOwner.withLogging(ChannelOwner.java:97)
at com.microsoft.playwright.impl.APIRequestContextImpl.fetch(APIRequestContextImpl.java:68)
at com.microsoft.playwright.impl.APIRequestContextImpl.get(APIRequestContextImpl.java:197)
at com.microsoft.playwright.APIRequestContext.get(APIRequestContext.java:281)
at tests.ApiTestExecutor.testBrowseTags(ApiTestExecutor.java:61)
at java.base/java.util.ArrayList.forEach(ArrayList.java:1511)
at java.base/java.util.concurrent.FutureTask.run(FutureTask.java:264)
at java.base/java.util.concurrent.ThreadPoolExecutor.runWorker(ThreadPoolExecutor.java:1136)
at java.base/java.util.concurrent.ThreadPoolExecutor$Worker.run(ThreadPoolExecutor.java:635)
at java.base/java.lang.Thread.run(Thread.java:833)
Caused by: com.microsoft.playwright.impl.DriverException: Error {
  message='connect ECONNREFUSED ::1:8085
  name='Error
  stack='Error: connect ECONNREFUSED ::1:8085
    at TCPConnectWrap.afterConnect [as oncomplete] (node:net:1610:16)
}
Call log:
-   - → GET http://localhost:8085/api/read/browse?startingNodeParam=ns=3;s=%22WMS%20TO%20PLC%22
-     - user-agent: Playwright/1.49.0 (x64; windows 10.0) java/17
-     - accept: */*
-     - accept-encoding: gzip,deflate,br

at com.microsoft.playwright.impl.Connection.dispatch(Connection.java:259)
at com.microsoft.playwright.impl.Connection.processOneMessage(Connection.java:211)
at com.microsoft.playwright.impl.ChannelOwner.runUntil(ChannelOwner.java:130)
... 32 more
... Removed 17 stack frames]]>
    </failure>
  </testcase> <!-- testBrowseTags -->
  <testcase classname="tests.ApiTestExecutor" name="testConvertDataValue" time="0.309">
    <failure type="com.microsoft.playwright.PlaywrightException" message="Error {
  message=&amp;apos;connect ECONNREFUSED ::1:8085
  name=&amp;apos;Error
  stack=&amp;apos;Error: connect ECONNREFUSED ::1:8085
    at TCPConnectWrap.afterConnect [as oncomplete] (node:net:1610:16)
}
Call log:
-   - → POST http://localhost:8085/api/opcUaValueConverter/convertDataValue?originalValue=100
-     - user-agent: Playwright/1.49.0 (x64; windows 10.0) java/17
-     - accept: */*
-     - accept-encoding: gzip,deflate,br
">
      <![CDATA[com.microsoft.playwright.PlaywrightException: Error {
  message='connect ECONNREFUSED ::1:8085
  name='Error
  stack='Error: connect ECONNREFUSED ::1:8085
    at TCPConnectWrap.afterConnect [as oncomplete] (node:net:1610:16)
}
Call log:
-   - → POST http://localhost:8085/api/opcUaValueConverter/convertDataValue?originalValue=100
-     - user-agent: Playwright/1.49.0 (x64; windows 10.0) java/17
-     - accept: */*
-     - accept-encoding: gzip,deflate,br

at com.microsoft.playwright.impl.WaitableResult.get(WaitableResult.java:56)
at com.microsoft.playwright.impl.ChannelOwner.runUntil(ChannelOwner.java:132)
at com.microsoft.playwright.impl.Connection.sendMessage(Connection.java:130)
at com.microsoft.playwright.impl.ChannelOwner.sendMessage(ChannelOwner.java:118)
at com.microsoft.playwright.impl.APIRequestContextImpl.fetchImpl(APIRequestContextImpl.java:156)
at com.microsoft.playwright.impl.APIRequestContextImpl.lambda$fetch$1(APIRequestContextImpl.java:68)
at com.microsoft.playwright.impl.LoggingSupport.withLogging(LoggingSupport.java:47)
at com.microsoft.playwright.impl.ChannelOwner.withLogging(ChannelOwner.java:97)
at com.microsoft.playwright.impl.APIRequestContextImpl.fetch(APIRequestContextImpl.java:68)
at com.microsoft.playwright.impl.APIRequestContextImpl.post(APIRequestContextImpl.java:212)
at com.microsoft.playwright.APIRequestContext.post(APIRequestContext.java:390)
at tests.ApiTestExecutor.testConvertDataValue(ApiTestExecutor.java:140)
at java.base/java.util.ArrayList.forEach(ArrayList.java:1511)
at java.base/java.util.concurrent.FutureTask.run(FutureTask.java:264)
at java.base/java.util.concurrent.ThreadPoolExecutor.runWorker(ThreadPoolExecutor.java:1136)
at java.base/java.util.concurrent.ThreadPoolExecutor$Worker.run(ThreadPoolExecutor.java:635)
at java.base/java.lang.Thread.run(Thread.java:833)
Caused by: com.microsoft.playwright.impl.DriverException: Error {
  message='connect ECONNREFUSED ::1:8085
  name='Error
  stack='Error: connect ECONNREFUSED ::1:8085
    at TCPConnectWrap.afterConnect [as oncomplete] (node:net:1610:16)
}
Call log:
-   - → POST http://localhost:8085/api/opcUaValueConverter/convertDataValue?originalValue=100
-     - user-agent: Playwright/1.49.0 (x64; windows 10.0) java/17
-     - accept: */*
-     - accept-encoding: gzip,deflate,br

at com.microsoft.playwright.impl.Connection.dispatch(Connection.java:259)
at com.microsoft.playwright.impl.Connection.processOneMessage(Connection.java:211)
at com.microsoft.playwright.impl.ChannelOwner.runUntil(ChannelOwner.java:130)
... 32 more
... Removed 17 stack frames]]>
    </failure>
  </testcase> <!-- testConvertDataValue -->
  <testcase classname="tests.ApiTestExecutor" name="testConvertValue" time="0.309">
    <failure type="com.microsoft.playwright.PlaywrightException" message="Error {
  message=&amp;apos;connect ECONNREFUSED ::1:8085
  name=&amp;apos;Error
  stack=&amp;apos;Error: connect ECONNREFUSED ::1:8085
    at TCPConnectWrap.afterConnect [as oncomplete] (node:net:1610:16)
}
Call log:
-   - → POST http://localhost:8085/api/opcUaValueConverter/convertValue?variant=42
-     - user-agent: Playwright/1.49.0 (x64; windows 10.0) java/17
-     - accept: */*
-     - accept-encoding: gzip,deflate,br
">
      <![CDATA[com.microsoft.playwright.PlaywrightException: Error {
  message='connect ECONNREFUSED ::1:8085
  name='Error
  stack='Error: connect ECONNREFUSED ::1:8085
    at TCPConnectWrap.afterConnect [as oncomplete] (node:net:1610:16)
}
Call log:
-   - → POST http://localhost:8085/api/opcUaValueConverter/convertValue?variant=42
-     - user-agent: Playwright/1.49.0 (x64; windows 10.0) java/17
-     - accept: */*
-     - accept-encoding: gzip,deflate,br

at com.microsoft.playwright.impl.WaitableResult.get(WaitableResult.java:56)
at com.microsoft.playwright.impl.ChannelOwner.runUntil(ChannelOwner.java:132)
at com.microsoft.playwright.impl.Connection.sendMessage(Connection.java:130)
at com.microsoft.playwright.impl.ChannelOwner.sendMessage(ChannelOwner.java:118)
at com.microsoft.playwright.impl.APIRequestContextImpl.fetchImpl(APIRequestContextImpl.java:156)
at com.microsoft.playwright.impl.APIRequestContextImpl.lambda$fetch$1(APIRequestContextImpl.java:68)
at com.microsoft.playwright.impl.LoggingSupport.withLogging(LoggingSupport.java:47)
at com.microsoft.playwright.impl.ChannelOwner.withLogging(ChannelOwner.java:97)
at com.microsoft.playwright.impl.APIRequestContextImpl.fetch(APIRequestContextImpl.java:68)
at com.microsoft.playwright.impl.APIRequestContextImpl.post(APIRequestContextImpl.java:212)
at com.microsoft.playwright.APIRequestContext.post(APIRequestContext.java:390)
at tests.ApiTestExecutor.testConvertValue(ApiTestExecutor.java:133)
at java.base/java.util.ArrayList.forEach(ArrayList.java:1511)
at java.base/java.util.concurrent.FutureTask.run(FutureTask.java:264)
at java.base/java.util.concurrent.ThreadPoolExecutor.runWorker(ThreadPoolExecutor.java:1136)
at java.base/java.util.concurrent.ThreadPoolExecutor$Worker.run(ThreadPoolExecutor.java:635)
at java.base/java.lang.Thread.run(Thread.java:833)
Caused by: com.microsoft.playwright.impl.DriverException: Error {
  message='connect ECONNREFUSED ::1:8085
  name='Error
  stack='Error: connect ECONNREFUSED ::1:8085
    at TCPConnectWrap.afterConnect [as oncomplete] (node:net:1610:16)
}
Call log:
-   - → POST http://localhost:8085/api/opcUaValueConverter/convertValue?variant=42
-     - user-agent: Playwright/1.49.0 (x64; windows 10.0) java/17
-     - accept: */*
-     - accept-encoding: gzip,deflate,br

at com.microsoft.playwright.impl.Connection.dispatch(Connection.java:259)
at com.microsoft.playwright.impl.Connection.processOneMessage(Connection.java:211)
at com.microsoft.playwright.impl.ChannelOwner.runUntil(ChannelOwner.java:130)
... 32 more
... Removed 17 stack frames]]>
    </failure>
  </testcase> <!-- testConvertValue -->
  <testcase classname="tests.ApiTestExecutor" name="testKafkaHasChanged" time="0.31">
    <failure type="com.microsoft.playwright.PlaywrightException" message="Error {
  message=&amp;apos;connect ECONNREFUSED ::1:8085
  name=&amp;apos;Error
  stack=&amp;apos;Error: connect ECONNREFUSED ::1:8085
    at TCPConnectWrap.afterConnect [as oncomplete] (node:net:1610:16)
}
Call log:
-   - → POST http://localhost:8085/api/kafkaBrowse/hasChanged
-     - user-agent: Playwright/1.49.0 (x64; windows 10.0) java/17
-     - accept: */*
-     - accept-encoding: gzip,deflate,br
-     - Content-Type: application/json
-     - content-length: 45
">
      <![CDATA[com.microsoft.playwright.PlaywrightException: Error {
  message='connect ECONNREFUSED ::1:8085
  name='Error
  stack='Error: connect ECONNREFUSED ::1:8085
    at TCPConnectWrap.afterConnect [as oncomplete] (node:net:1610:16)
}
Call log:
-   - → POST http://localhost:8085/api/kafkaBrowse/hasChanged
-     - user-agent: Playwright/1.49.0 (x64; windows 10.0) java/17
-     - accept: */*
-     - accept-encoding: gzip,deflate,br
-     - Content-Type: application/json
-     - content-length: 45

at com.microsoft.playwright.impl.WaitableResult.get(WaitableResult.java:56)
at com.microsoft.playwright.impl.ChannelOwner.runUntil(ChannelOwner.java:132)
at com.microsoft.playwright.impl.Connection.sendMessage(Connection.java:130)
at com.microsoft.playwright.impl.ChannelOwner.sendMessage(ChannelOwner.java:118)
at com.microsoft.playwright.impl.APIRequestContextImpl.fetchImpl(APIRequestContextImpl.java:156)
at com.microsoft.playwright.impl.APIRequestContextImpl.lambda$fetch$1(APIRequestContextImpl.java:68)
at com.microsoft.playwright.impl.LoggingSupport.withLogging(LoggingSupport.java:47)
at com.microsoft.playwright.impl.ChannelOwner.withLogging(ChannelOwner.java:97)
at com.microsoft.playwright.impl.APIRequestContextImpl.fetch(APIRequestContextImpl.java:68)
at com.microsoft.playwright.impl.APIRequestContextImpl.post(APIRequestContextImpl.java:212)
at tests.ApiTestExecutor.testKafkaHasChanged(ApiTestExecutor.java:121)
at java.base/java.util.ArrayList.forEach(ArrayList.java:1511)
at java.base/java.util.concurrent.FutureTask.run(FutureTask.java:264)
at java.base/java.util.concurrent.ThreadPoolExecutor.runWorker(ThreadPoolExecutor.java:1136)
at java.base/java.util.concurrent.ThreadPoolExecutor$Worker.run(ThreadPoolExecutor.java:635)
at java.base/java.lang.Thread.run(Thread.java:833)
Caused by: com.microsoft.playwright.impl.DriverException: Error {
  message='connect ECONNREFUSED ::1:8085
  name='Error
  stack='Error: connect ECONNREFUSED ::1:8085
    at TCPConnectWrap.afterConnect [as oncomplete] (node:net:1610:16)
}
Call log:
-   - → POST http://localhost:8085/api/kafkaBrowse/hasChanged
-     - user-agent: Playwright/1.49.0 (x64; windows 10.0) java/17
-     - accept: */*
-     - accept-encoding: gzip,deflate,br
-     - Content-Type: application/json
-     - content-length: 45

at com.microsoft.playwright.impl.Connection.dispatch(Connection.java:259)
at com.microsoft.playwright.impl.Connection.processOneMessage(Connection.java:211)
at com.microsoft.playwright.impl.ChannelOwner.runUntil(ChannelOwner.java:130)
... 31 more
... Removed 17 stack frames]]>
    </failure>
  </testcase> <!-- testKafkaHasChanged -->
  <testcase classname="tests.ApiTestExecutor" name="testKafkaProcessBrowseData" time="0.308">
    <failure type="com.microsoft.playwright.PlaywrightException" message="Error {
  message=&amp;apos;connect ECONNREFUSED ::1:8085
  name=&amp;apos;Error
  stack=&amp;apos;Error: connect ECONNREFUSED ::1:8085
    at TCPConnectWrap.afterConnect [as oncomplete] (node:net:1610:16)
}
Call log:
-   - → POST http://localhost:8085/api/kafkaBrowse/processBrowseData
-     - user-agent: Playwright/1.49.0 (x64; windows 10.0) java/17
-     - accept: */*
-     - accept-encoding: gzip,deflate,br
-     - Content-Type: application/json
-     - content-length: 76
">
      <![CDATA[com.microsoft.playwright.PlaywrightException: Error {
  message='connect ECONNREFUSED ::1:8085
  name='Error
  stack='Error: connect ECONNREFUSED ::1:8085
    at TCPConnectWrap.afterConnect [as oncomplete] (node:net:1610:16)
}
Call log:
-   - → POST http://localhost:8085/api/kafkaBrowse/processBrowseData
-     - user-agent: Playwright/1.49.0 (x64; windows 10.0) java/17
-     - accept: */*
-     - accept-encoding: gzip,deflate,br
-     - Content-Type: application/json
-     - content-length: 76

at com.microsoft.playwright.impl.WaitableResult.get(WaitableResult.java:56)
at com.microsoft.playwright.impl.ChannelOwner.runUntil(ChannelOwner.java:132)
at com.microsoft.playwright.impl.Connection.sendMessage(Connection.java:130)
at com.microsoft.playwright.impl.ChannelOwner.sendMessage(ChannelOwner.java:118)
at com.microsoft.playwright.impl.APIRequestContextImpl.fetchImpl(APIRequestContextImpl.java:156)
at com.microsoft.playwright.impl.APIRequestContextImpl.lambda$fetch$1(APIRequestContextImpl.java:68)
at com.microsoft.playwright.impl.LoggingSupport.withLogging(LoggingSupport.java:47)
at com.microsoft.playwright.impl.ChannelOwner.withLogging(ChannelOwner.java:97)
at com.microsoft.playwright.impl.APIRequestContextImpl.fetch(APIRequestContextImpl.java:68)
at com.microsoft.playwright.impl.APIRequestContextImpl.post(APIRequestContextImpl.java:212)
at tests.ApiTestExecutor.testKafkaProcessBrowseData(ApiTestExecutor.java:111)
at java.base/java.util.ArrayList.forEach(ArrayList.java:1511)
at java.base/java.util.concurrent.FutureTask.run(FutureTask.java:264)
at java.base/java.util.concurrent.ThreadPoolExecutor.runWorker(ThreadPoolExecutor.java:1136)
at java.base/java.util.concurrent.ThreadPoolExecutor$Worker.run(ThreadPoolExecutor.java:635)
at java.base/java.lang.Thread.run(Thread.java:833)
Caused by: com.microsoft.playwright.impl.DriverException: Error {
  message='connect ECONNREFUSED ::1:8085
  name='Error
  stack='Error: connect ECONNREFUSED ::1:8085
    at TCPConnectWrap.afterConnect [as oncomplete] (node:net:1610:16)
}
Call log:
-   - → POST http://localhost:8085/api/kafkaBrowse/processBrowseData
-     - user-agent: Playwright/1.49.0 (x64; windows 10.0) java/17
-     - accept: */*
-     - accept-encoding: gzip,deflate,br
-     - Content-Type: application/json
-     - content-length: 76

at com.microsoft.playwright.impl.Connection.dispatch(Connection.java:259)
at com.microsoft.playwright.impl.Connection.processOneMessage(Connection.java:211)
at com.microsoft.playwright.impl.ChannelOwner.runUntil(ChannelOwner.java:130)
... 31 more
... Removed 17 stack frames]]>
    </failure>
  </testcase> <!-- testKafkaProcessBrowseData -->
  <testcase classname="tests.ApiTestExecutor" name="testOpcConnect" time="0.309">
    <failure type="com.microsoft.playwright.PlaywrightException" message="Error {
  message=&amp;apos;connect ECONNREFUSED ::1:8085
  name=&amp;apos;Error
  stack=&amp;apos;Error: connect ECONNREFUSED ::1:8085
    at TCPConnectWrap.afterConnect [as oncomplete] (node:net:1610:16)
}
Call log:
-   - → GET http://localhost:8085/api/connection/connect
-     - user-agent: Playwright/1.49.0 (x64; windows 10.0) java/17
-     - accept: */*
-     - accept-encoding: gzip,deflate,br
">
      <![CDATA[com.microsoft.playwright.PlaywrightException: Error {
  message='connect ECONNREFUSED ::1:8085
  name='Error
  stack='Error: connect ECONNREFUSED ::1:8085
    at TCPConnectWrap.afterConnect [as oncomplete] (node:net:1610:16)
}
Call log:
-   - → GET http://localhost:8085/api/connection/connect
-     - user-agent: Playwright/1.49.0 (x64; windows 10.0) java/17
-     - accept: */*
-     - accept-encoding: gzip,deflate,br

at com.microsoft.playwright.impl.WaitableResult.get(WaitableResult.java:56)
at com.microsoft.playwright.impl.ChannelOwner.runUntil(ChannelOwner.java:132)
at com.microsoft.playwright.impl.Connection.sendMessage(Connection.java:130)
at com.microsoft.playwright.impl.ChannelOwner.sendMessage(ChannelOwner.java:118)
at com.microsoft.playwright.impl.APIRequestContextImpl.fetchImpl(APIRequestContextImpl.java:156)
at com.microsoft.playwright.impl.APIRequestContextImpl.lambda$fetch$1(APIRequestContextImpl.java:68)
at com.microsoft.playwright.impl.LoggingSupport.withLogging(LoggingSupport.java:47)
at com.microsoft.playwright.impl.ChannelOwner.withLogging(ChannelOwner.java:97)
at com.microsoft.playwright.impl.APIRequestContextImpl.fetch(APIRequestContextImpl.java:68)
at com.microsoft.playwright.impl.APIRequestContextImpl.get(APIRequestContextImpl.java:197)
at com.microsoft.playwright.APIRequestContext.get(APIRequestContext.java:281)
at tests.ApiTestExecutor.testOpcConnect(ApiTestExecutor.java:53)
at java.base/java.util.ArrayList.forEach(ArrayList.java:1511)
at java.base/java.util.concurrent.FutureTask.run(FutureTask.java:264)
at java.base/java.util.concurrent.ThreadPoolExecutor.runWorker(ThreadPoolExecutor.java:1136)
at java.base/java.util.concurrent.ThreadPoolExecutor$Worker.run(ThreadPoolExecutor.java:635)
at java.base/java.lang.Thread.run(Thread.java:833)
Caused by: com.microsoft.playwright.impl.DriverException: Error {
  message='connect ECONNREFUSED ::1:8085
  name='Error
  stack='Error: connect ECONNREFUSED ::1:8085
    at TCPConnectWrap.afterConnect [as oncomplete] (node:net:1610:16)
}
Call log:
-   - → GET http://localhost:8085/api/connection/connect
-     - user-agent: Playwright/1.49.0 (x64; windows 10.0) java/17
-     - accept: */*
-     - accept-encoding: gzip,deflate,br

at com.microsoft.playwright.impl.Connection.dispatch(Connection.java:259)
at com.microsoft.playwright.impl.Connection.processOneMessage(Connection.java:211)
at com.microsoft.playwright.impl.ChannelOwner.runUntil(ChannelOwner.java:130)
... 32 more
... Removed 17 stack frames]]>
    </failure>
  </testcase> <!-- testOpcConnect -->
  <testcase classname="tests.ApiTestExecutor" name="testOpcConnectionStatus" time="0.307">
    <failure type="com.microsoft.playwright.PlaywrightException" message="Error {
  message=&amp;apos;connect ECONNREFUSED ::1:8085
  name=&amp;apos;Error
  stack=&amp;apos;Error: connect ECONNREFUSED ::1:8085
    at TCPConnectWrap.afterConnect [as oncomplete] (node:net:1610:16)
}
Call log:
-   - → GET http://localhost:8085/api/connection/status
-     - user-agent: Playwright/1.49.0 (x64; windows 10.0) java/17
-     - accept: */*
-     - accept-encoding: gzip,deflate,br
">
      <![CDATA[com.microsoft.playwright.PlaywrightException: Error {
  message='connect ECONNREFUSED ::1:8085
  name='Error
  stack='Error: connect ECONNREFUSED ::1:8085
    at TCPConnectWrap.afterConnect [as oncomplete] (node:net:1610:16)
}
Call log:
-   - → GET http://localhost:8085/api/connection/status
-     - user-agent: Playwright/1.49.0 (x64; windows 10.0) java/17
-     - accept: */*
-     - accept-encoding: gzip,deflate,br

at com.microsoft.playwright.impl.WaitableResult.get(WaitableResult.java:56)
at com.microsoft.playwright.impl.ChannelOwner.runUntil(ChannelOwner.java:132)
at com.microsoft.playwright.impl.Connection.sendMessage(Connection.java:130)
at com.microsoft.playwright.impl.ChannelOwner.sendMessage(ChannelOwner.java:118)
at com.microsoft.playwright.impl.APIRequestContextImpl.fetchImpl(APIRequestContextImpl.java:156)
at com.microsoft.playwright.impl.APIRequestContextImpl.lambda$fetch$1(APIRequestContextImpl.java:68)
at com.microsoft.playwright.impl.LoggingSupport.withLogging(LoggingSupport.java:47)
at com.microsoft.playwright.impl.ChannelOwner.withLogging(ChannelOwner.java:97)
at com.microsoft.playwright.impl.APIRequestContextImpl.fetch(APIRequestContextImpl.java:68)
at com.microsoft.playwright.impl.APIRequestContextImpl.get(APIRequestContextImpl.java:197)
at com.microsoft.playwright.APIRequestContext.get(APIRequestContext.java:281)
at tests.ApiTestExecutor.testOpcConnectionStatus(ApiTestExecutor.java:39)
at java.base/java.util.ArrayList.forEach(ArrayList.java:1511)
at java.base/java.util.concurrent.FutureTask.run(FutureTask.java:264)
at java.base/java.util.concurrent.ThreadPoolExecutor.runWorker(ThreadPoolExecutor.java:1136)
at java.base/java.util.concurrent.ThreadPoolExecutor$Worker.run(ThreadPoolExecutor.java:635)
at java.base/java.lang.Thread.run(Thread.java:833)
Caused by: com.microsoft.playwright.impl.DriverException: Error {
  message='connect ECONNREFUSED ::1:8085
  name='Error
  stack='Error: connect ECONNREFUSED ::1:8085
    at TCPConnectWrap.afterConnect [as oncomplete] (node:net:1610:16)
}
Call log:
-   - → GET http://localhost:8085/api/connection/status
-     - user-agent: Playwright/1.49.0 (x64; windows 10.0) java/17
-     - accept: */*
-     - accept-encoding: gzip,deflate,br

at com.microsoft.playwright.impl.Connection.dispatch(Connection.java:259)
at com.microsoft.playwright.impl.Connection.processOneMessage(Connection.java:211)
at com.microsoft.playwright.impl.ChannelOwner.runUntil(ChannelOwner.java:130)
... 32 more
... Removed 17 stack frames]]>
    </failure>
  </testcase> <!-- testOpcConnectionStatus -->
  <testcase classname="tests.ApiTestExecutor" name="testOpcInit" time="0.31">
    <failure type="com.microsoft.playwright.PlaywrightException" message="Error {
  message=&amp;apos;connect ECONNREFUSED ::1:8085
  name=&amp;apos;Error
  stack=&amp;apos;Error: connect ECONNREFUSED ::1:8085
    at TCPConnectWrap.afterConnect [as oncomplete] (node:net:1610:16)
}
Call log:
-   - → GET http://localhost:8085/api/connection/init
-     - user-agent: Playwright/1.49.0 (x64; windows 10.0) java/17
-     - accept: */*
-     - accept-encoding: gzip,deflate,br
">
      <![CDATA[com.microsoft.playwright.PlaywrightException: Error {
  message='connect ECONNREFUSED ::1:8085
  name='Error
  stack='Error: connect ECONNREFUSED ::1:8085
    at TCPConnectWrap.afterConnect [as oncomplete] (node:net:1610:16)
}
Call log:
-   - → GET http://localhost:8085/api/connection/init
-     - user-agent: Playwright/1.49.0 (x64; windows 10.0) java/17
-     - accept: */*
-     - accept-encoding: gzip,deflate,br

at com.microsoft.playwright.impl.WaitableResult.get(WaitableResult.java:56)
at com.microsoft.playwright.impl.ChannelOwner.runUntil(ChannelOwner.java:132)
at com.microsoft.playwright.impl.Connection.sendMessage(Connection.java:130)
at com.microsoft.playwright.impl.ChannelOwner.sendMessage(ChannelOwner.java:118)
at com.microsoft.playwright.impl.APIRequestContextImpl.fetchImpl(APIRequestContextImpl.java:156)
at com.microsoft.playwright.impl.APIRequestContextImpl.lambda$fetch$1(APIRequestContextImpl.java:68)
at com.microsoft.playwright.impl.LoggingSupport.withLogging(LoggingSupport.java:47)
at com.microsoft.playwright.impl.ChannelOwner.withLogging(ChannelOwner.java:97)
at com.microsoft.playwright.impl.APIRequestContextImpl.fetch(APIRequestContextImpl.java:68)
at com.microsoft.playwright.impl.APIRequestContextImpl.get(APIRequestContextImpl.java:197)
at com.microsoft.playwright.APIRequestContext.get(APIRequestContext.java:281)
at tests.ApiTestExecutor.testOpcInit(ApiTestExecutor.java:47)
at java.base/java.util.ArrayList.forEach(ArrayList.java:1511)
at java.base/java.util.concurrent.FutureTask.run(FutureTask.java:264)
at java.base/java.util.concurrent.ThreadPoolExecutor.runWorker(ThreadPoolExecutor.java:1136)
at java.base/java.util.concurrent.ThreadPoolExecutor$Worker.run(ThreadPoolExecutor.java:635)
at java.base/java.lang.Thread.run(Thread.java:833)
Caused by: com.microsoft.playwright.impl.DriverException: Error {
  message='connect ECONNREFUSED ::1:8085
  name='Error
  stack='Error: connect ECONNREFUSED ::1:8085
    at TCPConnectWrap.afterConnect [as oncomplete] (node:net:1610:16)
}
Call log:
-   - → GET http://localhost:8085/api/connection/init
-     - user-agent: Playwright/1.49.0 (x64; windows 10.0) java/17
-     - accept: */*
-     - accept-encoding: gzip,deflate,br

at com.microsoft.playwright.impl.Connection.dispatch(Connection.java:259)
at com.microsoft.playwright.impl.Connection.processOneMessage(Connection.java:211)
at com.microsoft.playwright.impl.ChannelOwner.runUntil(ChannelOwner.java:130)
... 32 more
... Removed 17 stack frames]]>
    </failure>
  </testcase> <!-- testOpcInit -->
  <testcase classname="tests.ApiTestExecutor" name="testReadNode" time="0.31">
    <failure type="com.microsoft.playwright.PlaywrightException" message="Error {
  message=&amp;apos;connect ECONNREFUSED ::1:8085
  name=&amp;apos;Error
  stack=&amp;apos;Error: connect ECONNREFUSED ::1:8085
    at TCPConnectWrap.afterConnect [as oncomplete] (node:net:1610:16)
}
Call log:
-   - → GET http://localhost:8085/api/read/read-node?nodeId=ns=3;s=DataBlocksGlobal
-     - user-agent: Playwright/1.49.0 (x64; windows 10.0) java/17
-     - accept: */*
-     - accept-encoding: gzip,deflate,br
">
      <![CDATA[com.microsoft.playwright.PlaywrightException: Error {
  message='connect ECONNREFUSED ::1:8085
  name='Error
  stack='Error: connect ECONNREFUSED ::1:8085
    at TCPConnectWrap.afterConnect [as oncomplete] (node:net:1610:16)
}
Call log:
-   - → GET http://localhost:8085/api/read/read-node?nodeId=ns=3;s=DataBlocksGlobal
-     - user-agent: Playwright/1.49.0 (x64; windows 10.0) java/17
-     - accept: */*
-     - accept-encoding: gzip,deflate,br

at com.microsoft.playwright.impl.WaitableResult.get(WaitableResult.java:56)
at com.microsoft.playwright.impl.ChannelOwner.runUntil(ChannelOwner.java:132)
at com.microsoft.playwright.impl.Connection.sendMessage(Connection.java:130)
at com.microsoft.playwright.impl.ChannelOwner.sendMessage(ChannelOwner.java:118)
at com.microsoft.playwright.impl.APIRequestContextImpl.fetchImpl(APIRequestContextImpl.java:156)
at com.microsoft.playwright.impl.APIRequestContextImpl.lambda$fetch$1(APIRequestContextImpl.java:68)
at com.microsoft.playwright.impl.LoggingSupport.withLogging(LoggingSupport.java:47)
at com.microsoft.playwright.impl.ChannelOwner.withLogging(ChannelOwner.java:97)
at com.microsoft.playwright.impl.APIRequestContextImpl.fetch(APIRequestContextImpl.java:68)
at com.microsoft.playwright.impl.APIRequestContextImpl.get(APIRequestContextImpl.java:197)
at com.microsoft.playwright.APIRequestContext.get(APIRequestContext.java:281)
at tests.ApiTestExecutor.testReadNode(ApiTestExecutor.java:81)
at java.base/java.util.ArrayList.forEach(ArrayList.java:1511)
at java.base/java.util.concurrent.FutureTask.run(FutureTask.java:264)
at java.base/java.util.concurrent.ThreadPoolExecutor.runWorker(ThreadPoolExecutor.java:1136)
at java.base/java.util.concurrent.ThreadPoolExecutor$Worker.run(ThreadPoolExecutor.java:635)
at java.base/java.lang.Thread.run(Thread.java:833)
Caused by: com.microsoft.playwright.impl.DriverException: Error {
  message='connect ECONNREFUSED ::1:8085
  name='Error
  stack='Error: connect ECONNREFUSED ::1:8085
    at TCPConnectWrap.afterConnect [as oncomplete] (node:net:1610:16)
}
Call log:
-   - → GET http://localhost:8085/api/read/read-node?nodeId=ns=3;s=DataBlocksGlobal
-     - user-agent: Playwright/1.49.0 (x64; windows 10.0) java/17
-     - accept: */*
-     - accept-encoding: gzip,deflate,br

at com.microsoft.playwright.impl.Connection.dispatch(Connection.java:259)
at com.microsoft.playwright.impl.Connection.processOneMessage(Connection.java:211)
at com.microsoft.playwright.impl.ChannelOwner.runUntil(ChannelOwner.java:130)
... 32 more
... Removed 17 stack frames]]>
    </failure>
  </testcase> <!-- testReadNode -->
  <testcase classname="tests.ApiTestExecutor" name="testReadNode2" time="0.306">
    <failure type="com.microsoft.playwright.PlaywrightException" message="Error {
  message=&amp;apos;connect ECONNREFUSED ::1:8085
  name=&amp;apos;Error
  stack=&amp;apos;Error: connect ECONNREFUSED ::1:8085
    at TCPConnectWrap.afterConnect [as oncomplete] (node:net:1610:16)
}
Call log:
-   - → GET http://localhost:8085/api/read/read-node2?nodeId=MCOM
-     - user-agent: Playwright/1.49.0 (x64; windows 10.0) java/17
-     - accept: */*
-     - accept-encoding: gzip,deflate,br
">
      <![CDATA[com.microsoft.playwright.PlaywrightException: Error {
  message='connect ECONNREFUSED ::1:8085
  name='Error
  stack='Error: connect ECONNREFUSED ::1:8085
    at TCPConnectWrap.afterConnect [as oncomplete] (node:net:1610:16)
}
Call log:
-   - → GET http://localhost:8085/api/read/read-node2?nodeId=MCOM
-     - user-agent: Playwright/1.49.0 (x64; windows 10.0) java/17
-     - accept: */*
-     - accept-encoding: gzip,deflate,br

at com.microsoft.playwright.impl.WaitableResult.get(WaitableResult.java:56)
at com.microsoft.playwright.impl.ChannelOwner.runUntil(ChannelOwner.java:132)
at com.microsoft.playwright.impl.Connection.sendMessage(Connection.java:130)
at com.microsoft.playwright.impl.ChannelOwner.sendMessage(ChannelOwner.java:118)
at com.microsoft.playwright.impl.APIRequestContextImpl.fetchImpl(APIRequestContextImpl.java:156)
at com.microsoft.playwright.impl.APIRequestContextImpl.lambda$fetch$1(APIRequestContextImpl.java:68)
at com.microsoft.playwright.impl.LoggingSupport.withLogging(LoggingSupport.java:47)
at com.microsoft.playwright.impl.ChannelOwner.withLogging(ChannelOwner.java:97)
at com.microsoft.playwright.impl.APIRequestContextImpl.fetch(APIRequestContextImpl.java:68)
at com.microsoft.playwright.impl.APIRequestContextImpl.get(APIRequestContextImpl.java:197)
at com.microsoft.playwright.APIRequestContext.get(APIRequestContext.java:281)
at tests.ApiTestExecutor.testReadNode2(ApiTestExecutor.java:88)
at java.base/java.util.ArrayList.forEach(ArrayList.java:1511)
at java.base/java.util.concurrent.FutureTask.run(FutureTask.java:264)
at java.base/java.util.concurrent.ThreadPoolExecutor.runWorker(ThreadPoolExecutor.java:1136)
at java.base/java.util.concurrent.ThreadPoolExecutor$Worker.run(ThreadPoolExecutor.java:635)
at java.base/java.lang.Thread.run(Thread.java:833)
Caused by: com.microsoft.playwright.impl.DriverException: Error {
  message='connect ECONNREFUSED ::1:8085
  name='Error
  stack='Error: connect ECONNREFUSED ::1:8085
    at TCPConnectWrap.afterConnect [as oncomplete] (node:net:1610:16)
}
Call log:
-   - → GET http://localhost:8085/api/read/read-node2?nodeId=MCOM
-     - user-agent: Playwright/1.49.0 (x64; windows 10.0) java/17
-     - accept: */*
-     - accept-encoding: gzip,deflate,br

at com.microsoft.playwright.impl.Connection.dispatch(Connection.java:259)
at com.microsoft.playwright.impl.Connection.processOneMessage(Connection.java:211)
at com.microsoft.playwright.impl.ChannelOwner.runUntil(ChannelOwner.java:130)
... 32 more
... Removed 17 stack frames]]>
    </failure>
  </testcase> <!-- testReadNode2 -->
  <testcase classname="tests.ApiTestExecutor" name="testReadValue" time="0.313">
    <failure type="com.microsoft.playwright.PlaywrightException" message="Error {
  message=&amp;apos;connect ECONNREFUSED ::1:8085
  name=&amp;apos;Error
  stack=&amp;apos;Error: connect ECONNREFUSED ::1:8085
    at TCPConnectWrap.afterConnect [as oncomplete] (node:net:1610:16)
}
Call log:
-   - → GET http://localhost:8085/api/read/readValue?nodeId=ns=3;s=%22PLC_To_WMS%22
-     - user-agent: Playwright/1.49.0 (x64; windows 10.0) java/17
-     - accept: */*
-     - accept-encoding: gzip,deflate,br
">
      <![CDATA[com.microsoft.playwright.PlaywrightException: Error {
  message='connect ECONNREFUSED ::1:8085
  name='Error
  stack='Error: connect ECONNREFUSED ::1:8085
    at TCPConnectWrap.afterConnect [as oncomplete] (node:net:1610:16)
}
Call log:
-   - → GET http://localhost:8085/api/read/readValue?nodeId=ns=3;s=%22PLC_To_WMS%22
-     - user-agent: Playwright/1.49.0 (x64; windows 10.0) java/17
-     - accept: */*
-     - accept-encoding: gzip,deflate,br

at com.microsoft.playwright.impl.WaitableResult.get(WaitableResult.java:56)
at com.microsoft.playwright.impl.ChannelOwner.runUntil(ChannelOwner.java:132)
at com.microsoft.playwright.impl.Connection.sendMessage(Connection.java:130)
at com.microsoft.playwright.impl.ChannelOwner.sendMessage(ChannelOwner.java:118)
at com.microsoft.playwright.impl.APIRequestContextImpl.fetchImpl(APIRequestContextImpl.java:156)
at com.microsoft.playwright.impl.APIRequestContextImpl.lambda$fetch$1(APIRequestContextImpl.java:68)
at com.microsoft.playwright.impl.LoggingSupport.withLogging(LoggingSupport.java:47)
at com.microsoft.playwright.impl.ChannelOwner.withLogging(ChannelOwner.java:97)
at com.microsoft.playwright.impl.APIRequestContextImpl.fetch(APIRequestContextImpl.java:68)
at com.microsoft.playwright.impl.APIRequestContextImpl.get(APIRequestContextImpl.java:197)
at com.microsoft.playwright.APIRequestContext.get(APIRequestContext.java:281)
at tests.ApiTestExecutor.testReadValue(ApiTestExecutor.java:68)
at java.base/java.util.ArrayList.forEach(ArrayList.java:1511)
at java.base/java.util.concurrent.FutureTask.run(FutureTask.java:264)
at java.base/java.util.concurrent.ThreadPoolExecutor.runWorker(ThreadPoolExecutor.java:1136)
at java.base/java.util.concurrent.ThreadPoolExecutor$Worker.run(ThreadPoolExecutor.java:635)
at java.base/java.lang.Thread.run(Thread.java:833)
Caused by: com.microsoft.playwright.impl.DriverException: Error {
  message='connect ECONNREFUSED ::1:8085
  name='Error
  stack='Error: connect ECONNREFUSED ::1:8085
    at TCPConnectWrap.afterConnect [as oncomplete] (node:net:1610:16)
}
Call log:
-   - → GET http://localhost:8085/api/read/readValue?nodeId=ns=3;s=%22PLC_To_WMS%22
-     - user-agent: Playwright/1.49.0 (x64; windows 10.0) java/17
-     - accept: */*
-     - accept-encoding: gzip,deflate,br

at com.microsoft.playwright.impl.Connection.dispatch(Connection.java:259)
at com.microsoft.playwright.impl.Connection.processOneMessage(Connection.java:211)
at com.microsoft.playwright.impl.ChannelOwner.runUntil(ChannelOwner.java:130)
... 32 more
... Removed 17 stack frames]]>
    </failure>
  </testcase> <!-- testReadValue -->
  <testcase classname="tests.ApiTestExecutor" name="testSubscribeToData" time="0.307">
    <failure type="com.microsoft.playwright.PlaywrightException" message="Error {
  message=&amp;apos;connect ECONNREFUSED ::1:8085
  name=&amp;apos;Error
  stack=&amp;apos;Error: connect ECONNREFUSED ::1:8085
    at TCPConnectWrap.afterConnect [as oncomplete] (node:net:1610:16)
}
Call log:
-   - → GET http://localhost:8085/api/read/subscribeToData
-     - user-agent: Playwright/1.49.0 (x64; windows 10.0) java/17
-     - accept: */*
-     - accept-encoding: gzip,deflate,br
">
      <![CDATA[com.microsoft.playwright.PlaywrightException: Error {
  message='connect ECONNREFUSED ::1:8085
  name='Error
  stack='Error: connect ECONNREFUSED ::1:8085
    at TCPConnectWrap.afterConnect [as oncomplete] (node:net:1610:16)
}
Call log:
-   - → GET http://localhost:8085/api/read/subscribeToData
-     - user-agent: Playwright/1.49.0 (x64; windows 10.0) java/17
-     - accept: */*
-     - accept-encoding: gzip,deflate,br

at com.microsoft.playwright.impl.WaitableResult.get(WaitableResult.java:56)
at com.microsoft.playwright.impl.ChannelOwner.runUntil(ChannelOwner.java:132)
at com.microsoft.playwright.impl.Connection.sendMessage(Connection.java:130)
at com.microsoft.playwright.impl.ChannelOwner.sendMessage(ChannelOwner.java:118)
at com.microsoft.playwright.impl.APIRequestContextImpl.fetchImpl(APIRequestContextImpl.java:156)
at com.microsoft.playwright.impl.APIRequestContextImpl.lambda$fetch$1(APIRequestContextImpl.java:68)
at com.microsoft.playwright.impl.LoggingSupport.withLogging(LoggingSupport.java:47)
at com.microsoft.playwright.impl.ChannelOwner.withLogging(ChannelOwner.java:97)
at com.microsoft.playwright.impl.APIRequestContextImpl.fetch(APIRequestContextImpl.java:68)
at com.microsoft.playwright.impl.APIRequestContextImpl.get(APIRequestContextImpl.java:197)
at com.microsoft.playwright.APIRequestContext.get(APIRequestContext.java:281)
at tests.ApiTestExecutor.testSubscribeToData(ApiTestExecutor.java:75)
at java.base/java.util.ArrayList.forEach(ArrayList.java:1511)
at java.base/java.util.concurrent.FutureTask.run(FutureTask.java:264)
at java.base/java.util.concurrent.ThreadPoolExecutor.runWorker(ThreadPoolExecutor.java:1136)
at java.base/java.util.concurrent.ThreadPoolExecutor$Worker.run(ThreadPoolExecutor.java:635)
at java.base/java.lang.Thread.run(Thread.java:833)
Caused by: com.microsoft.playwright.impl.DriverException: Error {
  message='connect ECONNREFUSED ::1:8085
  name='Error
  stack='Error: connect ECONNREFUSED ::1:8085
    at TCPConnectWrap.afterConnect [as oncomplete] (node:net:1610:16)
}
Call log:
-   - → GET http://localhost:8085/api/read/subscribeToData
-     - user-agent: Playwright/1.49.0 (x64; windows 10.0) java/17
-     - accept: */*
-     - accept-encoding: gzip,deflate,br

at com.microsoft.playwright.impl.Connection.dispatch(Connection.java:259)
at com.microsoft.playwright.impl.Connection.processOneMessage(Connection.java:211)
at com.microsoft.playwright.impl.ChannelOwner.runUntil(ChannelOwner.java:130)
... 32 more
... Removed 17 stack frames]]>
    </failure>
  </testcase> <!-- testSubscribeToData -->
  <testcase classname="tests.ApiTestExecutor" name="testWriteNode" time="0.31">
    <failure type="com.microsoft.playwright.PlaywrightException" message="Error {
  message=&amp;apos;connect ECONNREFUSED ::1:8085
  name=&amp;apos;Error
  stack=&amp;apos;Error: connect ECONNREFUSED ::1:8085
    at TCPConnectWrap.afterConnect [as oncomplete] (node:net:1610:16)
}
Call log:
-   - → POST http://localhost:8085/api/write/write-node
-     - user-agent: Playwright/1.49.0 (x64; windows 10.0) java/17
-     - accept: */*
-     - accept-encoding: gzip,deflate,br
-     - Content-Type: application/json
-     - content-length: 53
">
      <![CDATA[com.microsoft.playwright.PlaywrightException: Error {
  message='connect ECONNREFUSED ::1:8085
  name='Error
  stack='Error: connect ECONNREFUSED ::1:8085
    at TCPConnectWrap.afterConnect [as oncomplete] (node:net:1610:16)
}
Call log:
-   - → POST http://localhost:8085/api/write/write-node
-     - user-agent: Playwright/1.49.0 (x64; windows 10.0) java/17
-     - accept: */*
-     - accept-encoding: gzip,deflate,br
-     - Content-Type: application/json
-     - content-length: 53

at com.microsoft.playwright.impl.WaitableResult.get(WaitableResult.java:56)
at com.microsoft.playwright.impl.ChannelOwner.runUntil(ChannelOwner.java:132)
at com.microsoft.playwright.impl.Connection.sendMessage(Connection.java:130)
at com.microsoft.playwright.impl.ChannelOwner.sendMessage(ChannelOwner.java:118)
at com.microsoft.playwright.impl.APIRequestContextImpl.fetchImpl(APIRequestContextImpl.java:156)
at com.microsoft.playwright.impl.APIRequestContextImpl.lambda$fetch$1(APIRequestContextImpl.java:68)
at com.microsoft.playwright.impl.LoggingSupport.withLogging(LoggingSupport.java:47)
at com.microsoft.playwright.impl.ChannelOwner.withLogging(ChannelOwner.java:97)
at com.microsoft.playwright.impl.APIRequestContextImpl.fetch(APIRequestContextImpl.java:68)
at com.microsoft.playwright.impl.APIRequestContextImpl.post(APIRequestContextImpl.java:212)
at tests.ApiTestExecutor.testWriteNode(ApiTestExecutor.java:98)
at java.base/java.util.ArrayList.forEach(ArrayList.java:1511)
at java.base/java.util.concurrent.FutureTask.run(FutureTask.java:264)
at java.base/java.util.concurrent.ThreadPoolExecutor.runWorker(ThreadPoolExecutor.java:1136)
at java.base/java.util.concurrent.ThreadPoolExecutor$Worker.run(ThreadPoolExecutor.java:635)
at java.base/java.lang.Thread.run(Thread.java:833)
Caused by: com.microsoft.playwright.impl.DriverException: Error {
  message='connect ECONNREFUSED ::1:8085
  name='Error
  stack='Error: connect ECONNREFUSED ::1:8085
    at TCPConnectWrap.afterConnect [as oncomplete] (node:net:1610:16)
}
Call log:
-   - → POST http://localhost:8085/api/write/write-node
-     - user-agent: Playwright/1.49.0 (x64; windows 10.0) java/17
-     - accept: */*
-     - accept-encoding: gzip,deflate,br
-     - Content-Type: application/json
-     - content-length: 53

at com.microsoft.playwright.impl.Connection.dispatch(Connection.java:259)
at com.microsoft.playwright.impl.Connection.processOneMessage(Connection.java:211)
at com.microsoft.playwright.impl.ChannelOwner.runUntil(ChannelOwner.java:130)
... 31 more
... Removed 17 stack frames]]>
    </failure>
  </testcase> <!-- testWriteNode -->
</testsuite> <!-- Legacy API Tests (Mock Server) -->
