<html>
<head>
<title>TestNG:  Read Data Service Tests</title>
<link href="../testng.css" rel="stylesheet" type="text/css" />
<link href="../my-testng.css" rel="stylesheet" type="text/css" />

<style type="text/css">
.log { display: none;} 
.stack-trace { display: none;} 
</style>
<script type="text/javascript">
<!--
function flip(e) {
  current = e.style.display;
  if (current == 'block') {
    e.style.display = 'none';
    return 0;
  }
  else {
    e.style.display = 'block';
    return 1;
  }
}

function toggleBox(szDivId, elem, msg1, msg2)
{
  var res = -1;  if (document.getElementById) {
    res = flip(document.getElementById(szDivId));
  }
  else if (document.all) {
    // this is the way old msie versions work
    res = flip(document.all[szDivId]);
  }
  if(elem) {
    if(res == 0) elem.innerHTML = msg1; else elem.innerHTML = msg2;
  }

}

function toggleAllBoxes() {
  if (document.getElementsByTagName) {
    d = document.getElementsByTagName('div');
    for (i = 0; i < d.length; i++) {
      if (d[i].className == 'log') {
        flip(d[i]);
      }
    }
  }
}

// -->
</script>

</head>
<body>
<h2 align='center'>Read Data Service Tests</h2><table border='1' align="center">
<tr>
<td>Tests passed/Failed/Skipped:</td><td>13/4/0</td>
</tr><tr>
<td>Started on:</td><td>Fri Oct 10 14:44:51 IST 2025</td>
</tr>
<tr><td>Total time:</td><td>1 seconds (1840 ms)</td>
</tr><tr>
<td>Included groups:</td><td></td>
</tr><tr>
<td>Excluded groups:</td><td></td>
</tr>
</table><p/>
<small><i>(Hover the method name to see the test class name)</i></small><p/>
<table width='100%' border='1' class='invocation-failed'>
<tr><td colspan='4' align='center'><b>FAILED TESTS</b></td></tr>
<tr><td><b>Test method</b></td>
<td width="30%"><b>Exception</b></td>
<td width="10%"><b>Time (seconds)</b></td>
<td><b>Instance</b></td>
</tr>
<tr>
<td title='tests.ReadDataServiceTest.testReadTagValuesSimplified()'><b>testReadTagValuesSimplified</b><br>Test class: tests.ReadDataServiceTest<br>Test method: Test read tag values simplified</td>
<td><div><pre>java.lang.AssertionError: Expected status 200 but got 404 expected [200] but found [404]
	at base.RealServiceTestBase.verifyResponseStatus(RealServiceTestBase.java:138)
	at tests.ReadDataServiceTest.testReadTagValuesSimplified(ReadDataServiceTest.java:113)
	at java.base/java.util.ArrayList.forEach(ArrayList.java:1511)
	at java.base/java.util.concurrent.FutureTask.run(FutureTask.java:264)
	at java.base/java.util.concurrent.ThreadPoolExecutor.runWorker(ThreadPoolExecutor.java:1136)
	at java.base/java.util.concurrent.ThreadPoolExecutor$Worker.run(ThreadPoolExecutor.java:635)
	at java.base/java.lang.Thread.run(Thread.java:833)
... Removed 23 stack frames</pre></div><a href='#' onClick='toggleBox("stack-trace31565508", this, "Click to show all stack frames", "Click to hide stack frames")'>Click to show all stack frames</a>
<div class='stack-trace' id='stack-trace31565508'><pre>java.lang.AssertionError: Expected status 200 but got 404 expected [200] but found [404]
	at org.testng.Assert.fail(Assert.java:99)
	at org.testng.Assert.failNotEquals(Assert.java:1037)
	at org.testng.Assert.assertEqualsImpl(Assert.java:140)
	at org.testng.Assert.assertEquals(Assert.java:122)
	at org.testng.Assert.assertEquals(Assert.java:907)
	at base.RealServiceTestBase.verifyResponseStatus(RealServiceTestBase.java:138)
	at tests.ReadDataServiceTest.testReadTagValuesSimplified(ReadDataServiceTest.java:113)
	at java.base/jdk.internal.reflect.NativeMethodAccessorImpl.invoke0(Native Method)
	at java.base/jdk.internal.reflect.NativeMethodAccessorImpl.invoke(NativeMethodAccessorImpl.java:77)
	at java.base/jdk.internal.reflect.DelegatingMethodAccessorImpl.invoke(DelegatingMethodAccessorImpl.java:43)
	at java.base/java.lang.reflect.Method.invoke(Method.java:568)
	at org.testng.internal.MethodInvocationHelper.invokeMethod(MethodInvocationHelper.java:133)
	at org.testng.internal.TestInvoker.invokeMethod(TestInvoker.java:598)
	at org.testng.internal.TestInvoker.invokeTestMethod(TestInvoker.java:173)
	at org.testng.internal.MethodRunner.runInSequence(MethodRunner.java:46)
	at org.testng.internal.TestInvoker$MethodInvocationAgent.invoke(TestInvoker.java:824)
	at org.testng.internal.TestInvoker.invokeTestMethods(TestInvoker.java:146)
	at org.testng.internal.TestMethodWorker.invokeTestMethods(TestMethodWorker.java:146)
	at org.testng.internal.TestMethodWorker.run(TestMethodWorker.java:128)
	at java.base/java.util.ArrayList.forEach(ArrayList.java:1511)
	at org.testng.TestRunner.privateRun(TestRunner.java:794)
	at org.testng.TestRunner.run(TestRunner.java:596)
	at org.testng.SuiteRunner.runTest(SuiteRunner.java:377)
	at org.testng.SuiteRunner.access$000(SuiteRunner.java:28)
	at org.testng.SuiteRunner$SuiteWorker.run(SuiteRunner.java:418)
	at org.testng.internal.thread.ThreadUtil.lambda$execute$0(ThreadUtil.java:64)
	at java.base/java.util.concurrent.FutureTask.run(FutureTask.java:264)
	at java.base/java.util.concurrent.ThreadPoolExecutor.runWorker(ThreadPoolExecutor.java:1136)
	at java.base/java.util.concurrent.ThreadPoolExecutor$Worker.run(ThreadPoolExecutor.java:635)
	at java.base/java.lang.Thread.run(Thread.java:833)
</pre></div></td>
<td>0</td>
<td>tests.ReadDataServiceTest@4204541c</td></tr>
<tr>
<td title='tests.ReadDataServiceTest.testReadDataErrorHandling()'><b>testReadDataErrorHandling</b><br>Test class: tests.ReadDataServiceTest<br>Test method: Test read data error handling</td>
<td><div><pre>java.lang.AssertionError: Should return error status for invalid node ID expected [true] but found [false]
	at tests.ReadDataServiceTest.testReadDataErrorHandling(ReadDataServiceTest.java:144)
	at java.base/java.util.ArrayList.forEach(ArrayList.java:1511)
	at java.base/java.util.concurrent.FutureTask.run(FutureTask.java:264)
	at java.base/java.util.concurrent.ThreadPoolExecutor.runWorker(ThreadPoolExecutor.java:1136)
	at java.base/java.util.concurrent.ThreadPoolExecutor$Worker.run(ThreadPoolExecutor.java:635)
	at java.base/java.lang.Thread.run(Thread.java:833)
... Removed 21 stack frames</pre></div><a href='#' onClick='toggleBox("stack-trace2118334523", this, "Click to show all stack frames", "Click to hide stack frames")'>Click to show all stack frames</a>
<div class='stack-trace' id='stack-trace2118334523'><pre>java.lang.AssertionError: Should return error status for invalid node ID expected [true] but found [false]
	at org.testng.Assert.fail(Assert.java:99)
	at org.testng.Assert.failNotEquals(Assert.java:1037)
	at org.testng.Assert.assertTrue(Assert.java:45)
	at tests.ReadDataServiceTest.testReadDataErrorHandling(ReadDataServiceTest.java:144)
	at java.base/jdk.internal.reflect.NativeMethodAccessorImpl.invoke0(Native Method)
	at java.base/jdk.internal.reflect.NativeMethodAccessorImpl.invoke(NativeMethodAccessorImpl.java:77)
	at java.base/jdk.internal.reflect.DelegatingMethodAccessorImpl.invoke(DelegatingMethodAccessorImpl.java:43)
	at java.base/java.lang.reflect.Method.invoke(Method.java:568)
	at org.testng.internal.MethodInvocationHelper.invokeMethod(MethodInvocationHelper.java:133)
	at org.testng.internal.TestInvoker.invokeMethod(TestInvoker.java:598)
	at org.testng.internal.TestInvoker.invokeTestMethod(TestInvoker.java:173)
	at org.testng.internal.MethodRunner.runInSequence(MethodRunner.java:46)
	at org.testng.internal.TestInvoker$MethodInvocationAgent.invoke(TestInvoker.java:824)
	at org.testng.internal.TestInvoker.invokeTestMethods(TestInvoker.java:146)
	at org.testng.internal.TestMethodWorker.invokeTestMethods(TestMethodWorker.java:146)
	at org.testng.internal.TestMethodWorker.run(TestMethodWorker.java:128)
	at java.base/java.util.ArrayList.forEach(ArrayList.java:1511)
	at org.testng.TestRunner.privateRun(TestRunner.java:794)
	at org.testng.TestRunner.run(TestRunner.java:596)
	at org.testng.SuiteRunner.runTest(SuiteRunner.java:377)
	at org.testng.SuiteRunner.access$000(SuiteRunner.java:28)
	at org.testng.SuiteRunner$SuiteWorker.run(SuiteRunner.java:418)
	at org.testng.internal.thread.ThreadUtil.lambda$execute$0(ThreadUtil.java:64)
	at java.base/java.util.concurrent.FutureTask.run(FutureTask.java:264)
	at java.base/java.util.concurrent.ThreadPoolExecutor.runWorker(ThreadPoolExecutor.java:1136)
	at java.base/java.util.concurrent.ThreadPoolExecutor$Worker.run(ThreadPoolExecutor.java:635)
	at java.base/java.lang.Thread.run(Thread.java:833)
</pre></div></td>
<td>0</td>
<td>tests.ReadDataServiceTest@4204541c</td></tr>
<tr>
<td title='tests.ReadDataServiceTest.testReadNode2()'><b>testReadNode2</b><br>Test class: tests.ReadDataServiceTest<br>Test method: Test read node2 endpoint</td>
<td><div><pre>com.microsoft.playwright.PlaywrightException: Error {
  message=&apos;connect ECONNREFUSED ::1:8085
  name=&apos;Error
  stack=&apos;Error: connect ECONNREFUSED ::1:8085
    at TCPConnectWrap.afterConnect [as oncomplete] (node:net:1610:16)
}
Call log:
-   - → GET http://localhost:8085/read/api/read/read-node2?nodeId=MCOM
-     - user-agent: Playwright/1.49.0 (x64; windows 10.0) java/17
-     - accept: */*
-     - accept-encoding: gzip,deflate,br

	at com.microsoft.playwright.impl.WaitableResult.get(WaitableResult.java:56)
	at com.microsoft.playwright.impl.ChannelOwner.runUntil(ChannelOwner.java:132)
	at com.microsoft.playwright.impl.Connection.sendMessage(Connection.java:130)
	at com.microsoft.playwright.impl.ChannelOwner.sendMessage(ChannelOwner.java:118)
	at com.microsoft.playwright.impl.APIRequestContextImpl.fetchImpl(APIRequestContextImpl.java:156)
	at com.microsoft.playwright.impl.APIRequestContextImpl.lambda$fetch$1(APIRequestContextImpl.java:68)
	at com.microsoft.playwright.impl.LoggingSupport.withLogging(LoggingSupport.java:47)
	at com.microsoft.playwright.impl.ChannelOwner.withLogging(ChannelOwner.java:97)
	at com.microsoft.playwright.impl.APIRequestContextImpl.fetch(APIRequestContextImpl.java:68)
	at com.microsoft.playwright.impl.APIRequestContextImpl.get(APIRequestContextImpl.java:197)
	at com.microsoft.playwright.APIRequestContext.get(APIRequestContext.java:281)
	at base.RealServiceTestBase.readNode2(RealServiceTestBase.java:373)
	at tests.ReadDataServiceTest.testReadNode2(ReadDataServiceTest.java:99)
	at java.base/java.util.ArrayList.forEach(ArrayList.java:1511)
	at java.base/java.util.concurrent.FutureTask.run(FutureTask.java:264)
	at java.base/java.util.concurrent.ThreadPoolExecutor.runWorker(ThreadPoolExecutor.java:1136)
	at java.base/java.util.concurrent.ThreadPoolExecutor$Worker.run(ThreadPoolExecutor.java:635)
	at java.base/java.lang.Thread.run(Thread.java:833)
Caused by: com.microsoft.playwright.impl.DriverException: Error {
  message=&apos;connect ECONNREFUSED ::1:8085
  name=&apos;Error
  stack=&apos;Error: connect ECONNREFUSED ::1:8085
    at TCPConnectWrap.afterConnect [as oncomplete] (node:net:1610:16)
}
Call log:
-   - → GET http://localhost:8085/read/api/read/read-node2?nodeId=MCOM
-     - user-agent: Playwright/1.49.0 (x64; windows 10.0) java/17
-     - accept: */*
-     - accept-encoding: gzip,deflate,br

	at com.microsoft.playwright.impl.Connection.dispatch(Connection.java:259)
	at com.microsoft.playwright.impl.Connection.processOneMessage(Connection.java:211)
	at com.microsoft.playwright.impl.ChannelOwner.runUntil(ChannelOwner.java:130)
	... 34 more
... Removed 18 stack frames</pre></div><a href='#' onClick='toggleBox("stack-trace2050032906", this, "Click to show all stack frames", "Click to hide stack frames")'>Click to show all stack frames</a>
<div class='stack-trace' id='stack-trace2050032906'><pre>com.microsoft.playwright.PlaywrightException: Error {
  message=&apos;connect ECONNREFUSED ::1:8085
  name=&apos;Error
  stack=&apos;Error: connect ECONNREFUSED ::1:8085
    at TCPConnectWrap.afterConnect [as oncomplete] (node:net:1610:16)
}
Call log:
-   - → GET http://localhost:8085/read/api/read/read-node2?nodeId=MCOM
-     - user-agent: Playwright/1.49.0 (x64; windows 10.0) java/17
-     - accept: */*
-     - accept-encoding: gzip,deflate,br

	at com.microsoft.playwright.impl.WaitableResult.get(WaitableResult.java:56)
	at com.microsoft.playwright.impl.ChannelOwner.runUntil(ChannelOwner.java:132)
	at com.microsoft.playwright.impl.Connection.sendMessage(Connection.java:130)
	at com.microsoft.playwright.impl.ChannelOwner.sendMessage(ChannelOwner.java:118)
	at com.microsoft.playwright.impl.APIRequestContextImpl.fetchImpl(APIRequestContextImpl.java:156)
	at com.microsoft.playwright.impl.APIRequestContextImpl.lambda$fetch$1(APIRequestContextImpl.java:68)
	at com.microsoft.playwright.impl.LoggingSupport.withLogging(LoggingSupport.java:47)
	at com.microsoft.playwright.impl.ChannelOwner.withLogging(ChannelOwner.java:97)
	at com.microsoft.playwright.impl.APIRequestContextImpl.fetch(APIRequestContextImpl.java:68)
	at com.microsoft.playwright.impl.APIRequestContextImpl.get(APIRequestContextImpl.java:197)
	at com.microsoft.playwright.APIRequestContext.get(APIRequestContext.java:281)
	at base.RealServiceTestBase.readNode2(RealServiceTestBase.java:373)
	at tests.ReadDataServiceTest.testReadNode2(ReadDataServiceTest.java:99)
	at java.base/jdk.internal.reflect.NativeMethodAccessorImpl.invoke0(Native Method)
	at java.base/jdk.internal.reflect.NativeMethodAccessorImpl.invoke(NativeMethodAccessorImpl.java:77)
	at java.base/jdk.internal.reflect.DelegatingMethodAccessorImpl.invoke(DelegatingMethodAccessorImpl.java:43)
	at java.base/java.lang.reflect.Method.invoke(Method.java:568)
	at org.testng.internal.MethodInvocationHelper.invokeMethod(MethodInvocationHelper.java:133)
	at org.testng.internal.TestInvoker.invokeMethod(TestInvoker.java:598)
	at org.testng.internal.TestInvoker.invokeTestMethod(TestInvoker.java:173)
	at org.testng.internal.MethodRunner.runInSequence(MethodRunner.java:46)
	at org.testng.internal.TestInvoker$MethodInvocationAgent.invoke(TestInvoker.java:824)
	at org.testng.internal.TestInvoker.invokeTestMethods(TestInvoker.java:146)
	at org.testng.internal.TestMethodWorker.invokeTestMethods(TestMethodWorker.java:146)
	at org.testng.internal.TestMethodWorker.run(TestMethodWorker.java:128)
	at java.base/java.util.ArrayList.forEach(ArrayList.java:1511)
	at org.testng.TestRunner.privateRun(TestRunner.java:794)
	at org.testng.TestRunner.run(TestRunner.java:596)
	at org.testng.SuiteRunner.runTest(SuiteRunner.java:377)
	at org.testng.SuiteRunner.access$000(SuiteRunner.java:28)
	at org.testng.SuiteRunner$SuiteWorker.run(SuiteRunner.java:418)
	at org.testng.internal.thread.ThreadUtil.lambda$execute$0(ThreadUtil.java:64)
	at java.base/java.util.concurrent.FutureTask.run(FutureTask.java:264)
	at java.base/java.util.concurrent.ThreadPoolExecutor.runWorker(ThreadPoolExecutor.java:1136)
	at java.base/java.util.concurrent.ThreadPoolExecutor$Worker.run(ThreadPoolExecutor.java:635)
	at java.base/java.lang.Thread.run(Thread.java:833)
Caused by: com.microsoft.playwright.impl.DriverException: Error {
  message=&apos;connect ECONNREFUSED ::1:8085
  name=&apos;Error
  stack=&apos;Error: connect ECONNREFUSED ::1:8085
    at TCPConnectWrap.afterConnect [as oncomplete] (node:net:1610:16)
}
Call log:
-   - → GET http://localhost:8085/read/api/read/read-node2?nodeId=MCOM
-     - user-agent: Playwright/1.49.0 (x64; windows 10.0) java/17
-     - accept: */*
-     - accept-encoding: gzip,deflate,br

	at com.microsoft.playwright.impl.Connection.dispatch(Connection.java:259)
	at com.microsoft.playwright.impl.Connection.processOneMessage(Connection.java:211)
	at com.microsoft.playwright.impl.ChannelOwner.runUntil(ChannelOwner.java:130)
	... 34 more
</pre></div></td>
<td>0</td>
<td>tests.ReadDataServiceTest@4204541c</td></tr>
<tr>
<td title='tests.ReadDataServiceTest.testReadNode()'><b>testReadNode</b><br>Test class: tests.ReadDataServiceTest<br>Test method: Test read node endpoint</td>
<td><div><pre>com.microsoft.playwright.PlaywrightException: Error {
  message=&apos;socket hang up
  name=&apos;Error
  stack=&apos;Error: socket hang up
    at Socket.socketOnEnd (node:_http_client:530:25)
    at Socket.emit (node:events:530:35)
    at endReadableNT (node:internal/streams/readable:1698:12)
    at process.processTicksAndRejections (node:internal/process/task_queues:90:21)
}
Call log:
-   - → GET http://localhost:8085/read/api/read/read-node?nodeId=ns=3;s=DataBlocksGlobal
-     - user-agent: Playwright/1.49.0 (x64; windows 10.0) java/17
-     - accept: */*
-     - accept-encoding: gzip,deflate,br

	at com.microsoft.playwright.impl.WaitableResult.get(WaitableResult.java:56)
	at com.microsoft.playwright.impl.ChannelOwner.runUntil(ChannelOwner.java:132)
	at com.microsoft.playwright.impl.Connection.sendMessage(Connection.java:130)
	at com.microsoft.playwright.impl.ChannelOwner.sendMessage(ChannelOwner.java:118)
	at com.microsoft.playwright.impl.APIRequestContextImpl.fetchImpl(APIRequestContextImpl.java:156)
	at com.microsoft.playwright.impl.APIRequestContextImpl.lambda$fetch$1(APIRequestContextImpl.java:68)
	at com.microsoft.playwright.impl.LoggingSupport.withLogging(LoggingSupport.java:47)
	at com.microsoft.playwright.impl.ChannelOwner.withLogging(ChannelOwner.java:97)
	at com.microsoft.playwright.impl.APIRequestContextImpl.fetch(APIRequestContextImpl.java:68)
	at com.microsoft.playwright.impl.APIRequestContextImpl.get(APIRequestContextImpl.java:197)
	at com.microsoft.playwright.APIRequestContext.get(APIRequestContext.java:281)
	at base.RealServiceTestBase.readNode(RealServiceTestBase.java:365)
	at tests.ReadDataServiceTest.testReadNode(ReadDataServiceTest.java:87)
	at java.base/java.util.ArrayList.forEach(ArrayList.java:1511)
	at java.base/java.util.concurrent.FutureTask.run(FutureTask.java:264)
	at java.base/java.util.concurrent.ThreadPoolExecutor.runWorker(ThreadPoolExecutor.java:1136)
	at java.base/java.util.concurrent.ThreadPoolExecutor$Worker.run(ThreadPoolExecutor.java:635)
	at java.base/java.lang.Thread.run(Thread.java:833)
Caused by: com.microsoft.playwright.impl.DriverException: Error {
  message=&apos;socket hang up
  name=&apos;Error
  stack=&apos;Error: socket hang up
    at Socket.socketOnEnd (node:_http_client:530:25)
    at Socket.emit (node:events:530:35)
    at endReadableNT (node:internal/streams/readable:1698:12)
    at process.processTicksAndRejections (node:internal/process/task_queues:90:21)
}
Call log:
-   - → GET http://localhost:8085/read/api/read/read-node?nodeId=ns=3;s=DataBlocksGlobal
-     - user-agent: Playwright/1.49.0 (x64; windows 10.0) java/17
-     - accept: */*
-     - accept-encoding: gzip,deflate,br

	at com.microsoft.playwright.impl.Connection.dispatch(Connection.java:259)
	at com.microsoft.playwright.impl.Connection.processOneMessage(Connection.java:211)
	at com.microsoft.playwright.impl.ChannelOwner.runUntil(ChannelOwner.java:130)
	... 34 more
... Removed 18 stack frames</pre></div><a href='#' onClick='toggleBox("stack-trace1197088903", this, "Click to show all stack frames", "Click to hide stack frames")'>Click to show all stack frames</a>
<div class='stack-trace' id='stack-trace1197088903'><pre>com.microsoft.playwright.PlaywrightException: Error {
  message=&apos;socket hang up
  name=&apos;Error
  stack=&apos;Error: socket hang up
    at Socket.socketOnEnd (node:_http_client:530:25)
    at Socket.emit (node:events:530:35)
    at endReadableNT (node:internal/streams/readable:1698:12)
    at process.processTicksAndRejections (node:internal/process/task_queues:90:21)
}
Call log:
-   - → GET http://localhost:8085/read/api/read/read-node?nodeId=ns=3;s=DataBlocksGlobal
-     - user-agent: Playwright/1.49.0 (x64; windows 10.0) java/17
-     - accept: */*
-     - accept-encoding: gzip,deflate,br

	at com.microsoft.playwright.impl.WaitableResult.get(WaitableResult.java:56)
	at com.microsoft.playwright.impl.ChannelOwner.runUntil(ChannelOwner.java:132)
	at com.microsoft.playwright.impl.Connection.sendMessage(Connection.java:130)
	at com.microsoft.playwright.impl.ChannelOwner.sendMessage(ChannelOwner.java:118)
	at com.microsoft.playwright.impl.APIRequestContextImpl.fetchImpl(APIRequestContextImpl.java:156)
	at com.microsoft.playwright.impl.APIRequestContextImpl.lambda$fetch$1(APIRequestContextImpl.java:68)
	at com.microsoft.playwright.impl.LoggingSupport.withLogging(LoggingSupport.java:47)
	at com.microsoft.playwright.impl.ChannelOwner.withLogging(ChannelOwner.java:97)
	at com.microsoft.playwright.impl.APIRequestContextImpl.fetch(APIRequestContextImpl.java:68)
	at com.microsoft.playwright.impl.APIRequestContextImpl.get(APIRequestContextImpl.java:197)
	at com.microsoft.playwright.APIRequestContext.get(APIRequestContext.java:281)
	at base.RealServiceTestBase.readNode(RealServiceTestBase.java:365)
	at tests.ReadDataServiceTest.testReadNode(ReadDataServiceTest.java:87)
	at java.base/jdk.internal.reflect.NativeMethodAccessorImpl.invoke0(Native Method)
	at java.base/jdk.internal.reflect.NativeMethodAccessorImpl.invoke(NativeMethodAccessorImpl.java:77)
	at java.base/jdk.internal.reflect.DelegatingMethodAccessorImpl.invoke(DelegatingMethodAccessorImpl.java:43)
	at java.base/java.lang.reflect.Method.invoke(Method.java:568)
	at org.testng.internal.MethodInvocationHelper.invokeMethod(MethodInvocationHelper.java:133)
	at org.testng.internal.TestInvoker.invokeMethod(TestInvoker.java:598)
	at org.testng.internal.TestInvoker.invokeTestMethod(TestInvoker.java:173)
	at org.testng.internal.MethodRunner.runInSequence(MethodRunner.java:46)
	at org.testng.internal.TestInvoker$MethodInvocationAgent.invoke(TestInvoker.java:824)
	at org.testng.internal.TestInvoker.invokeTestMethods(TestInvoker.java:146)
	at org.testng.internal.TestMethodWorker.invokeTestMethods(TestMethodWorker.java:146)
	at org.testng.internal.TestMethodWorker.run(TestMethodWorker.java:128)
	at java.base/java.util.ArrayList.forEach(ArrayList.java:1511)
	at org.testng.TestRunner.privateRun(TestRunner.java:794)
	at org.testng.TestRunner.run(TestRunner.java:596)
	at org.testng.SuiteRunner.runTest(SuiteRunner.java:377)
	at org.testng.SuiteRunner.access$000(SuiteRunner.java:28)
	at org.testng.SuiteRunner$SuiteWorker.run(SuiteRunner.java:418)
	at org.testng.internal.thread.ThreadUtil.lambda$execute$0(ThreadUtil.java:64)
	at java.base/java.util.concurrent.FutureTask.run(FutureTask.java:264)
	at java.base/java.util.concurrent.ThreadPoolExecutor.runWorker(ThreadPoolExecutor.java:1136)
	at java.base/java.util.concurrent.ThreadPoolExecutor$Worker.run(ThreadPoolExecutor.java:635)
	at java.base/java.lang.Thread.run(Thread.java:833)
Caused by: com.microsoft.playwright.impl.DriverException: Error {
  message=&apos;socket hang up
  name=&apos;Error
  stack=&apos;Error: socket hang up
    at Socket.socketOnEnd (node:_http_client:530:25)
    at Socket.emit (node:events:530:35)
    at endReadableNT (node:internal/streams/readable:1698:12)
    at process.processTicksAndRejections (node:internal/process/task_queues:90:21)
}
Call log:
-   - → GET http://localhost:8085/read/api/read/read-node?nodeId=ns=3;s=DataBlocksGlobal
-     - user-agent: Playwright/1.49.0 (x64; windows 10.0) java/17
-     - accept: */*
-     - accept-encoding: gzip,deflate,br

	at com.microsoft.playwright.impl.Connection.dispatch(Connection.java:259)
	at com.microsoft.playwright.impl.Connection.processOneMessage(Connection.java:211)
	at com.microsoft.playwright.impl.ChannelOwner.runUntil(ChannelOwner.java:130)
	... 34 more
</pre></div></td>
<td>0</td>
<td>tests.ReadDataServiceTest@4204541c</td></tr>
</table><p>
<table width='100%' border='1' class='invocation-passed'>
<tr><td colspan='4' align='center'><b>PASSED TESTS</b></td></tr>
<tr><td><b>Test method</b></td>
<td width="30%"><b>Exception</b></td>
<td width="10%"><b>Time (seconds)</b></td>
<td><b>Instance</b></td>
</tr>
<tr>
<td title='tests.ReadDataServiceTest.testReadValueWithDifferentNodes()'><b>testReadValueWithDifferentNodes</b><br>Test class: tests.ReadDataServiceTest<br>Test method: Test read value with different node IDs<br>Parameters: ns=3;s="PLC_To_WMS", PLC to WMS communication node</td>
<td></td>
<td>0</td>
<td>tests.ReadDataServiceTest@4204541c</td></tr>
<tr>
<td title='tests.ReadDataServiceTest.testReadDataPerformance()'><b>testReadDataPerformance</b><br>Test class: tests.ReadDataServiceTest<br>Test method: Test read data performance under load</td>
<td></td>
<td>0</td>
<td>tests.ReadDataServiceTest@4204541c</td></tr>
<tr>
<td title='tests.ReadDataServiceTest.testSubscribeToData()'><b>testSubscribeToData</b><br>Test class: tests.ReadDataServiceTest<br>Test method: Test subscribe to data endpoint</td>
<td></td>
<td>0</td>
<td>tests.ReadDataServiceTest@4204541c</td></tr>
<tr>
<td title='tests.ReadDataServiceTest.testReadDataServiceHealth()'><b>testReadDataServiceHealth</b><br>Test class: tests.ReadDataServiceTest<br>Test method: Test read data service health</td>
<td></td>
<td>0</td>
<td>tests.ReadDataServiceTest@4204541c</td></tr>
<tr>
<td title='tests.ReadDataServiceTest.testReadValueWithDifferentNodes()'><b>testReadValueWithDifferentNodes</b><br>Test class: tests.ReadDataServiceTest<br>Test method: Test read value with different node IDs<br>Parameters: ns=0;i=2253, Numeric node ID</td>
<td></td>
<td>0</td>
<td>tests.ReadDataServiceTest@4204541c</td></tr>
<tr>
<td title='tests.ReadDataServiceTest.testReadValueWithDifferentNodes()'><b>testReadValueWithDifferentNodes</b><br>Test class: tests.ReadDataServiceTest<br>Test method: Test read value with different node IDs<br>Parameters: ns=2;i=5001, Another numeric node ID</td>
<td></td>
<td>0</td>
<td>tests.ReadDataServiceTest@4204541c</td></tr>
<tr>
<td title='tests.ReadDataServiceTest.testReadValueWithDifferentNodes()'><b>testReadValueWithDifferentNodes</b><br>Test class: tests.ReadDataServiceTest<br>Test method: Test read value with different node IDs<br>Parameters: ns=3;s=DataBlocksGlobal, Global data blocks node</td>
<td></td>
<td>0</td>
<td>tests.ReadDataServiceTest@4204541c</td></tr>
<tr>
<td title='tests.ReadDataServiceTest.testBrowseTagsWithDefaultNode()'><b>testBrowseTagsWithDefaultNode</b><br>Test class: tests.ReadDataServiceTest<br>Test method: Test browse tags with default node</td>
<td></td>
<td>0</td>
<td>tests.ReadDataServiceTest@4204541c</td></tr>
<tr>
<td title='tests.ReadDataServiceTest.testReadValue()'><b>testReadValue</b><br>Test class: tests.ReadDataServiceTest<br>Test method: Test read value endpoint</td>
<td></td>
<td>0</td>
<td>tests.ReadDataServiceTest@4204541c</td></tr>
<tr>
<td title='tests.ReadDataServiceTest.testReadValueWithDifferentNodes()'><b>testReadValueWithDifferentNodes</b><br>Test class: tests.ReadDataServiceTest<br>Test method: Test read value with different node IDs<br>Parameters: ns=3;s="WMS_To_PLC", WMS to PLC communication node</td>
<td></td>
<td>0</td>
<td>tests.ReadDataServiceTest@4204541c</td></tr>
<tr>
<td title='tests.ReadDataServiceTest.testReadValueWithDifferentNodes()'><b>testReadValueWithDifferentNodes</b><br>Test class: tests.ReadDataServiceTest<br>Test method: Test read value with different node IDs<br>Parameters: MCOM, Communication node</td>
<td></td>
<td>0</td>
<td>tests.ReadDataServiceTest@4204541c</td></tr>
<tr>
<td title='tests.ReadDataServiceTest.testBrowseTags()'><b>testBrowseTags</b><br>Test class: tests.ReadDataServiceTest<br>Test method: Test browse tags endpoint</td>
<td></td>
<td>0</td>
<td>tests.ReadDataServiceTest@4204541c</td></tr>
<tr>
<td title='tests.ReadDataServiceTest.testConcurrentReadOperations()'><b>testConcurrentReadOperations</b><br>Test class: tests.ReadDataServiceTest<br>Test method: Test concurrent read operations</td>
<td></td>
<td>0</td>
<td>tests.ReadDataServiceTest@4204541c</td></tr>
</table><p>
</body>
</html>