<?xml version="1.0" encoding="UTF-8"?>
<!-- Generated by org.testng.reporters.JUnitXMLReporter -->
<testsuite ignored="0" hostname="Akshay-Udhane" failures="14" tests="17" name="Read Data Service Tests" time="66.106" errors="0" timestamp="2025-10-07T11:02:59 IST">
  <testcase classname="tests.ReadDataServiceTest" name="testBrowseTags" time="11.963">
    <failure type="java.lang.AssertionError" message="Expected status 200 but got 503 expected [200] but found [503]">
      <![CDATA[java.lang.AssertionError: Expected status 200 but got 503 expected [200] but found [503]
at base.RealServiceTestBase.verifyResponseStatus(RealServiceTestBase.java:132)
at tests.ReadDataServiceTest.testBrowseTags(ReadDataServiceTest.java:27)
at java.base/java.util.ArrayList.forEach(ArrayList.java:1511)
at java.base/java.util.concurrent.FutureTask.run(FutureTask.java:264)
at java.base/java.util.concurrent.ThreadPoolExecutor.runWorker(ThreadPoolExecutor.java:1136)
at java.base/java.util.concurrent.ThreadPoolExecutor$Worker.run(ThreadPoolExecutor.java:635)
at java.base/java.lang.Thread.run(Thread.java:833)
... Removed 23 stack frames]]>
    </failure>
  </testcase> <!-- testBrowseTags -->
  <testcase classname="tests.ReadDataServiceTest" name="testBrowseTagsWithDefaultNode" time="0.011">
    <failure type="java.lang.AssertionError" message="Expected status 200 but got 503 expected [200] but found [503]">
      <![CDATA[java.lang.AssertionError: Expected status 200 but got 503 expected [200] but found [503]
at base.RealServiceTestBase.verifyResponseStatus(RealServiceTestBase.java:132)
at tests.ReadDataServiceTest.testBrowseTagsWithDefaultNode(ReadDataServiceTest.java:38)
at java.base/java.util.ArrayList.forEach(ArrayList.java:1511)
at java.base/java.util.concurrent.FutureTask.run(FutureTask.java:264)
at java.base/java.util.concurrent.ThreadPoolExecutor.runWorker(ThreadPoolExecutor.java:1136)
at java.base/java.util.concurrent.ThreadPoolExecutor$Worker.run(ThreadPoolExecutor.java:635)
at java.base/java.lang.Thread.run(Thread.java:833)
... Removed 23 stack frames]]>
    </failure>
  </testcase> <!-- testBrowseTagsWithDefaultNode -->
  <testcase classname="tests.ReadDataServiceTest" name="testConcurrentReadOperations" time="0.04">
    <failure type="java.lang.AssertionError" message="At least 80% of concurrent operations should succeed expected [true] but found [false]">
      <![CDATA[java.lang.AssertionError: At least 80% of concurrent operations should succeed expected [true] but found [false]
at tests.ReadDataServiceTest.testConcurrentReadOperations(ReadDataServiceTest.java:184)
at java.base/java.util.ArrayList.forEach(ArrayList.java:1511)
at java.base/java.util.concurrent.FutureTask.run(FutureTask.java:264)
at java.base/java.util.concurrent.ThreadPoolExecutor.runWorker(ThreadPoolExecutor.java:1136)
at java.base/java.util.concurrent.ThreadPoolExecutor$Worker.run(ThreadPoolExecutor.java:635)
at java.base/java.lang.Thread.run(Thread.java:833)
... Removed 21 stack frames]]>
    </failure>
  </testcase> <!-- testConcurrentReadOperations -->
  <testcase classname="tests.ReadDataServiceTest" name="testReadDataErrorHandling" time="0.014"/>
  <testcase classname="tests.ReadDataServiceTest" name="testReadDataPerformance" time="0.013"/>
  <testcase classname="tests.ReadDataServiceTest" name="testReadDataServiceHealth" time="0.01">
    <failure type="java.lang.AssertionError" message="Read Data service should be healthy expected [true] but found [false]">
      <![CDATA[java.lang.AssertionError: Read Data service should be healthy expected [true] but found [false]
at tests.ReadDataServiceTest.testReadDataServiceHealth(ReadDataServiceTest.java:123)
at java.base/java.util.ArrayList.forEach(ArrayList.java:1511)
at java.base/java.util.concurrent.FutureTask.run(FutureTask.java:264)
at java.base/java.util.concurrent.ThreadPoolExecutor.runWorker(ThreadPoolExecutor.java:1136)
at java.base/java.util.concurrent.ThreadPoolExecutor$Worker.run(ThreadPoolExecutor.java:635)
at java.base/java.lang.Thread.run(Thread.java:833)
... Removed 21 stack frames]]>
    </failure>
  </testcase> <!-- testReadDataServiceHealth -->
  <testcase classname="tests.ReadDataServiceTest" name="testReadNode" time="10.927">
    <failure type="java.lang.AssertionError" message="Expected status 200 but got 404 expected [200] but found [404]">
      <![CDATA[java.lang.AssertionError: Expected status 200 but got 404 expected [200] but found [404]
at base.RealServiceTestBase.verifyResponseStatus(RealServiceTestBase.java:132)
at tests.ReadDataServiceTest.testReadNode(ReadDataServiceTest.java:89)
at java.base/java.util.ArrayList.forEach(ArrayList.java:1511)
at java.base/java.util.concurrent.FutureTask.run(FutureTask.java:264)
at java.base/java.util.concurrent.ThreadPoolExecutor.runWorker(ThreadPoolExecutor.java:1136)
at java.base/java.util.concurrent.ThreadPoolExecutor$Worker.run(ThreadPoolExecutor.java:635)
at java.base/java.lang.Thread.run(Thread.java:833)
... Removed 23 stack frames]]>
    </failure>
  </testcase> <!-- testReadNode -->
  <testcase classname="tests.ReadDataServiceTest" name="testReadNode2" time="0.008">
    <failure type="java.lang.AssertionError" message="Expected status 200 but got 503 expected [200] but found [503]">
      <![CDATA[java.lang.AssertionError: Expected status 200 but got 503 expected [200] but found [503]
at base.RealServiceTestBase.verifyResponseStatus(RealServiceTestBase.java:132)
at tests.ReadDataServiceTest.testReadNode2(ReadDataServiceTest.java:101)
at java.base/java.util.ArrayList.forEach(ArrayList.java:1511)
at java.base/java.util.concurrent.FutureTask.run(FutureTask.java:264)
at java.base/java.util.concurrent.ThreadPoolExecutor.runWorker(ThreadPoolExecutor.java:1136)
at java.base/java.util.concurrent.ThreadPoolExecutor$Worker.run(ThreadPoolExecutor.java:635)
at java.base/java.lang.Thread.run(Thread.java:833)
... Removed 23 stack frames]]>
    </failure>
  </testcase> <!-- testReadNode2 -->
  <testcase classname="tests.ReadDataServiceTest" name="testReadTagValuesSimplified" time="10.074"/>
  <testcase classname="tests.ReadDataServiceTest" name="testReadValue" time="0.008">
    <failure type="java.lang.AssertionError" message="Expected status 200 but got 503 expected [200] but found [503]">
      <![CDATA[java.lang.AssertionError: Expected status 200 but got 503 expected [200] but found [503]
at base.RealServiceTestBase.verifyResponseStatus(RealServiceTestBase.java:132)
at tests.ReadDataServiceTest.testReadValue(ReadDataServiceTest.java:50)
at java.base/java.util.ArrayList.forEach(ArrayList.java:1511)
at java.base/java.util.concurrent.FutureTask.run(FutureTask.java:264)
at java.base/java.util.concurrent.ThreadPoolExecutor.runWorker(ThreadPoolExecutor.java:1136)
at java.base/java.util.concurrent.ThreadPoolExecutor$Worker.run(ThreadPoolExecutor.java:635)
at java.base/java.lang.Thread.run(Thread.java:833)
... Removed 23 stack frames]]>
    </failure>
  </testcase> <!-- testReadValue -->
  <testcase classname="tests.ReadDataServiceTest" name="testReadValueWithDifferentNodes" time="0.009">
    <failure type="java.lang.AssertionError" message="Should get valid response for node: ns=3;s=&amp;quot;PLC_To_WMS&amp;quot; expected [true] but found [false]">
      <![CDATA[java.lang.AssertionError: Should get valid response for node: ns=3;s="PLC_To_WMS" expected [true] but found [false]
at tests.ReadDataServiceTest.testReadValueWithDifferentNodes(ReadDataServiceTest.java:62)
at java.base/java.util.ArrayList.forEach(ArrayList.java:1511)
at java.base/java.util.concurrent.FutureTask.run(FutureTask.java:264)
at java.base/java.util.concurrent.ThreadPoolExecutor.runWorker(ThreadPoolExecutor.java:1136)
at java.base/java.util.concurrent.ThreadPoolExecutor$Worker.run(ThreadPoolExecutor.java:635)
at java.base/java.lang.Thread.run(Thread.java:833)
... Removed 21 stack frames]]>
    </failure>
  </testcase> <!-- testReadValueWithDifferentNodes -->
  <testcase classname="tests.ReadDataServiceTest" name="testReadValueWithDifferentNodes" time="0.011">
    <failure type="java.lang.AssertionError" message="Should get valid response for node: ns=3;s=&amp;quot;WMS_To_PLC&amp;quot; expected [true] but found [false]">
      <![CDATA[java.lang.AssertionError: Should get valid response for node: ns=3;s="WMS_To_PLC" expected [true] but found [false]
at tests.ReadDataServiceTest.testReadValueWithDifferentNodes(ReadDataServiceTest.java:62)
at java.base/java.util.ArrayList.forEach(ArrayList.java:1511)
at java.base/java.util.concurrent.FutureTask.run(FutureTask.java:264)
at java.base/java.util.concurrent.ThreadPoolExecutor.runWorker(ThreadPoolExecutor.java:1136)
at java.base/java.util.concurrent.ThreadPoolExecutor$Worker.run(ThreadPoolExecutor.java:635)
at java.base/java.lang.Thread.run(Thread.java:833)
... Removed 21 stack frames]]>
    </failure>
  </testcase> <!-- testReadValueWithDifferentNodes -->
  <testcase classname="tests.ReadDataServiceTest" name="testReadValueWithDifferentNodes" time="0.009">
    <failure type="java.lang.AssertionError" message="Should get valid response for node: ns=3;s=DataBlocksGlobal expected [true] but found [false]">
      <![CDATA[java.lang.AssertionError: Should get valid response for node: ns=3;s=DataBlocksGlobal expected [true] but found [false]
at tests.ReadDataServiceTest.testReadValueWithDifferentNodes(ReadDataServiceTest.java:62)
at java.base/java.util.ArrayList.forEach(ArrayList.java:1511)
at java.base/java.util.concurrent.FutureTask.run(FutureTask.java:264)
at java.base/java.util.concurrent.ThreadPoolExecutor.runWorker(ThreadPoolExecutor.java:1136)
at java.base/java.util.concurrent.ThreadPoolExecutor$Worker.run(ThreadPoolExecutor.java:635)
at java.base/java.lang.Thread.run(Thread.java:833)
... Removed 21 stack frames]]>
    </failure>
  </testcase> <!-- testReadValueWithDifferentNodes -->
  <testcase classname="tests.ReadDataServiceTest" name="testReadValueWithDifferentNodes" time="0.008">
    <failure type="java.lang.AssertionError" message="Should get valid response for node: ns=0;i=2253 expected [true] but found [false]">
      <![CDATA[java.lang.AssertionError: Should get valid response for node: ns=0;i=2253 expected [true] but found [false]
at tests.ReadDataServiceTest.testReadValueWithDifferentNodes(ReadDataServiceTest.java:62)
at java.base/java.util.ArrayList.forEach(ArrayList.java:1511)
at java.base/java.util.concurrent.FutureTask.run(FutureTask.java:264)
at java.base/java.util.concurrent.ThreadPoolExecutor.runWorker(ThreadPoolExecutor.java:1136)
at java.base/java.util.concurrent.ThreadPoolExecutor$Worker.run(ThreadPoolExecutor.java:635)
at java.base/java.lang.Thread.run(Thread.java:833)
... Removed 21 stack frames]]>
    </failure>
  </testcase> <!-- testReadValueWithDifferentNodes -->
  <testcase classname="tests.ReadDataServiceTest" name="testReadValueWithDifferentNodes" time="0.007">
    <failure type="java.lang.AssertionError" message="Should get valid response for node: ns=2;i=5001 expected [true] but found [false]">
      <![CDATA[java.lang.AssertionError: Should get valid response for node: ns=2;i=5001 expected [true] but found [false]
at tests.ReadDataServiceTest.testReadValueWithDifferentNodes(ReadDataServiceTest.java:62)
at java.base/java.util.ArrayList.forEach(ArrayList.java:1511)
at java.base/java.util.concurrent.FutureTask.run(FutureTask.java:264)
at java.base/java.util.concurrent.ThreadPoolExecutor.runWorker(ThreadPoolExecutor.java:1136)
at java.base/java.util.concurrent.ThreadPoolExecutor$Worker.run(ThreadPoolExecutor.java:635)
at java.base/java.lang.Thread.run(Thread.java:833)
... Removed 21 stack frames]]>
    </failure>
  </testcase> <!-- testReadValueWithDifferentNodes -->
  <testcase classname="tests.ReadDataServiceTest" name="testReadValueWithDifferentNodes" time="0.008">
    <failure type="java.lang.AssertionError" message="Should get valid response for node: MCOM expected [true] but found [false]">
      <![CDATA[java.lang.AssertionError: Should get valid response for node: MCOM expected [true] but found [false]
at tests.ReadDataServiceTest.testReadValueWithDifferentNodes(ReadDataServiceTest.java:62)
at java.base/java.util.ArrayList.forEach(ArrayList.java:1511)
at java.base/java.util.concurrent.FutureTask.run(FutureTask.java:264)
at java.base/java.util.concurrent.ThreadPoolExecutor.runWorker(ThreadPoolExecutor.java:1136)
at java.base/java.util.concurrent.ThreadPoolExecutor$Worker.run(ThreadPoolExecutor.java:635)
at java.base/java.lang.Thread.run(Thread.java:833)
... Removed 21 stack frames]]>
    </failure>
  </testcase> <!-- testReadValueWithDifferentNodes -->
  <testcase classname="tests.ReadDataServiceTest" name="testSubscribeToData" time="0.008">
    <failure type="java.lang.AssertionError" message="Expected status 200 but got 503 expected [200] but found [503]">
      <![CDATA[java.lang.AssertionError: Expected status 200 but got 503 expected [200] but found [503]
at base.RealServiceTestBase.verifyResponseStatus(RealServiceTestBase.java:132)
at tests.ReadDataServiceTest.testSubscribeToData(ReadDataServiceTest.java:77)
at java.base/java.util.ArrayList.forEach(ArrayList.java:1511)
at java.base/java.util.concurrent.FutureTask.run(FutureTask.java:264)
at java.base/java.util.concurrent.ThreadPoolExecutor.runWorker(ThreadPoolExecutor.java:1136)
at java.base/java.util.concurrent.ThreadPoolExecutor$Worker.run(ThreadPoolExecutor.java:635)
at java.base/java.lang.Thread.run(Thread.java:833)
... Removed 23 stack frames]]>
    </failure>
  </testcase> <!-- testSubscribeToData -->
</testsuite> <!-- Read Data Service Tests -->
