<?xml version="1.0" encoding="UTF-8"?>
<testsuite xmlns:xsi="http://www.w3.org/2001/XMLSchema-instance" xsi:noNamespaceSchemaLocation="https://maven.apache.org/surefire/maven-surefire-plugin/xsd/surefire-test-report-3.0.xsd" version="3.0" name="tests.ApiTestExecutor" time="9.9" tests="13" errors="0" skipped="0" failures="0">
  <properties>
[...]
</properties>
  <testcase name="testBrowseTags" classname="tests.ApiTestExecutor" time="0.129">
    <system-out><![CDATA[Loaded comprehensive test configuration
Starting unified mock server...
14:41:35.611 [main] WARN  o.s.b.a.g.t.GroovyTemplateAutoConfiguration - Cannot find template location: classpath:/templates/ (please add some templates, check your Groovy configuration, or set spring.groovy.template.check-template-location=false)
âœ… Unified mock server started successfully!
All services available on: http://localhost:8085
- Service Registry: http://localhost:8085/eureka
- OPC UA Service: http://localhost:8085/opcua
- Read Data Service: http://localhost:8085/read
- Kafka Service: http://localhost:8085/kafka
- Write Data Service: http://localhost:8085/write
API Context initialized with unified mock server on port 8085
ApiTestExecutor configured with base URL: http://localhost:8085
Browse tags: {"startingNode":"ns=3;s=\"WMS TO PLC\"","status":"success","tags":[{"name":"PLC_To_WMS","type":"String","nodeId":"ns=3;s=\"PLC_To_WMS\""},{"name":"WMS_To_PLC","type":"String","nodeId":"ns=3;s=\"WMS_To_PLC\""},{"name":"DataBlocksGlobal","type":"Object","nodeId":"ns=3;s=DataBlocksGlobal"}],"timestamp":1760087497909}
]]></system-out>
    <system-err><![CDATA[SLF4J: Class path contains multiple SLF4J bindings.
SLF4J: Found binding in [jar:file:/C:/Users/akshayu/.m2/repository/ch/qos/logback/logback-classic/1.2.12/logback-classic-1.2.12.jar!/org/slf4j/impl/StaticLoggerBinder.class]
SLF4J: Found binding in [jar:file:/C:/Users/akshayu/.m2/repository/org/apache/logging/log4j/log4j-slf4j-impl/2.20.0/log4j-slf4j-impl-2.20.0.jar!/org/slf4j/impl/StaticLoggerBinder.class]
SLF4J: See http://www.slf4j.org/codes.html#multiple_bindings for an explanation.
SLF4J: Actual binding is of type [ch.qos.logback.classic.util.ContextSelectorStaticBinder]
]]></system-err>
  </testcase>
  <testcase name="testConvertDataValue" classname="tests.ApiTestExecutor" time="0.006">
    <system-out><![CDATA[ConvertDataValue: {"originalValue":"100","convertedValue":"converted-100","status":"success","timestamp":1760087497973}
]]></system-out>
  </testcase>
  <testcase name="testConvertValue" classname="tests.ApiTestExecutor" time="0.006">
    <system-out><![CDATA[ConvertValue: {"originalVariant":"42","convertedValue":"converted-42","status":"success","timestamp":1760087497979}
]]></system-out>
  </testcase>
  <testcase name="testKafkaHasChanged" classname="tests.ApiTestExecutor" time="0.022">
    <system-out><![CDATA[HasChanged result: {"current":{"a":2},"previous":{"a":1},"hasChanged":true,"status":"success","timestamp":1760087498000}
]]></system-out>
  </testcase>
  <testcase name="testKafkaProcessBrowseData" classname="tests.ApiTestExecutor" time="0.005"/>
  <testcase name="testOpcConnect" classname="tests.ApiTestExecutor" time="0.004"/>
  <testcase name="testOpcConnectionStatus" classname="tests.ApiTestExecutor" time="0.007">
    <system-out><![CDATA[Testing URL: /opcua/api/connection/status
Response status: 200
Response body: {"connectionId":"mock-connection-1760087498017","status":"Connected","timestamp":1760087498017}
]]></system-out>
  </testcase>
  <testcase name="testOpcInit" classname="tests.ApiTestExecutor" time="0.004"/>
  <testcase name="testReadNode" classname="tests.ApiTestExecutor" time="0.006">
    <system-out><![CDATA[Read node values: {"nodeId":"ns=3;s=DataBlocksGlobal","value":"mock-value-1760087498030","status":"success","timestamp":1760087498030,"quality":"GOOD"}
]]></system-out>
  </testcase>
  <testcase name="testReadNode2" classname="tests.ApiTestExecutor" time="0.006">
    <system-out><![CDATA[Read node2 values: {"nodeId":"MCOM","value":"mock-value-1760087498036","status":"success","timestamp":1760087498036,"quality":"GOOD"}
]]></system-out>
  </testcase>
  <testcase name="testReadValue" classname="tests.ApiTestExecutor" time="0.006">
    <system-out><![CDATA[Read value: {"nodeId":"ns=3;s=\"PLC_To_WMS\"","value":"mock-value-1760087498042","status":"success","timestamp":1760087498042,"quality":"GOOD"}
]]></system-out>
  </testcase>
  <testcase name="testSubscribeToData" classname="tests.ApiTestExecutor" time="0.004"/>
  <testcase name="testWriteNode" classname="tests.ApiTestExecutor" time="0.006">
    <system-out><![CDATA[Write node response: {"message":"Data written successfully","nodeId":"ns=3;s=DataBlocksGlobal","value":123,"status":"success","timestamp":1760087498053}
]]></system-out>
  </testcase>
</testsuite>