<?xml version="1.0" encoding="UTF-8"?>
<testng-results ignored="0" total="91" passed="67" failed="24" skipped="0">
  <reporter-output>
  </reporter-output>
  <suite started-at="2025-10-10T14:44:51 IST" name="Microservices API Test Suite" finished-at="2025-10-10T14:44:59 IST" duration-ms="8192">
    <groups>
    </groups>
    <test started-at="2025-10-10T14:44:51 IST" name="OPC UA Connection Service Tests" finished-at="2025-10-10T14:44:52 IST" duration-ms="1042">
      <class name="tests.OpUaConnectionServiceTest">
        <test-method is-config="true" signature="setUpRealServiceContext()[pri:0, instance:tests.OpUaConnectionServiceTest@7e242b4d]" started-at="2025-10-10T14:44:51 IST" name="setUpRealServiceContext" finished-at="2025-10-10T14:44:51 IST" duration-ms="452" status="PASS">
          <reporter-output>
          </reporter-output>
        </test-method> <!-- setUpRealServiceContext -->
        <test-method is-config="true" signature="setUpOpUaTests()[pri:0, instance:tests.OpUaConnectionServiceTest@7e242b4d]" started-at="2025-10-10T14:44:51 IST" name="setUpOpUaTests" finished-at="2025-10-10T14:44:51 IST" duration-ms="0" status="PASS">
          <reporter-output>
          </reporter-output>
        </test-method> <!-- setUpOpUaTests -->
        <test-method is-config="true" signature="setUpTest(org.testng.ITestResult)[pri:0, instance:tests.OpUaConnectionServiceTest@7e242b4d]" started-at="2025-10-10T14:44:51 IST" name="setUpTest" finished-at="2025-10-10T14:44:51 IST" duration-ms="3" status="PASS">
          <params>
            <param index="0">
              <value>
                <![CDATA[[TestResult name={null} status=CREATED method=OpUaConnectionServiceTest.testOpcUaConnectionConnect()[pri:0, instance:tests.OpUaConnectionServiceTest@7e242b4d] output={null}]]]>
              </value>
            </param>
          </params>
          <reporter-output>
          </reporter-output>
        </test-method> <!-- setUpTest -->
        <test-method signature="testOpcUaConnectionConnect()[pri:0, instance:tests.OpUaConnectionServiceTest@7e242b4d]" started-at="2025-10-10T14:44:51 IST" name="testOpcUaConnectionConnect" description="Test OPC UA connection establishment" finished-at="2025-10-10T14:44:51 IST" duration-ms="114" status="PASS">
          <reporter-output>
          </reporter-output>
        </test-method> <!-- testOpcUaConnectionConnect -->
        <test-method is-config="true" signature="tearDownTest(org.testng.ITestResult)[pri:0, instance:tests.OpUaConnectionServiceTest@7e242b4d]" started-at="2025-10-10T14:44:51 IST" name="tearDownTest" finished-at="2025-10-10T14:44:51 IST" duration-ms="0" status="PASS">
          <params>
            <param index="0">
              <value>
                <![CDATA[[TestResult name=testOpcUaConnectionConnect status=SUCCESS method=OpUaConnectionServiceTest.testOpcUaConnectionConnect()[pri:0, instance:tests.OpUaConnectionServiceTest@7e242b4d] output={null}]]]>
              </value>
            </param>
          </params>
          <reporter-output>
          </reporter-output>
        </test-method> <!-- tearDownTest -->
        <test-method is-config="true" signature="setUpTest(org.testng.ITestResult)[pri:0, instance:tests.OpUaConnectionServiceTest@7e242b4d]" started-at="2025-10-10T14:44:51 IST" name="setUpTest" finished-at="2025-10-10T14:44:51 IST" duration-ms="0" status="PASS">
          <params>
            <param index="0">
              <value>
                <![CDATA[[TestResult name={null} status=CREATED method=OpUaConnectionServiceTest.testOpcUaConnectionErrorHandling()[pri:0, instance:tests.OpUaConnectionServiceTest@7e242b4d] output={null}]]]>
              </value>
            </param>
          </params>
          <reporter-output>
          </reporter-output>
        </test-method> <!-- setUpTest -->
        <test-method signature="testOpcUaConnectionErrorHandling()[pri:0, instance:tests.OpUaConnectionServiceTest@7e242b4d]" started-at="2025-10-10T14:44:51 IST" name="testOpcUaConnectionErrorHandling" description="Test OPC UA connection error handling" finished-at="2025-10-10T14:44:51 IST" duration-ms="4" status="PASS">
          <reporter-output>
          </reporter-output>
        </test-method> <!-- testOpcUaConnectionErrorHandling -->
        <test-method is-config="true" signature="tearDownTest(org.testng.ITestResult)[pri:0, instance:tests.OpUaConnectionServiceTest@7e242b4d]" started-at="2025-10-10T14:44:51 IST" name="tearDownTest" finished-at="2025-10-10T14:44:51 IST" duration-ms="0" status="PASS">
          <params>
            <param index="0">
              <value>
                <![CDATA[[TestResult name=testOpcUaConnectionErrorHandling status=SUCCESS method=OpUaConnectionServiceTest.testOpcUaConnectionErrorHandling()[pri:0, instance:tests.OpUaConnectionServiceTest@7e242b4d] output={null}]]]>
              </value>
            </param>
          </params>
          <reporter-output>
          </reporter-output>
        </test-method> <!-- tearDownTest -->
        <test-method is-config="true" signature="setUpTest(org.testng.ITestResult)[pri:0, instance:tests.OpUaConnectionServiceTest@7e242b4d]" started-at="2025-10-10T14:44:51 IST" name="setUpTest" finished-at="2025-10-10T14:44:51 IST" duration-ms="0" status="PASS">
          <params>
            <param index="0">
              <value>
                <![CDATA[[TestResult name={null} status=CREATED method=OpUaConnectionServiceTest.testOpcUaConnectionInit()[pri:0, instance:tests.OpUaConnectionServiceTest@7e242b4d] output={null}]]]>
              </value>
            </param>
          </params>
          <reporter-output>
          </reporter-output>
        </test-method> <!-- setUpTest -->
        <test-method signature="testOpcUaConnectionInit()[pri:0, instance:tests.OpUaConnectionServiceTest@7e242b4d]" started-at="2025-10-10T14:44:51 IST" name="testOpcUaConnectionInit" description="Test OPC UA connection initialization" finished-at="2025-10-10T14:44:51 IST" duration-ms="4" status="PASS">
          <reporter-output>
          </reporter-output>
        </test-method> <!-- testOpcUaConnectionInit -->
        <test-method is-config="true" signature="tearDownTest(org.testng.ITestResult)[pri:0, instance:tests.OpUaConnectionServiceTest@7e242b4d]" started-at="2025-10-10T14:44:51 IST" name="tearDownTest" finished-at="2025-10-10T14:44:51 IST" duration-ms="0" status="PASS">
          <params>
            <param index="0">
              <value>
                <![CDATA[[TestResult name=testOpcUaConnectionInit status=SUCCESS method=OpUaConnectionServiceTest.testOpcUaConnectionInit()[pri:0, instance:tests.OpUaConnectionServiceTest@7e242b4d] output={null}]]]>
              </value>
            </param>
          </params>
          <reporter-output>
          </reporter-output>
        </test-method> <!-- tearDownTest -->
        <test-method is-config="true" signature="setUpTest(org.testng.ITestResult)[pri:0, instance:tests.OpUaConnectionServiceTest@7e242b4d]" started-at="2025-10-10T14:44:51 IST" name="setUpTest" finished-at="2025-10-10T14:44:51 IST" duration-ms="0" status="PASS">
          <params>
            <param index="0">
              <value>
                <![CDATA[[TestResult name={null} status=CREATED method=OpUaConnectionServiceTest.testOpcUaConnectionPerformance()[pri:0, instance:tests.OpUaConnectionServiceTest@7e242b4d] output={null}]]]>
              </value>
            </param>
          </params>
          <reporter-output>
          </reporter-output>
        </test-method> <!-- setUpTest -->
        <test-method signature="testOpcUaConnectionPerformance()[pri:0, instance:tests.OpUaConnectionServiceTest@7e242b4d]" started-at="2025-10-10T14:44:51 IST" name="testOpcUaConnectionPerformance" description="Test OPC UA connection performance" finished-at="2025-10-10T14:44:52 IST" duration-ms="3" status="PASS">
          <reporter-output>
          </reporter-output>
        </test-method> <!-- testOpcUaConnectionPerformance -->
        <test-method is-config="true" signature="tearDownTest(org.testng.ITestResult)[pri:0, instance:tests.OpUaConnectionServiceTest@7e242b4d]" started-at="2025-10-10T14:44:52 IST" name="tearDownTest" finished-at="2025-10-10T14:44:52 IST" duration-ms="1" status="PASS">
          <params>
            <param index="0">
              <value>
                <![CDATA[[TestResult name=testOpcUaConnectionPerformance status=SUCCESS method=OpUaConnectionServiceTest.testOpcUaConnectionPerformance()[pri:0, instance:tests.OpUaConnectionServiceTest@7e242b4d] output={null}]]]>
              </value>
            </param>
          </params>
          <reporter-output>
          </reporter-output>
        </test-method> <!-- tearDownTest -->
        <test-method signature="testOpcUaConnectionRetry()[pri:0, instance:tests.OpUaConnectionServiceTest@7e242b4d]" started-at="2025-10-10T14:44:52 IST" name="testOpcUaConnectionRetry" description="Test OPC UA connection retry mechanism" finished-at="2025-10-10T14:44:52 IST" duration-ms="4" status="PASS">
          <reporter-output>
          </reporter-output>
        </test-method> <!-- testOpcUaConnectionRetry -->
        <test-method is-config="true" signature="setUpTest(org.testng.ITestResult)[pri:0, instance:tests.OpUaConnectionServiceTest@7e242b4d]" started-at="2025-10-10T14:44:52 IST" name="setUpTest" finished-at="2025-10-10T14:44:52 IST" duration-ms="0" status="PASS">
          <params>
            <param index="0">
              <value>
                <![CDATA[[TestResult name={null} status=CREATED method=OpUaConnectionServiceTest.testOpcUaConnectionRetry()[pri:0, instance:tests.OpUaConnectionServiceTest@7e242b4d] output={null}]]]>
              </value>
            </param>
          </params>
          <reporter-output>
          </reporter-output>
        </test-method> <!-- setUpTest -->
        <test-method is-config="true" signature="tearDownTest(org.testng.ITestResult)[pri:0, instance:tests.OpUaConnectionServiceTest@7e242b4d]" started-at="2025-10-10T14:44:52 IST" name="tearDownTest" finished-at="2025-10-10T14:44:52 IST" duration-ms="0" status="PASS">
          <params>
            <param index="0">
              <value>
                <![CDATA[[TestResult name=testOpcUaConnectionRetry status=SUCCESS method=OpUaConnectionServiceTest.testOpcUaConnectionRetry()[pri:0, instance:tests.OpUaConnectionServiceTest@7e242b4d] output={null}]]]>
              </value>
            </param>
          </params>
          <reporter-output>
          </reporter-output>
        </test-method> <!-- tearDownTest -->
        <test-method is-config="true" signature="setUpTest(org.testng.ITestResult)[pri:0, instance:tests.OpUaConnectionServiceTest@7e242b4d]" started-at="2025-10-10T14:44:52 IST" name="setUpTest" finished-at="2025-10-10T14:44:52 IST" duration-ms="0" status="PASS">
          <params>
            <param index="0">
              <value>
                <![CDATA[[TestResult name={null} status=CREATED method=OpUaConnectionServiceTest.testOpcUaConnectionSequence()[pri:0, instance:tests.OpUaConnectionServiceTest@7e242b4d] output={null}]]]>
              </value>
            </param>
          </params>
          <reporter-output>
          </reporter-output>
        </test-method> <!-- setUpTest -->
        <test-method signature="testOpcUaConnectionSequence()[pri:0, instance:tests.OpUaConnectionServiceTest@7e242b4d]" started-at="2025-10-10T14:44:52 IST" name="testOpcUaConnectionSequence" description="Test OPC UA connection sequence" finished-at="2025-10-10T14:44:52 IST" duration-ms="7" status="PASS">
          <reporter-output>
          </reporter-output>
        </test-method> <!-- testOpcUaConnectionSequence -->
        <test-method is-config="true" signature="tearDownTest(org.testng.ITestResult)[pri:0, instance:tests.OpUaConnectionServiceTest@7e242b4d]" started-at="2025-10-10T14:44:52 IST" name="tearDownTest" finished-at="2025-10-10T14:44:52 IST" duration-ms="0" status="PASS">
          <params>
            <param index="0">
              <value>
                <![CDATA[[TestResult name=testOpcUaConnectionSequence status=SUCCESS method=OpUaConnectionServiceTest.testOpcUaConnectionSequence()[pri:0, instance:tests.OpUaConnectionServiceTest@7e242b4d] output={null}]]]>
              </value>
            </param>
          </params>
          <reporter-output>
          </reporter-output>
        </test-method> <!-- tearDownTest -->
        <test-method is-config="true" signature="setUpTest(org.testng.ITestResult)[pri:0, instance:tests.OpUaConnectionServiceTest@7e242b4d]" started-at="2025-10-10T14:44:52 IST" name="setUpTest" finished-at="2025-10-10T14:44:52 IST" duration-ms="0" status="PASS">
          <params>
            <param index="0">
              <value>
                <![CDATA[[TestResult name={null} status=CREATED method=OpUaConnectionServiceTest.testOpcUaConnectionStatus()[pri:0, instance:tests.OpUaConnectionServiceTest@7e242b4d] output={null}]]]>
              </value>
            </param>
          </params>
          <reporter-output>
          </reporter-output>
        </test-method> <!-- setUpTest -->
        <test-method signature="testOpcUaConnectionStatus()[pri:0, instance:tests.OpUaConnectionServiceTest@7e242b4d]" started-at="2025-10-10T14:44:52 IST" name="testOpcUaConnectionStatus" description="Test OPC UA connection status endpoint" finished-at="2025-10-10T14:44:52 IST" duration-ms="5" status="PASS">
          <reporter-output>
          </reporter-output>
        </test-method> <!-- testOpcUaConnectionStatus -->
        <test-method is-config="true" signature="tearDownTest(org.testng.ITestResult)[pri:0, instance:tests.OpUaConnectionServiceTest@7e242b4d]" started-at="2025-10-10T14:44:52 IST" name="tearDownTest" finished-at="2025-10-10T14:44:52 IST" duration-ms="0" status="PASS">
          <params>
            <param index="0">
              <value>
                <![CDATA[[TestResult name=testOpcUaConnectionStatus status=SUCCESS method=OpUaConnectionServiceTest.testOpcUaConnectionStatus()[pri:0, instance:tests.OpUaConnectionServiceTest@7e242b4d] output={null}]]]>
              </value>
            </param>
          </params>
          <reporter-output>
          </reporter-output>
        </test-method> <!-- tearDownTest -->
        <test-method is-config="true" signature="setUpTest(org.testng.ITestResult)[pri:0, instance:tests.OpUaConnectionServiceTest@7e242b4d]" started-at="2025-10-10T14:44:52 IST" name="setUpTest" finished-at="2025-10-10T14:44:52 IST" duration-ms="1" status="PASS">
          <params>
            <param index="0">
              <value>
                <![CDATA[[TestResult name={null} status=CREATED method=OpUaConnectionServiceTest.testOpcUaServiceHealth()[pri:0, instance:tests.OpUaConnectionServiceTest@7e242b4d] output={null}]]]>
              </value>
            </param>
          </params>
          <reporter-output>
          </reporter-output>
        </test-method> <!-- setUpTest -->
        <test-method signature="testOpcUaServiceHealth()[pri:0, instance:tests.OpUaConnectionServiceTest@7e242b4d]" started-at="2025-10-10T14:44:52 IST" name="testOpcUaServiceHealth" description="Test OPC UA service health check" finished-at="2025-10-10T14:44:52 IST" duration-ms="5" status="PASS">
          <reporter-output>
          </reporter-output>
        </test-method> <!-- testOpcUaServiceHealth -->
        <test-method is-config="true" signature="tearDownTest(org.testng.ITestResult)[pri:0, instance:tests.OpUaConnectionServiceTest@7e242b4d]" started-at="2025-10-10T14:44:52 IST" name="tearDownTest" finished-at="2025-10-10T14:44:52 IST" duration-ms="1" status="PASS">
          <params>
            <param index="0">
              <value>
                <![CDATA[[TestResult name=testOpcUaServiceHealth status=SUCCESS method=OpUaConnectionServiceTest.testOpcUaServiceHealth()[pri:0, instance:tests.OpUaConnectionServiceTest@7e242b4d] output={null}]]]>
              </value>
            </param>
          </params>
          <reporter-output>
          </reporter-output>
        </test-method> <!-- tearDownTest -->
        <test-method is-config="true" signature="tearDownRealServiceContext()[pri:0, instance:tests.OpUaConnectionServiceTest@7e242b4d]" started-at="2025-10-10T14:44:52 IST" name="tearDownRealServiceContext" finished-at="2025-10-10T14:44:52 IST" duration-ms="208" status="PASS">
          <reporter-output>
          </reporter-output>
        </test-method> <!-- tearDownRealServiceContext -->
      </class> <!-- tests.OpUaConnectionServiceTest -->
    </test> <!-- OPC UA Connection Service Tests -->
    <test started-at="2025-10-10T14:44:51 IST" name="Read Data Service Tests" finished-at="2025-10-10T14:44:53 IST" duration-ms="1840">
      <class name="tests.ReadDataServiceTest">
        <test-method is-config="true" signature="setUpRealServiceContext()[pri:0, instance:tests.ReadDataServiceTest@4204541c]" started-at="2025-10-10T14:44:51 IST" name="setUpRealServiceContext" finished-at="2025-10-10T14:44:51 IST" duration-ms="451" status="PASS">
          <reporter-output>
          </reporter-output>
        </test-method> <!-- setUpRealServiceContext -->
        <test-method is-config="true" signature="setUpReadDataTests()[pri:0, instance:tests.ReadDataServiceTest@4204541c]" started-at="2025-10-10T14:44:51 IST" name="setUpReadDataTests" finished-at="2025-10-10T14:44:51 IST" duration-ms="1" status="PASS">
          <reporter-output>
          </reporter-output>
        </test-method> <!-- setUpReadDataTests -->
        <test-method is-config="true" signature="setUpTest(org.testng.ITestResult)[pri:0, instance:tests.ReadDataServiceTest@4204541c]" started-at="2025-10-10T14:44:51 IST" name="setUpTest" finished-at="2025-10-10T14:44:51 IST" duration-ms="3" status="PASS">
          <params>
            <param index="0">
              <value>
                <![CDATA[[TestResult name={null} status=CREATED method=ReadDataServiceTest.testBrowseTags()[pri:0, instance:tests.ReadDataServiceTest@4204541c] output={null}]]]>
              </value>
            </param>
          </params>
          <reporter-output>
          </reporter-output>
        </test-method> <!-- setUpTest -->
        <test-method signature="testBrowseTags()[pri:0, instance:tests.ReadDataServiceTest@4204541c]" started-at="2025-10-10T14:44:51 IST" name="testBrowseTags" description="Test browse tags endpoint" finished-at="2025-10-10T14:44:51 IST" duration-ms="114" status="PASS">
          <reporter-output>
          </reporter-output>
        </test-method> <!-- testBrowseTags -->
        <test-method is-config="true" signature="tearDownTest(org.testng.ITestResult)[pri:0, instance:tests.ReadDataServiceTest@4204541c]" started-at="2025-10-10T14:44:51 IST" name="tearDownTest" finished-at="2025-10-10T14:44:51 IST" duration-ms="1" status="PASS">
          <params>
            <param index="0">
              <value>
                <![CDATA[[TestResult name=testBrowseTags status=SUCCESS method=ReadDataServiceTest.testBrowseTags()[pri:0, instance:tests.ReadDataServiceTest@4204541c] output={null}]]]>
              </value>
            </param>
          </params>
          <reporter-output>
          </reporter-output>
        </test-method> <!-- tearDownTest -->
        <test-method is-config="true" signature="setUpTest(org.testng.ITestResult)[pri:0, instance:tests.ReadDataServiceTest@4204541c]" started-at="2025-10-10T14:44:51 IST" name="setUpTest" finished-at="2025-10-10T14:44:51 IST" duration-ms="0" status="PASS">
          <params>
            <param index="0">
              <value>
                <![CDATA[[TestResult name={null} status=CREATED method=ReadDataServiceTest.testBrowseTagsWithDefaultNode()[pri:0, instance:tests.ReadDataServiceTest@4204541c] output={null}]]]>
              </value>
            </param>
          </params>
          <reporter-output>
          </reporter-output>
        </test-method> <!-- setUpTest -->
        <test-method signature="testBrowseTagsWithDefaultNode()[pri:0, instance:tests.ReadDataServiceTest@4204541c]" started-at="2025-10-10T14:44:51 IST" name="testBrowseTagsWithDefaultNode" description="Test browse tags with default node" finished-at="2025-10-10T14:44:51 IST" duration-ms="4" status="PASS">
          <reporter-output>
          </reporter-output>
        </test-method> <!-- testBrowseTagsWithDefaultNode -->
        <test-method is-config="true" signature="tearDownTest(org.testng.ITestResult)[pri:0, instance:tests.ReadDataServiceTest@4204541c]" started-at="2025-10-10T14:44:51 IST" name="tearDownTest" finished-at="2025-10-10T14:44:51 IST" duration-ms="0" status="PASS">
          <params>
            <param index="0">
              <value>
                <![CDATA[[TestResult name=testBrowseTagsWithDefaultNode status=SUCCESS method=ReadDataServiceTest.testBrowseTagsWithDefaultNode()[pri:0, instance:tests.ReadDataServiceTest@4204541c] output={null}]]]>
              </value>
            </param>
          </params>
          <reporter-output>
          </reporter-output>
        </test-method> <!-- tearDownTest -->
        <test-method is-config="true" signature="setUpTest(org.testng.ITestResult)[pri:0, instance:tests.ReadDataServiceTest@4204541c]" started-at="2025-10-10T14:44:51 IST" name="setUpTest" finished-at="2025-10-10T14:44:51 IST" duration-ms="0" status="PASS">
          <params>
            <param index="0">
              <value>
                <![CDATA[[TestResult name={null} status=CREATED method=ReadDataServiceTest.testConcurrentReadOperations()[pri:0, instance:tests.ReadDataServiceTest@4204541c] output={null}]]]>
              </value>
            </param>
          </params>
          <reporter-output>
          </reporter-output>
        </test-method> <!-- setUpTest -->
        <test-method signature="testConcurrentReadOperations()[pri:0, instance:tests.ReadDataServiceTest@4204541c]" started-at="2025-10-10T14:44:51 IST" name="testConcurrentReadOperations" description="Test concurrent read operations" finished-at="2025-10-10T14:44:52 IST" duration-ms="35" status="PASS">
          <reporter-output>
          </reporter-output>
        </test-method> <!-- testConcurrentReadOperations -->
        <test-method is-config="true" signature="setUpTest(org.testng.ITestResult)[pri:0, instance:tests.ReadDataServiceTest@4204541c]" started-at="2025-10-10T14:44:52 IST" name="setUpTest" finished-at="2025-10-10T14:44:52 IST" duration-ms="1" status="PASS">
          <params>
            <param index="0">
              <value>
                <![CDATA[[TestResult name={null} status=CREATED method=ReadDataServiceTest.testReadDataErrorHandling()[pri:0, instance:tests.ReadDataServiceTest@4204541c] output={null}]]]>
              </value>
            </param>
          </params>
          <reporter-output>
          </reporter-output>
        </test-method> <!-- setUpTest -->
        <test-method is-config="true" signature="tearDownTest(org.testng.ITestResult)[pri:0, instance:tests.ReadDataServiceTest@4204541c]" started-at="2025-10-10T14:44:52 IST" name="tearDownTest" finished-at="2025-10-10T14:44:52 IST" duration-ms="0" status="PASS">
          <params>
            <param index="0">
              <value>
                <![CDATA[[TestResult name=testConcurrentReadOperations status=SUCCESS method=ReadDataServiceTest.testConcurrentReadOperations()[pri:0, instance:tests.ReadDataServiceTest@4204541c] output={null}]]]>
              </value>
            </param>
          </params>
          <reporter-output>
          </reporter-output>
        </test-method> <!-- tearDownTest -->
        <test-method signature="testReadDataErrorHandling()[pri:0, instance:tests.ReadDataServiceTest@4204541c]" started-at="2025-10-10T14:44:52 IST" name="testReadDataErrorHandling" description="Test read data error handling" finished-at="2025-10-10T14:44:52 IST" duration-ms="4" status="FAIL">
          <exception class="java.lang.AssertionError">
            <message>
              <![CDATA[Should return error status for invalid node ID expected [true] but found [false]]]>
            </message>
            <full-stacktrace>
              <![CDATA[java.lang.AssertionError: Should return error status for invalid node ID expected [true] but found [false]
at org.testng.Assert.fail(Assert.java:99)
at org.testng.Assert.failNotEquals(Assert.java:1037)
at org.testng.Assert.assertTrue(Assert.java:45)
at tests.ReadDataServiceTest.testReadDataErrorHandling(ReadDataServiceTest.java:144)
at java.base/jdk.internal.reflect.NativeMethodAccessorImpl.invoke0(Native Method)
at java.base/jdk.internal.reflect.NativeMethodAccessorImpl.invoke(NativeMethodAccessorImpl.java:77)
at java.base/jdk.internal.reflect.DelegatingMethodAccessorImpl.invoke(DelegatingMethodAccessorImpl.java:43)
at java.base/java.lang.reflect.Method.invoke(Method.java:568)
at org.testng.internal.MethodInvocationHelper.invokeMethod(MethodInvocationHelper.java:133)
at org.testng.internal.TestInvoker.invokeMethod(TestInvoker.java:598)
at org.testng.internal.TestInvoker.invokeTestMethod(TestInvoker.java:173)
at org.testng.internal.MethodRunner.runInSequence(MethodRunner.java:46)
at org.testng.internal.TestInvoker$MethodInvocationAgent.invoke(TestInvoker.java:824)
at org.testng.internal.TestInvoker.invokeTestMethods(TestInvoker.java:146)
at org.testng.internal.TestMethodWorker.invokeTestMethods(TestMethodWorker.java:146)
at org.testng.internal.TestMethodWorker.run(TestMethodWorker.java:128)
at java.base/java.util.ArrayList.forEach(ArrayList.java:1511)
at org.testng.TestRunner.privateRun(TestRunner.java:794)
at org.testng.TestRunner.run(TestRunner.java:596)
at org.testng.SuiteRunner.runTest(SuiteRunner.java:377)
at org.testng.SuiteRunner.access$000(SuiteRunner.java:28)
at org.testng.SuiteRunner$SuiteWorker.run(SuiteRunner.java:418)
at org.testng.internal.thread.ThreadUtil.lambda$execute$0(ThreadUtil.java:64)
at java.base/java.util.concurrent.FutureTask.run(FutureTask.java:264)
at java.base/java.util.concurrent.ThreadPoolExecutor.runWorker(ThreadPoolExecutor.java:1136)
at java.base/java.util.concurrent.ThreadPoolExecutor$Worker.run(ThreadPoolExecutor.java:635)
at java.base/java.lang.Thread.run(Thread.java:833)
]]>
            </full-stacktrace>
          </exception> <!-- java.lang.AssertionError -->
          <reporter-output>
          </reporter-output>
        </test-method> <!-- testReadDataErrorHandling -->
        <test-method is-config="true" signature="tearDownTest(org.testng.ITestResult)[pri:0, instance:tests.ReadDataServiceTest@4204541c]" started-at="2025-10-10T14:44:52 IST" name="tearDownTest" finished-at="2025-10-10T14:44:52 IST" duration-ms="0" status="PASS">
          <params>
            <param index="0">
              <value>
                <![CDATA[[TestResult name=testReadDataErrorHandling status=FAILURE method=ReadDataServiceTest.testReadDataErrorHandling()[pri:0, instance:tests.ReadDataServiceTest@4204541c] output={null}]]]>
              </value>
            </param>
          </params>
          <reporter-output>
          </reporter-output>
        </test-method> <!-- tearDownTest -->
        <test-method is-config="true" signature="setUpTest(org.testng.ITestResult)[pri:0, instance:tests.ReadDataServiceTest@4204541c]" started-at="2025-10-10T14:44:52 IST" name="setUpTest" finished-at="2025-10-10T14:44:52 IST" duration-ms="1" status="PASS">
          <params>
            <param index="0">
              <value>
                <![CDATA[[TestResult name={null} status=CREATED method=ReadDataServiceTest.testReadDataPerformance()[pri:0, instance:tests.ReadDataServiceTest@4204541c] output={null}]]]>
              </value>
            </param>
          </params>
          <reporter-output>
          </reporter-output>
        </test-method> <!-- setUpTest -->
        <test-method signature="testReadDataPerformance()[pri:0, instance:tests.ReadDataServiceTest@4204541c]" started-at="2025-10-10T14:44:52 IST" name="testReadDataPerformance" description="Test read data performance under load" finished-at="2025-10-10T14:44:52 IST" duration-ms="7" status="PASS">
          <reporter-output>
          </reporter-output>
        </test-method> <!-- testReadDataPerformance -->
        <test-method is-config="true" signature="tearDownTest(org.testng.ITestResult)[pri:0, instance:tests.ReadDataServiceTest@4204541c]" started-at="2025-10-10T14:44:52 IST" name="tearDownTest" finished-at="2025-10-10T14:44:52 IST" duration-ms="0" status="PASS">
          <params>
            <param index="0">
              <value>
                <![CDATA[[TestResult name=testReadDataPerformance status=SUCCESS method=ReadDataServiceTest.testReadDataPerformance()[pri:0, instance:tests.ReadDataServiceTest@4204541c] output={null}]]]>
              </value>
            </param>
          </params>
          <reporter-output>
          </reporter-output>
        </test-method> <!-- tearDownTest -->
        <test-method is-config="true" signature="setUpTest(org.testng.ITestResult)[pri:0, instance:tests.ReadDataServiceTest@4204541c]" started-at="2025-10-10T14:44:52 IST" name="setUpTest" finished-at="2025-10-10T14:44:52 IST" duration-ms="168" status="PASS">
          <params>
            <param index="0">
              <value>
                <![CDATA[[TestResult name={null} status=CREATED method=ReadDataServiceTest.testReadDataServiceHealth()[pri:0, instance:tests.ReadDataServiceTest@4204541c] output={null}]]]>
              </value>
            </param>
          </params>
          <reporter-output>
          </reporter-output>
        </test-method> <!-- setUpTest -->
        <test-method signature="testReadDataServiceHealth()[pri:0, instance:tests.ReadDataServiceTest@4204541c]" started-at="2025-10-10T14:44:52 IST" name="testReadDataServiceHealth" description="Test read data service health" finished-at="2025-10-10T14:44:52 IST" duration-ms="5" status="PASS">
          <reporter-output>
          </reporter-output>
        </test-method> <!-- testReadDataServiceHealth -->
        <test-method is-config="true" signature="tearDownTest(org.testng.ITestResult)[pri:0, instance:tests.ReadDataServiceTest@4204541c]" started-at="2025-10-10T14:44:52 IST" name="tearDownTest" finished-at="2025-10-10T14:44:52 IST" duration-ms="0" status="PASS">
          <params>
            <param index="0">
              <value>
                <![CDATA[[TestResult name=testReadDataServiceHealth status=SUCCESS method=ReadDataServiceTest.testReadDataServiceHealth()[pri:0, instance:tests.ReadDataServiceTest@4204541c] output={null}]]]>
              </value>
            </param>
          </params>
          <reporter-output>
          </reporter-output>
        </test-method> <!-- tearDownTest -->
        <test-method is-config="true" signature="setUpTest(org.testng.ITestResult)[pri:0, instance:tests.ReadDataServiceTest@4204541c]" started-at="2025-10-10T14:44:52 IST" name="setUpTest" finished-at="2025-10-10T14:44:52 IST" duration-ms="0" status="PASS">
          <params>
            <param index="0">
              <value>
                <![CDATA[[TestResult name={null} status=CREATED method=ReadDataServiceTest.testReadNode()[pri:0, instance:tests.ReadDataServiceTest@4204541c] output={null}]]]>
              </value>
            </param>
          </params>
          <reporter-output>
          </reporter-output>
        </test-method> <!-- setUpTest -->
        <test-method signature="testReadNode()[pri:0, instance:tests.ReadDataServiceTest@4204541c]" started-at="2025-10-10T14:44:52 IST" name="testReadNode" description="Test read node endpoint" finished-at="2025-10-10T14:44:52 IST" duration-ms="4" status="FAIL">
          <exception class="com.microsoft.playwright.PlaywrightException">
            <message>
              <![CDATA[Error {
  message='socket hang up
  name='Error
  stack='Error: socket hang up
    at Socket.socketOnEnd (node:_http_client:530:25)
    at Socket.emit (node:events:530:35)
    at endReadableNT (node:internal/streams/readable:1698:12)
    at process.processTicksAndRejections (node:internal/process/task_queues:90:21)
}
Call log:
-   - → GET http://localhost:8085/read/api/read/read-node?nodeId=ns=3;s=DataBlocksGlobal
-     - user-agent: Playwright/1.49.0 (x64; windows 10.0) java/17
-     - accept: */*
-     - accept-encoding: gzip,deflate,br
]]>
            </message>
            <full-stacktrace>
              <![CDATA[com.microsoft.playwright.PlaywrightException: Error {
  message='socket hang up
  name='Error
  stack='Error: socket hang up
    at Socket.socketOnEnd (node:_http_client:530:25)
    at Socket.emit (node:events:530:35)
    at endReadableNT (node:internal/streams/readable:1698:12)
    at process.processTicksAndRejections (node:internal/process/task_queues:90:21)
}
Call log:
-   - → GET http://localhost:8085/read/api/read/read-node?nodeId=ns=3;s=DataBlocksGlobal
-     - user-agent: Playwright/1.49.0 (x64; windows 10.0) java/17
-     - accept: */*
-     - accept-encoding: gzip,deflate,br

at com.microsoft.playwright.impl.WaitableResult.get(WaitableResult.java:56)
at com.microsoft.playwright.impl.ChannelOwner.runUntil(ChannelOwner.java:132)
at com.microsoft.playwright.impl.Connection.sendMessage(Connection.java:130)
at com.microsoft.playwright.impl.ChannelOwner.sendMessage(ChannelOwner.java:118)
at com.microsoft.playwright.impl.APIRequestContextImpl.fetchImpl(APIRequestContextImpl.java:156)
at com.microsoft.playwright.impl.APIRequestContextImpl.lambda$fetch$1(APIRequestContextImpl.java:68)
at com.microsoft.playwright.impl.LoggingSupport.withLogging(LoggingSupport.java:47)
at com.microsoft.playwright.impl.ChannelOwner.withLogging(ChannelOwner.java:97)
at com.microsoft.playwright.impl.APIRequestContextImpl.fetch(APIRequestContextImpl.java:68)
at com.microsoft.playwright.impl.APIRequestContextImpl.get(APIRequestContextImpl.java:197)
at com.microsoft.playwright.APIRequestContext.get(APIRequestContext.java:281)
at base.RealServiceTestBase.readNode(RealServiceTestBase.java:365)
at tests.ReadDataServiceTest.testReadNode(ReadDataServiceTest.java:87)
at java.base/jdk.internal.reflect.NativeMethodAccessorImpl.invoke0(Native Method)
at java.base/jdk.internal.reflect.NativeMethodAccessorImpl.invoke(NativeMethodAccessorImpl.java:77)
at java.base/jdk.internal.reflect.DelegatingMethodAccessorImpl.invoke(DelegatingMethodAccessorImpl.java:43)
at java.base/java.lang.reflect.Method.invoke(Method.java:568)
at org.testng.internal.MethodInvocationHelper.invokeMethod(MethodInvocationHelper.java:133)
at org.testng.internal.TestInvoker.invokeMethod(TestInvoker.java:598)
at org.testng.internal.TestInvoker.invokeTestMethod(TestInvoker.java:173)
at org.testng.internal.MethodRunner.runInSequence(MethodRunner.java:46)
at org.testng.internal.TestInvoker$MethodInvocationAgent.invoke(TestInvoker.java:824)
at org.testng.internal.TestInvoker.invokeTestMethods(TestInvoker.java:146)
at org.testng.internal.TestMethodWorker.invokeTestMethods(TestMethodWorker.java:146)
at org.testng.internal.TestMethodWorker.run(TestMethodWorker.java:128)
at java.base/java.util.ArrayList.forEach(ArrayList.java:1511)
at org.testng.TestRunner.privateRun(TestRunner.java:794)
at org.testng.TestRunner.run(TestRunner.java:596)
at org.testng.SuiteRunner.runTest(SuiteRunner.java:377)
at org.testng.SuiteRunner.access$000(SuiteRunner.java:28)
at org.testng.SuiteRunner$SuiteWorker.run(SuiteRunner.java:418)
at org.testng.internal.thread.ThreadUtil.lambda$execute$0(ThreadUtil.java:64)
at java.base/java.util.concurrent.FutureTask.run(FutureTask.java:264)
at java.base/java.util.concurrent.ThreadPoolExecutor.runWorker(ThreadPoolExecutor.java:1136)
at java.base/java.util.concurrent.ThreadPoolExecutor$Worker.run(ThreadPoolExecutor.java:635)
at java.base/java.lang.Thread.run(Thread.java:833)
Caused by: com.microsoft.playwright.impl.DriverException: Error {
  message='socket hang up
  name='Error
  stack='Error: socket hang up
    at Socket.socketOnEnd (node:_http_client:530:25)
    at Socket.emit (node:events:530:35)
    at endReadableNT (node:internal/streams/readable:1698:12)
    at process.processTicksAndRejections (node:internal/process/task_queues:90:21)
}
Call log:
-   - → GET http://localhost:8085/read/api/read/read-node?nodeId=ns=3;s=DataBlocksGlobal
-     - user-agent: Playwright/1.49.0 (x64; windows 10.0) java/17
-     - accept: */*
-     - accept-encoding: gzip,deflate,br

at com.microsoft.playwright.impl.Connection.dispatch(Connection.java:259)
at com.microsoft.playwright.impl.Connection.processOneMessage(Connection.java:211)
at com.microsoft.playwright.impl.ChannelOwner.runUntil(ChannelOwner.java:130)
... 34 more
]]>
            </full-stacktrace>
          </exception> <!-- com.microsoft.playwright.PlaywrightException -->
          <reporter-output>
          </reporter-output>
        </test-method> <!-- testReadNode -->
        <test-method is-config="true" signature="tearDownTest(org.testng.ITestResult)[pri:0, instance:tests.ReadDataServiceTest@4204541c]" started-at="2025-10-10T14:44:52 IST" name="tearDownTest" finished-at="2025-10-10T14:44:52 IST" duration-ms="0" status="PASS">
          <params>
            <param index="0">
              <value>
                <![CDATA[[TestResult name=testReadNode status=FAILURE method=ReadDataServiceTest.testReadNode()[pri:0, instance:tests.ReadDataServiceTest@4204541c] output={null}]]]>
              </value>
            </param>
          </params>
          <reporter-output>
          </reporter-output>
        </test-method> <!-- tearDownTest -->
        <test-method is-config="true" signature="setUpTest(org.testng.ITestResult)[pri:0, instance:tests.ReadDataServiceTest@4204541c]" started-at="2025-10-10T14:44:52 IST" name="setUpTest" finished-at="2025-10-10T14:44:52 IST" duration-ms="0" status="PASS">
          <params>
            <param index="0">
              <value>
                <![CDATA[[TestResult name={null} status=CREATED method=ReadDataServiceTest.testReadNode2()[pri:0, instance:tests.ReadDataServiceTest@4204541c] output={null}]]]>
              </value>
            </param>
          </params>
          <reporter-output>
          </reporter-output>
        </test-method> <!-- setUpTest -->
        <test-method signature="testReadNode2()[pri:0, instance:tests.ReadDataServiceTest@4204541c]" started-at="2025-10-10T14:44:52 IST" name="testReadNode2" description="Test read node2 endpoint" finished-at="2025-10-10T14:44:52 IST" duration-ms="310" status="FAIL">
          <exception class="com.microsoft.playwright.PlaywrightException">
            <message>
              <![CDATA[Error {
  message='connect ECONNREFUSED ::1:8085
  name='Error
  stack='Error: connect ECONNREFUSED ::1:8085
    at TCPConnectWrap.afterConnect [as oncomplete] (node:net:1610:16)
}
Call log:
-   - → GET http://localhost:8085/read/api/read/read-node2?nodeId=MCOM
-     - user-agent: Playwright/1.49.0 (x64; windows 10.0) java/17
-     - accept: */*
-     - accept-encoding: gzip,deflate,br
]]>
            </message>
            <full-stacktrace>
              <![CDATA[com.microsoft.playwright.PlaywrightException: Error {
  message='connect ECONNREFUSED ::1:8085
  name='Error
  stack='Error: connect ECONNREFUSED ::1:8085
    at TCPConnectWrap.afterConnect [as oncomplete] (node:net:1610:16)
}
Call log:
-   - → GET http://localhost:8085/read/api/read/read-node2?nodeId=MCOM
-     - user-agent: Playwright/1.49.0 (x64; windows 10.0) java/17
-     - accept: */*
-     - accept-encoding: gzip,deflate,br

at com.microsoft.playwright.impl.WaitableResult.get(WaitableResult.java:56)
at com.microsoft.playwright.impl.ChannelOwner.runUntil(ChannelOwner.java:132)
at com.microsoft.playwright.impl.Connection.sendMessage(Connection.java:130)
at com.microsoft.playwright.impl.ChannelOwner.sendMessage(ChannelOwner.java:118)
at com.microsoft.playwright.impl.APIRequestContextImpl.fetchImpl(APIRequestContextImpl.java:156)
at com.microsoft.playwright.impl.APIRequestContextImpl.lambda$fetch$1(APIRequestContextImpl.java:68)
at com.microsoft.playwright.impl.LoggingSupport.withLogging(LoggingSupport.java:47)
at com.microsoft.playwright.impl.ChannelOwner.withLogging(ChannelOwner.java:97)
at com.microsoft.playwright.impl.APIRequestContextImpl.fetch(APIRequestContextImpl.java:68)
at com.microsoft.playwright.impl.APIRequestContextImpl.get(APIRequestContextImpl.java:197)
at com.microsoft.playwright.APIRequestContext.get(APIRequestContext.java:281)
at base.RealServiceTestBase.readNode2(RealServiceTestBase.java:373)
at tests.ReadDataServiceTest.testReadNode2(ReadDataServiceTest.java:99)
at java.base/jdk.internal.reflect.NativeMethodAccessorImpl.invoke0(Native Method)
at java.base/jdk.internal.reflect.NativeMethodAccessorImpl.invoke(NativeMethodAccessorImpl.java:77)
at java.base/jdk.internal.reflect.DelegatingMethodAccessorImpl.invoke(DelegatingMethodAccessorImpl.java:43)
at java.base/java.lang.reflect.Method.invoke(Method.java:568)
at org.testng.internal.MethodInvocationHelper.invokeMethod(MethodInvocationHelper.java:133)
at org.testng.internal.TestInvoker.invokeMethod(TestInvoker.java:598)
at org.testng.internal.TestInvoker.invokeTestMethod(TestInvoker.java:173)
at org.testng.internal.MethodRunner.runInSequence(MethodRunner.java:46)
at org.testng.internal.TestInvoker$MethodInvocationAgent.invoke(TestInvoker.java:824)
at org.testng.internal.TestInvoker.invokeTestMethods(TestInvoker.java:146)
at org.testng.internal.TestMethodWorker.invokeTestMethods(TestMethodWorker.java:146)
at org.testng.internal.TestMethodWorker.run(TestMethodWorker.java:128)
at java.base/java.util.ArrayList.forEach(ArrayList.java:1511)
at org.testng.TestRunner.privateRun(TestRunner.java:794)
at org.testng.TestRunner.run(TestRunner.java:596)
at org.testng.SuiteRunner.runTest(SuiteRunner.java:377)
at org.testng.SuiteRunner.access$000(SuiteRunner.java:28)
at org.testng.SuiteRunner$SuiteWorker.run(SuiteRunner.java:418)
at org.testng.internal.thread.ThreadUtil.lambda$execute$0(ThreadUtil.java:64)
at java.base/java.util.concurrent.FutureTask.run(FutureTask.java:264)
at java.base/java.util.concurrent.ThreadPoolExecutor.runWorker(ThreadPoolExecutor.java:1136)
at java.base/java.util.concurrent.ThreadPoolExecutor$Worker.run(ThreadPoolExecutor.java:635)
at java.base/java.lang.Thread.run(Thread.java:833)
Caused by: com.microsoft.playwright.impl.DriverException: Error {
  message='connect ECONNREFUSED ::1:8085
  name='Error
  stack='Error: connect ECONNREFUSED ::1:8085
    at TCPConnectWrap.afterConnect [as oncomplete] (node:net:1610:16)
}
Call log:
-   - → GET http://localhost:8085/read/api/read/read-node2?nodeId=MCOM
-     - user-agent: Playwright/1.49.0 (x64; windows 10.0) java/17
-     - accept: */*
-     - accept-encoding: gzip,deflate,br

at com.microsoft.playwright.impl.Connection.dispatch(Connection.java:259)
at com.microsoft.playwright.impl.Connection.processOneMessage(Connection.java:211)
at com.microsoft.playwright.impl.ChannelOwner.runUntil(ChannelOwner.java:130)
... 34 more
]]>
            </full-stacktrace>
          </exception> <!-- com.microsoft.playwright.PlaywrightException -->
          <reporter-output>
          </reporter-output>
        </test-method> <!-- testReadNode2 -->
        <test-method is-config="true" signature="tearDownTest(org.testng.ITestResult)[pri:0, instance:tests.ReadDataServiceTest@4204541c]" started-at="2025-10-10T14:44:52 IST" name="tearDownTest" finished-at="2025-10-10T14:44:52 IST" duration-ms="0" status="PASS">
          <params>
            <param index="0">
              <value>
                <![CDATA[[TestResult name=testReadNode2 status=FAILURE method=ReadDataServiceTest.testReadNode2()[pri:0, instance:tests.ReadDataServiceTest@4204541c] output={null}]]]>
              </value>
            </param>
          </params>
          <reporter-output>
          </reporter-output>
        </test-method> <!-- tearDownTest -->
        <test-method is-config="true" signature="setUpTest(org.testng.ITestResult)[pri:0, instance:tests.ReadDataServiceTest@4204541c]" started-at="2025-10-10T14:44:52 IST" name="setUpTest" finished-at="2025-10-10T14:44:52 IST" duration-ms="0" status="PASS">
          <params>
            <param index="0">
              <value>
                <![CDATA[[TestResult name={null} status=CREATED method=ReadDataServiceTest.testReadTagValuesSimplified()[pri:0, instance:tests.ReadDataServiceTest@4204541c] output={null}]]]>
              </value>
            </param>
          </params>
          <reporter-output>
          </reporter-output>
        </test-method> <!-- setUpTest -->
        <test-method signature="testReadTagValuesSimplified()[pri:0, instance:tests.ReadDataServiceTest@4204541c]" started-at="2025-10-10T14:44:52 IST" name="testReadTagValuesSimplified" description="Test read tag values simplified" finished-at="2025-10-10T14:44:52 IST" duration-ms="352" status="FAIL">
          <exception class="java.lang.AssertionError">
            <message>
              <![CDATA[Expected status 200 but got 404 expected [200] but found [404]]]>
            </message>
            <full-stacktrace>
              <![CDATA[java.lang.AssertionError: Expected status 200 but got 404 expected [200] but found [404]
at org.testng.Assert.fail(Assert.java:99)
at org.testng.Assert.failNotEquals(Assert.java:1037)
at org.testng.Assert.assertEqualsImpl(Assert.java:140)
at org.testng.Assert.assertEquals(Assert.java:122)
at org.testng.Assert.assertEquals(Assert.java:907)
at base.RealServiceTestBase.verifyResponseStatus(RealServiceTestBase.java:138)
at tests.ReadDataServiceTest.testReadTagValuesSimplified(ReadDataServiceTest.java:113)
at java.base/jdk.internal.reflect.NativeMethodAccessorImpl.invoke0(Native Method)
at java.base/jdk.internal.reflect.NativeMethodAccessorImpl.invoke(NativeMethodAccessorImpl.java:77)
at java.base/jdk.internal.reflect.DelegatingMethodAccessorImpl.invoke(DelegatingMethodAccessorImpl.java:43)
at java.base/java.lang.reflect.Method.invoke(Method.java:568)
at org.testng.internal.MethodInvocationHelper.invokeMethod(MethodInvocationHelper.java:133)
at org.testng.internal.TestInvoker.invokeMethod(TestInvoker.java:598)
at org.testng.internal.TestInvoker.invokeTestMethod(TestInvoker.java:173)
at org.testng.internal.MethodRunner.runInSequence(MethodRunner.java:46)
at org.testng.internal.TestInvoker$MethodInvocationAgent.invoke(TestInvoker.java:824)
at org.testng.internal.TestInvoker.invokeTestMethods(TestInvoker.java:146)
at org.testng.internal.TestMethodWorker.invokeTestMethods(TestMethodWorker.java:146)
at org.testng.internal.TestMethodWorker.run(TestMethodWorker.java:128)
at java.base/java.util.ArrayList.forEach(ArrayList.java:1511)
at org.testng.TestRunner.privateRun(TestRunner.java:794)
at org.testng.TestRunner.run(TestRunner.java:596)
at org.testng.SuiteRunner.runTest(SuiteRunner.java:377)
at org.testng.SuiteRunner.access$000(SuiteRunner.java:28)
at org.testng.SuiteRunner$SuiteWorker.run(SuiteRunner.java:418)
at org.testng.internal.thread.ThreadUtil.lambda$execute$0(ThreadUtil.java:64)
at java.base/java.util.concurrent.FutureTask.run(FutureTask.java:264)
at java.base/java.util.concurrent.ThreadPoolExecutor.runWorker(ThreadPoolExecutor.java:1136)
at java.base/java.util.concurrent.ThreadPoolExecutor$Worker.run(ThreadPoolExecutor.java:635)
at java.base/java.lang.Thread.run(Thread.java:833)
]]>
            </full-stacktrace>
          </exception> <!-- java.lang.AssertionError -->
          <reporter-output>
          </reporter-output>
        </test-method> <!-- testReadTagValuesSimplified -->
        <test-method is-config="true" signature="tearDownTest(org.testng.ITestResult)[pri:0, instance:tests.ReadDataServiceTest@4204541c]" started-at="2025-10-10T14:44:52 IST" name="tearDownTest" finished-at="2025-10-10T14:44:52 IST" duration-ms="1" status="PASS">
          <params>
            <param index="0">
              <value>
                <![CDATA[[TestResult name=testReadTagValuesSimplified status=FAILURE method=ReadDataServiceTest.testReadTagValuesSimplified()[pri:0, instance:tests.ReadDataServiceTest@4204541c] output={null}]]]>
              </value>
            </param>
          </params>
          <reporter-output>
          </reporter-output>
        </test-method> <!-- tearDownTest -->
        <test-method is-config="true" signature="setUpTest(org.testng.ITestResult)[pri:0, instance:tests.ReadDataServiceTest@4204541c]" started-at="2025-10-10T14:44:52 IST" name="setUpTest" finished-at="2025-10-10T14:44:52 IST" duration-ms="0" status="PASS">
          <params>
            <param index="0">
              <value>
                <![CDATA[[TestResult name={null} status=CREATED method=ReadDataServiceTest.testReadValue()[pri:0, instance:tests.ReadDataServiceTest@4204541c] output={null}]]]>
              </value>
            </param>
          </params>
          <reporter-output>
          </reporter-output>
        </test-method> <!-- setUpTest -->
        <test-method signature="testReadValue()[pri:0, instance:tests.ReadDataServiceTest@4204541c]" started-at="2025-10-10T14:44:52 IST" name="testReadValue" description="Test read value endpoint" finished-at="2025-10-10T14:44:52 IST" duration-ms="9" status="PASS">
          <reporter-output>
          </reporter-output>
        </test-method> <!-- testReadValue -->
        <test-method is-config="true" signature="tearDownTest(org.testng.ITestResult)[pri:0, instance:tests.ReadDataServiceTest@4204541c]" started-at="2025-10-10T14:44:52 IST" name="tearDownTest" finished-at="2025-10-10T14:44:52 IST" duration-ms="1" status="PASS">
          <params>
            <param index="0">
              <value>
                <![CDATA[[TestResult name=testReadValue status=SUCCESS method=ReadDataServiceTest.testReadValue()[pri:0, instance:tests.ReadDataServiceTest@4204541c] output={null}]]]>
              </value>
            </param>
          </params>
          <reporter-output>
          </reporter-output>
        </test-method> <!-- tearDownTest -->
        <test-method is-config="true" signature="setUpTest(org.testng.ITestResult)[pri:0, instance:tests.ReadDataServiceTest@4204541c]" started-at="2025-10-10T14:44:52 IST" name="setUpTest" finished-at="2025-10-10T14:44:52 IST" duration-ms="0" status="PASS">
          <params>
            <param index="0">
              <value>
                <![CDATA[[TestResult name={null} status=CREATED method=ReadDataServiceTest.testReadValueWithDifferentNodes(java.lang.String,java.lang.String)[pri:0, instance:tests.ReadDataServiceTest@4204541c] output={null}]]]>
              </value>
            </param>
          </params>
          <reporter-output>
          </reporter-output>
        </test-method> <!-- setUpTest -->
        <test-method signature="testReadValueWithDifferentNodes(java.lang.String,java.lang.String)[pri:0, instance:tests.ReadDataServiceTest@4204541c]" started-at="2025-10-10T14:44:52 IST" name="testReadValueWithDifferentNodes" description="Test read value with different node IDs" data-provider="nodeIdProvider" finished-at="2025-10-10T14:44:52 IST" duration-ms="6" status="PASS">
          <params>
            <param index="0">
              <value>
                <![CDATA[ns=3;s="PLC_To_WMS"]]>
              </value>
            </param>
            <param index="1">
              <value>
                <![CDATA[PLC to WMS communication node]]>
              </value>
            </param>
          </params>
          <reporter-output>
          </reporter-output>
        </test-method> <!-- testReadValueWithDifferentNodes -->
        <test-method is-config="true" signature="tearDownTest(org.testng.ITestResult)[pri:0, instance:tests.ReadDataServiceTest@4204541c]" started-at="2025-10-10T14:44:52 IST" name="tearDownTest" finished-at="2025-10-10T14:44:52 IST" duration-ms="1" status="PASS">
          <params>
            <param index="0">
              <value>
                <![CDATA[[TestResult name=testReadValueWithDifferentNodes status=SUCCESS method=ReadDataServiceTest.testReadValueWithDifferentNodes(java.lang.String,java.lang.String)[pri:0, instance:tests.ReadDataServiceTest@4204541c] output={null}]]]>
              </value>
            </param>
          </params>
          <reporter-output>
          </reporter-output>
        </test-method> <!-- tearDownTest -->
        <test-method is-config="true" signature="setUpTest(org.testng.ITestResult)[pri:0, instance:tests.ReadDataServiceTest@4204541c]" started-at="2025-10-10T14:44:52 IST" name="setUpTest" finished-at="2025-10-10T14:44:52 IST" duration-ms="0" status="PASS">
          <params>
            <param index="0">
              <value>
                <![CDATA[[TestResult name={null} status=CREATED method=ReadDataServiceTest.testReadValueWithDifferentNodes(java.lang.String,java.lang.String)[pri:0, instance:tests.ReadDataServiceTest@4204541c] output={null}]]]>
              </value>
            </param>
          </params>
          <reporter-output>
          </reporter-output>
        </test-method> <!-- setUpTest -->
        <test-method signature="testReadValueWithDifferentNodes(java.lang.String,java.lang.String)[pri:0, instance:tests.ReadDataServiceTest@4204541c]" started-at="2025-10-10T14:44:52 IST" name="testReadValueWithDifferentNodes" description="Test read value with different node IDs" data-provider="nodeIdProvider" finished-at="2025-10-10T14:44:52 IST" duration-ms="9" status="PASS">
          <params>
            <param index="0">
              <value>
                <![CDATA[ns=3;s="WMS_To_PLC"]]>
              </value>
            </param>
            <param index="1">
              <value>
                <![CDATA[WMS to PLC communication node]]>
              </value>
            </param>
          </params>
          <reporter-output>
          </reporter-output>
        </test-method> <!-- testReadValueWithDifferentNodes -->
        <test-method is-config="true" signature="tearDownTest(org.testng.ITestResult)[pri:0, instance:tests.ReadDataServiceTest@4204541c]" started-at="2025-10-10T14:44:52 IST" name="tearDownTest" finished-at="2025-10-10T14:44:52 IST" duration-ms="1" status="PASS">
          <params>
            <param index="0">
              <value>
                <![CDATA[[TestResult name=testReadValueWithDifferentNodes status=SUCCESS method=ReadDataServiceTest.testReadValueWithDifferentNodes(java.lang.String,java.lang.String)[pri:0, instance:tests.ReadDataServiceTest@4204541c] output={null}]]]>
              </value>
            </param>
          </params>
          <reporter-output>
          </reporter-output>
        </test-method> <!-- tearDownTest -->
        <test-method is-config="true" signature="setUpTest(org.testng.ITestResult)[pri:0, instance:tests.ReadDataServiceTest@4204541c]" started-at="2025-10-10T14:44:52 IST" name="setUpTest" finished-at="2025-10-10T14:44:52 IST" duration-ms="0" status="PASS">
          <params>
            <param index="0">
              <value>
                <![CDATA[[TestResult name={null} status=CREATED method=ReadDataServiceTest.testReadValueWithDifferentNodes(java.lang.String,java.lang.String)[pri:0, instance:tests.ReadDataServiceTest@4204541c] output={null}]]]>
              </value>
            </param>
          </params>
          <reporter-output>
          </reporter-output>
        </test-method> <!-- setUpTest -->
        <test-method signature="testReadValueWithDifferentNodes(java.lang.String,java.lang.String)[pri:0, instance:tests.ReadDataServiceTest@4204541c]" started-at="2025-10-10T14:44:52 IST" name="testReadValueWithDifferentNodes" description="Test read value with different node IDs" data-provider="nodeIdProvider" finished-at="2025-10-10T14:44:52 IST" duration-ms="6" status="PASS">
          <params>
            <param index="0">
              <value>
                <![CDATA[ns=3;s=DataBlocksGlobal]]>
              </value>
            </param>
            <param index="1">
              <value>
                <![CDATA[Global data blocks node]]>
              </value>
            </param>
          </params>
          <reporter-output>
          </reporter-output>
        </test-method> <!-- testReadValueWithDifferentNodes -->
        <test-method is-config="true" signature="tearDownTest(org.testng.ITestResult)[pri:0, instance:tests.ReadDataServiceTest@4204541c]" started-at="2025-10-10T14:44:52 IST" name="tearDownTest" finished-at="2025-10-10T14:44:52 IST" duration-ms="0" status="PASS">
          <params>
            <param index="0">
              <value>
                <![CDATA[[TestResult name=testReadValueWithDifferentNodes status=SUCCESS method=ReadDataServiceTest.testReadValueWithDifferentNodes(java.lang.String,java.lang.String)[pri:0, instance:tests.ReadDataServiceTest@4204541c] output={null}]]]>
              </value>
            </param>
          </params>
          <reporter-output>
          </reporter-output>
        </test-method> <!-- tearDownTest -->
        <test-method signature="testReadValueWithDifferentNodes(java.lang.String,java.lang.String)[pri:0, instance:tests.ReadDataServiceTest@4204541c]" started-at="2025-10-10T14:44:52 IST" name="testReadValueWithDifferentNodes" description="Test read value with different node IDs" data-provider="nodeIdProvider" finished-at="2025-10-10T14:44:52 IST" duration-ms="7" status="PASS">
          <params>
            <param index="0">
              <value>
                <![CDATA[ns=0;i=2253]]>
              </value>
            </param>
            <param index="1">
              <value>
                <![CDATA[Numeric node ID]]>
              </value>
            </param>
          </params>
          <reporter-output>
          </reporter-output>
        </test-method> <!-- testReadValueWithDifferentNodes -->
        <test-method is-config="true" signature="setUpTest(org.testng.ITestResult)[pri:0, instance:tests.ReadDataServiceTest@4204541c]" started-at="2025-10-10T14:44:52 IST" name="setUpTest" finished-at="2025-10-10T14:44:52 IST" duration-ms="0" status="PASS">
          <params>
            <param index="0">
              <value>
                <![CDATA[[TestResult name={null} status=CREATED method=ReadDataServiceTest.testReadValueWithDifferentNodes(java.lang.String,java.lang.String)[pri:0, instance:tests.ReadDataServiceTest@4204541c] output={null}]]]>
              </value>
            </param>
          </params>
          <reporter-output>
          </reporter-output>
        </test-method> <!-- setUpTest -->
        <test-method is-config="true" signature="tearDownTest(org.testng.ITestResult)[pri:0, instance:tests.ReadDataServiceTest@4204541c]" started-at="2025-10-10T14:44:52 IST" name="tearDownTest" finished-at="2025-10-10T14:44:52 IST" duration-ms="1" status="PASS">
          <params>
            <param index="0">
              <value>
                <![CDATA[[TestResult name=testReadValueWithDifferentNodes status=SUCCESS method=ReadDataServiceTest.testReadValueWithDifferentNodes(java.lang.String,java.lang.String)[pri:0, instance:tests.ReadDataServiceTest@4204541c] output={null}]]]>
              </value>
            </param>
          </params>
          <reporter-output>
          </reporter-output>
        </test-method> <!-- tearDownTest -->
        <test-method is-config="true" signature="setUpTest(org.testng.ITestResult)[pri:0, instance:tests.ReadDataServiceTest@4204541c]" started-at="2025-10-10T14:44:52 IST" name="setUpTest" finished-at="2025-10-10T14:44:52 IST" duration-ms="1" status="PASS">
          <params>
            <param index="0">
              <value>
                <![CDATA[[TestResult name={null} status=CREATED method=ReadDataServiceTest.testReadValueWithDifferentNodes(java.lang.String,java.lang.String)[pri:0, instance:tests.ReadDataServiceTest@4204541c] output={null}]]]>
              </value>
            </param>
          </params>
          <reporter-output>
          </reporter-output>
        </test-method> <!-- setUpTest -->
        <test-method signature="testReadValueWithDifferentNodes(java.lang.String,java.lang.String)[pri:0, instance:tests.ReadDataServiceTest@4204541c]" started-at="2025-10-10T14:44:52 IST" name="testReadValueWithDifferentNodes" description="Test read value with different node IDs" data-provider="nodeIdProvider" finished-at="2025-10-10T14:44:52 IST" duration-ms="4" status="PASS">
          <params>
            <param index="0">
              <value>
                <![CDATA[ns=2;i=5001]]>
              </value>
            </param>
            <param index="1">
              <value>
                <![CDATA[Another numeric node ID]]>
              </value>
            </param>
          </params>
          <reporter-output>
          </reporter-output>
        </test-method> <!-- testReadValueWithDifferentNodes -->
        <test-method is-config="true" signature="tearDownTest(org.testng.ITestResult)[pri:0, instance:tests.ReadDataServiceTest@4204541c]" started-at="2025-10-10T14:44:52 IST" name="tearDownTest" finished-at="2025-10-10T14:44:52 IST" duration-ms="1" status="PASS">
          <params>
            <param index="0">
              <value>
                <![CDATA[[TestResult name=testReadValueWithDifferentNodes status=SUCCESS method=ReadDataServiceTest.testReadValueWithDifferentNodes(java.lang.String,java.lang.String)[pri:0, instance:tests.ReadDataServiceTest@4204541c] output={null}]]]>
              </value>
            </param>
          </params>
          <reporter-output>
          </reporter-output>
        </test-method> <!-- tearDownTest -->
        <test-method is-config="true" signature="setUpTest(org.testng.ITestResult)[pri:0, instance:tests.ReadDataServiceTest@4204541c]" started-at="2025-10-10T14:44:52 IST" name="setUpTest" finished-at="2025-10-10T14:44:52 IST" duration-ms="0" status="PASS">
          <params>
            <param index="0">
              <value>
                <![CDATA[[TestResult name={null} status=CREATED method=ReadDataServiceTest.testReadValueWithDifferentNodes(java.lang.String,java.lang.String)[pri:0, instance:tests.ReadDataServiceTest@4204541c] output={null}]]]>
              </value>
            </param>
          </params>
          <reporter-output>
          </reporter-output>
        </test-method> <!-- setUpTest -->
        <test-method signature="testReadValueWithDifferentNodes(java.lang.String,java.lang.String)[pri:0, instance:tests.ReadDataServiceTest@4204541c]" started-at="2025-10-10T14:44:52 IST" name="testReadValueWithDifferentNodes" description="Test read value with different node IDs" data-provider="nodeIdProvider" finished-at="2025-10-10T14:44:52 IST" duration-ms="6" status="PASS">
          <params>
            <param index="0">
              <value>
                <![CDATA[MCOM]]>
              </value>
            </param>
            <param index="1">
              <value>
                <![CDATA[Communication node]]>
              </value>
            </param>
          </params>
          <reporter-output>
          </reporter-output>
        </test-method> <!-- testReadValueWithDifferentNodes -->
        <test-method is-config="true" signature="tearDownTest(org.testng.ITestResult)[pri:0, instance:tests.ReadDataServiceTest@4204541c]" started-at="2025-10-10T14:44:52 IST" name="tearDownTest" finished-at="2025-10-10T14:44:52 IST" duration-ms="1" status="PASS">
          <params>
            <param index="0">
              <value>
                <![CDATA[[TestResult name=testReadValueWithDifferentNodes status=SUCCESS method=ReadDataServiceTest.testReadValueWithDifferentNodes(java.lang.String,java.lang.String)[pri:0, instance:tests.ReadDataServiceTest@4204541c] output={null}]]]>
              </value>
            </param>
          </params>
          <reporter-output>
          </reporter-output>
        </test-method> <!-- tearDownTest -->
        <test-method is-config="true" signature="setUpTest(org.testng.ITestResult)[pri:0, instance:tests.ReadDataServiceTest@4204541c]" started-at="2025-10-10T14:44:52 IST" name="setUpTest" finished-at="2025-10-10T14:44:52 IST" duration-ms="0" status="PASS">
          <params>
            <param index="0">
              <value>
                <![CDATA[[TestResult name={null} status=CREATED method=ReadDataServiceTest.testSubscribeToData()[pri:0, instance:tests.ReadDataServiceTest@4204541c] output={null}]]]>
              </value>
            </param>
          </params>
          <reporter-output>
          </reporter-output>
        </test-method> <!-- setUpTest -->
        <test-method signature="testSubscribeToData()[pri:0, instance:tests.ReadDataServiceTest@4204541c]" started-at="2025-10-10T14:44:52 IST" name="testSubscribeToData" description="Test subscribe to data endpoint" finished-at="2025-10-10T14:44:52 IST" duration-ms="4" status="PASS">
          <reporter-output>
          </reporter-output>
        </test-method> <!-- testSubscribeToData -->
        <test-method is-config="true" signature="tearDownTest(org.testng.ITestResult)[pri:0, instance:tests.ReadDataServiceTest@4204541c]" started-at="2025-10-10T14:44:52 IST" name="tearDownTest" finished-at="2025-10-10T14:44:52 IST" duration-ms="0" status="PASS">
          <params>
            <param index="0">
              <value>
                <![CDATA[[TestResult name=testSubscribeToData status=SUCCESS method=ReadDataServiceTest.testSubscribeToData()[pri:0, instance:tests.ReadDataServiceTest@4204541c] output={null}]]]>
              </value>
            </param>
          </params>
          <reporter-output>
          </reporter-output>
        </test-method> <!-- tearDownTest -->
        <test-method is-config="true" signature="tearDownRealServiceContext()[pri:0, instance:tests.ReadDataServiceTest@4204541c]" started-at="2025-10-10T14:44:52 IST" name="tearDownRealServiceContext" finished-at="2025-10-10T14:44:53 IST" duration-ms="50" status="PASS">
          <reporter-output>
          </reporter-output>
        </test-method> <!-- tearDownRealServiceContext -->
      </class> <!-- tests.ReadDataServiceTest -->
    </test> <!-- Read Data Service Tests -->
    <test started-at="2025-10-10T14:44:51 IST" name="Write Data Service Tests" finished-at="2025-10-10T14:44:53 IST" duration-ms="1849">
      <class name="tests.WriteDataServiceTest">
        <test-method is-config="true" signature="setUpRealServiceContext()[pri:0, instance:tests.WriteDataServiceTest@2b58f754]" started-at="2025-10-10T14:44:51 IST" name="setUpRealServiceContext" finished-at="2025-10-10T14:44:51 IST" duration-ms="451" status="PASS">
          <reporter-output>
          </reporter-output>
        </test-method> <!-- setUpRealServiceContext -->
        <test-method is-config="true" signature="setUpWriteDataTests()[pri:0, instance:tests.WriteDataServiceTest@2b58f754]" started-at="2025-10-10T14:44:51 IST" name="setUpWriteDataTests" finished-at="2025-10-10T14:44:51 IST" duration-ms="1" status="PASS">
          <reporter-output>
          </reporter-output>
        </test-method> <!-- setUpWriteDataTests -->
        <test-method is-config="true" signature="setUpTest(org.testng.ITestResult)[pri:0, instance:tests.WriteDataServiceTest@2b58f754]" started-at="2025-10-10T14:44:51 IST" name="setUpTest" finished-at="2025-10-10T14:44:51 IST" duration-ms="3" status="PASS">
          <params>
            <param index="0">
              <value>
                <![CDATA[[TestResult name={null} status=CREATED method=WriteDataServiceTest.testConcurrentWriteOperations()[pri:0, instance:tests.WriteDataServiceTest@2b58f754] output={null}]]]>
              </value>
            </param>
          </params>
          <reporter-output>
          </reporter-output>
        </test-method> <!-- setUpTest -->
        <test-method signature="testConcurrentWriteOperations()[pri:0, instance:tests.WriteDataServiceTest@2b58f754]" started-at="2025-10-10T14:44:51 IST" name="testConcurrentWriteOperations" description="Test concurrent write operations" finished-at="2025-10-10T14:44:51 IST" duration-ms="110" status="PASS">
          <reporter-output>
          </reporter-output>
        </test-method> <!-- testConcurrentWriteOperations -->
        <test-method is-config="true" signature="tearDownTest(org.testng.ITestResult)[pri:0, instance:tests.WriteDataServiceTest@2b58f754]" started-at="2025-10-10T14:44:51 IST" name="tearDownTest" finished-at="2025-10-10T14:44:51 IST" duration-ms="1" status="PASS">
          <params>
            <param index="0">
              <value>
                <![CDATA[[TestResult name=testConcurrentWriteOperations status=SUCCESS method=WriteDataServiceTest.testConcurrentWriteOperations()[pri:0, instance:tests.WriteDataServiceTest@2b58f754] output={null}]]]>
              </value>
            </param>
          </params>
          <reporter-output>
          </reporter-output>
        </test-method> <!-- tearDownTest -->
        <test-method is-config="true" signature="setUpTest(org.testng.ITestResult)[pri:0, instance:tests.WriteDataServiceTest@2b58f754]" started-at="2025-10-10T14:44:51 IST" name="setUpTest" finished-at="2025-10-10T14:44:51 IST" duration-ms="0" status="PASS">
          <params>
            <param index="0">
              <value>
                <![CDATA[[TestResult name={null} status=CREATED method=WriteDataServiceTest.testWriteDataServiceHealth()[pri:0, instance:tests.WriteDataServiceTest@2b58f754] output={null}]]]>
              </value>
            </param>
          </params>
          <reporter-output>
          </reporter-output>
        </test-method> <!-- setUpTest -->
        <test-method signature="testWriteDataServiceHealth()[pri:0, instance:tests.WriteDataServiceTest@2b58f754]" started-at="2025-10-10T14:44:51 IST" name="testWriteDataServiceHealth" description="Test write data service health" finished-at="2025-10-10T14:44:51 IST" duration-ms="4" status="PASS">
          <reporter-output>
          </reporter-output>
        </test-method> <!-- testWriteDataServiceHealth -->
        <test-method is-config="true" signature="tearDownTest(org.testng.ITestResult)[pri:0, instance:tests.WriteDataServiceTest@2b58f754]" started-at="2025-10-10T14:44:51 IST" name="tearDownTest" finished-at="2025-10-10T14:44:51 IST" duration-ms="0" status="PASS">
          <params>
            <param index="0">
              <value>
                <![CDATA[[TestResult name=testWriteDataServiceHealth status=SUCCESS method=WriteDataServiceTest.testWriteDataServiceHealth()[pri:0, instance:tests.WriteDataServiceTest@2b58f754] output={null}]]]>
              </value>
            </param>
          </params>
          <reporter-output>
          </reporter-output>
        </test-method> <!-- tearDownTest -->
        <test-method is-config="true" signature="setUpTest(org.testng.ITestResult)[pri:0, instance:tests.WriteDataServiceTest@2b58f754]" started-at="2025-10-10T14:44:51 IST" name="setUpTest" finished-at="2025-10-10T14:44:51 IST" duration-ms="0" status="PASS">
          <params>
            <param index="0">
              <value>
                <![CDATA[[TestResult name={null} status=CREATED method=WriteDataServiceTest.testWriteNodeErrorHandling()[pri:0, instance:tests.WriteDataServiceTest@2b58f754] output={null}]]]>
              </value>
            </param>
          </params>
          <reporter-output>
          </reporter-output>
        </test-method> <!-- setUpTest -->
        <test-method signature="testWriteNodeErrorHandling()[pri:0, instance:tests.WriteDataServiceTest@2b58f754]" started-at="2025-10-10T14:44:51 IST" name="testWriteNodeErrorHandling" description="Test write node error handling with invalid node" finished-at="2025-10-10T14:44:51 IST" duration-ms="5" status="FAIL">
          <exception class="java.lang.AssertionError">
            <message>
              <![CDATA[Should return error status for invalid node ID expected [true] but found [false]]]>
            </message>
            <full-stacktrace>
              <![CDATA[java.lang.AssertionError: Should return error status for invalid node ID expected [true] but found [false]
at org.testng.Assert.fail(Assert.java:99)
at org.testng.Assert.failNotEquals(Assert.java:1037)
at org.testng.Assert.assertTrue(Assert.java:45)
at tests.WriteDataServiceTest.testWriteNodeErrorHandling(WriteDataServiceTest.java:103)
at java.base/jdk.internal.reflect.NativeMethodAccessorImpl.invoke0(Native Method)
at java.base/jdk.internal.reflect.NativeMethodAccessorImpl.invoke(NativeMethodAccessorImpl.java:77)
at java.base/jdk.internal.reflect.DelegatingMethodAccessorImpl.invoke(DelegatingMethodAccessorImpl.java:43)
at java.base/java.lang.reflect.Method.invoke(Method.java:568)
at org.testng.internal.MethodInvocationHelper.invokeMethod(MethodInvocationHelper.java:133)
at org.testng.internal.TestInvoker.invokeMethod(TestInvoker.java:598)
at org.testng.internal.TestInvoker.invokeTestMethod(TestInvoker.java:173)
at org.testng.internal.MethodRunner.runInSequence(MethodRunner.java:46)
at org.testng.internal.TestInvoker$MethodInvocationAgent.invoke(TestInvoker.java:824)
at org.testng.internal.TestInvoker.invokeTestMethods(TestInvoker.java:146)
at org.testng.internal.TestMethodWorker.invokeTestMethods(TestMethodWorker.java:146)
at org.testng.internal.TestMethodWorker.run(TestMethodWorker.java:128)
at java.base/java.util.ArrayList.forEach(ArrayList.java:1511)
at org.testng.TestRunner.privateRun(TestRunner.java:794)
at org.testng.TestRunner.run(TestRunner.java:596)
at org.testng.SuiteRunner.runTest(SuiteRunner.java:377)
at org.testng.SuiteRunner.access$000(SuiteRunner.java:28)
at org.testng.SuiteRunner$SuiteWorker.run(SuiteRunner.java:418)
at org.testng.internal.thread.ThreadUtil.lambda$execute$0(ThreadUtil.java:64)
at java.base/java.util.concurrent.FutureTask.run(FutureTask.java:264)
at java.base/java.util.concurrent.ThreadPoolExecutor.runWorker(ThreadPoolExecutor.java:1136)
at java.base/java.util.concurrent.ThreadPoolExecutor$Worker.run(ThreadPoolExecutor.java:635)
at java.base/java.lang.Thread.run(Thread.java:833)
]]>
            </full-stacktrace>
          </exception> <!-- java.lang.AssertionError -->
          <reporter-output>
          </reporter-output>
        </test-method> <!-- testWriteNodeErrorHandling -->
        <test-method is-config="true" signature="tearDownTest(org.testng.ITestResult)[pri:0, instance:tests.WriteDataServiceTest@2b58f754]" started-at="2025-10-10T14:44:52 IST" name="tearDownTest" finished-at="2025-10-10T14:44:52 IST" duration-ms="0" status="PASS">
          <params>
            <param index="0">
              <value>
                <![CDATA[[TestResult name=testWriteNodeErrorHandling status=FAILURE method=WriteDataServiceTest.testWriteNodeErrorHandling()[pri:0, instance:tests.WriteDataServiceTest@2b58f754] output={null}]]]>
              </value>
            </param>
          </params>
          <reporter-output>
          </reporter-output>
        </test-method> <!-- tearDownTest -->
        <test-method is-config="true" signature="setUpTest(org.testng.ITestResult)[pri:0, instance:tests.WriteDataServiceTest@2b58f754]" started-at="2025-10-10T14:44:52 IST" name="setUpTest" finished-at="2025-10-10T14:44:52 IST" duration-ms="0" status="PASS">
          <params>
            <param index="0">
              <value>
                <![CDATA[[TestResult name={null} status=CREATED method=WriteDataServiceTest.testWriteNodePerformance()[pri:0, instance:tests.WriteDataServiceTest@2b58f754] output={null}]]]>
              </value>
            </param>
          </params>
          <reporter-output>
          </reporter-output>
        </test-method> <!-- setUpTest -->
        <test-method signature="testWriteNodePerformance()[pri:0, instance:tests.WriteDataServiceTest@2b58f754]" started-at="2025-10-10T14:44:52 IST" name="testWriteNodePerformance" description="Test write node performance" finished-at="2025-10-10T14:44:52 IST" duration-ms="4" status="PASS">
          <reporter-output>
          </reporter-output>
        </test-method> <!-- testWriteNodePerformance -->
        <test-method is-config="true" signature="setUpTest(org.testng.ITestResult)[pri:0, instance:tests.WriteDataServiceTest@2b58f754]" started-at="2025-10-10T14:44:52 IST" name="setUpTest" finished-at="2025-10-10T14:44:52 IST" duration-ms="1" status="PASS">
          <params>
            <param index="0">
              <value>
                <![CDATA[[TestResult name={null} status=CREATED method=WriteDataServiceTest.testWriteNodeValidation()[pri:0, instance:tests.WriteDataServiceTest@2b58f754] output={null}]]]>
              </value>
            </param>
          </params>
          <reporter-output>
          </reporter-output>
        </test-method> <!-- setUpTest -->
        <test-method is-config="true" signature="tearDownTest(org.testng.ITestResult)[pri:0, instance:tests.WriteDataServiceTest@2b58f754]" started-at="2025-10-10T14:44:52 IST" name="tearDownTest" finished-at="2025-10-10T14:44:52 IST" duration-ms="0" status="PASS">
          <params>
            <param index="0">
              <value>
                <![CDATA[[TestResult name=testWriteNodePerformance status=SUCCESS method=WriteDataServiceTest.testWriteNodePerformance()[pri:0, instance:tests.WriteDataServiceTest@2b58f754] output={null}]]]>
              </value>
            </param>
          </params>
          <reporter-output>
          </reporter-output>
        </test-method> <!-- tearDownTest -->
        <test-method signature="testWriteNodeValidation()[pri:0, instance:tests.WriteDataServiceTest@2b58f754]" started-at="2025-10-10T14:44:52 IST" name="testWriteNodeValidation" description="Test write node validation" finished-at="2025-10-10T14:44:52 IST" duration-ms="66" status="PASS">
          <reporter-output>
          </reporter-output>
        </test-method> <!-- testWriteNodeValidation -->
        <test-method is-config="true" signature="tearDownTest(org.testng.ITestResult)[pri:0, instance:tests.WriteDataServiceTest@2b58f754]" started-at="2025-10-10T14:44:52 IST" name="tearDownTest" finished-at="2025-10-10T14:44:52 IST" duration-ms="1" status="PASS">
          <params>
            <param index="0">
              <value>
                <![CDATA[[TestResult name=testWriteNodeValidation status=SUCCESS method=WriteDataServiceTest.testWriteNodeValidation()[pri:0, instance:tests.WriteDataServiceTest@2b58f754] output={null}]]]>
              </value>
            </param>
          </params>
          <reporter-output>
          </reporter-output>
        </test-method> <!-- tearDownTest -->
        <test-method is-config="true" signature="setUpTest(org.testng.ITestResult)[pri:0, instance:tests.WriteDataServiceTest@2b58f754]" started-at="2025-10-10T14:44:52 IST" name="setUpTest" finished-at="2025-10-10T14:44:52 IST" duration-ms="146" status="PASS">
          <params>
            <param index="0">
              <value>
                <![CDATA[[TestResult name={null} status=CREATED method=WriteDataServiceTest.testWriteNodeWithBoolean()[pri:0, instance:tests.WriteDataServiceTest@2b58f754] output={null}]]]>
              </value>
            </param>
          </params>
          <reporter-output>
          </reporter-output>
        </test-method> <!-- setUpTest -->
        <test-method signature="testWriteNodeWithBoolean()[pri:0, instance:tests.WriteDataServiceTest@2b58f754]" started-at="2025-10-10T14:44:52 IST" name="testWriteNodeWithBoolean" description="Test write node with boolean value" finished-at="2025-10-10T14:44:52 IST" duration-ms="6" status="PASS">
          <reporter-output>
          </reporter-output>
        </test-method> <!-- testWriteNodeWithBoolean -->
        <test-method is-config="true" signature="tearDownTest(org.testng.ITestResult)[pri:0, instance:tests.WriteDataServiceTest@2b58f754]" started-at="2025-10-10T14:44:52 IST" name="tearDownTest" finished-at="2025-10-10T14:44:52 IST" duration-ms="0" status="PASS">
          <params>
            <param index="0">
              <value>
[...]
at org.testng.TestRunner.privateRun(TestRunner.java:794)
at org.testng.TestRunner.run(TestRunner.java:596)
at org.testng.SuiteRunner.runTest(SuiteRunner.java:377)
at org.testng.SuiteRunner.access$000(SuiteRunner.java:28)
at org.testng.SuiteRunner$SuiteWorker.run(SuiteRunner.java:418)
at org.testng.internal.thread.ThreadUtil.lambda$execute$0(ThreadUtil.java:64)
at java.base/java.util.concurrent.FutureTask.run(FutureTask.java:264)
at java.base/java.util.concurrent.ThreadPoolExecutor.runWorker(ThreadPoolExecutor.java:1136)
at java.base/java.util.concurrent.ThreadPoolExecutor$Worker.run(ThreadPoolExecutor.java:635)
at java.base/java.lang.Thread.run(Thread.java:833)
Caused by: com.microsoft.playwright.impl.DriverException: Error {
  message='socket hang up
  name='Error
  stack='Error: socket hang up
    at Socket.socketOnEnd (node:_http_client:530:25)
    at Socket.emit (node:events:530:35)
    at endReadableNT (node:internal/streams/readable:1698:12)
    at process.processTicksAndRejections (node:internal/process/task_queues:90:21)
}
Call log:
-   - → GET http://localhost:8085/read/api/read/browse?startingNodeParam=ns=3;s=%22WMS%20TO%20PLC%22
-     - user-agent: Playwright/1.49.0 (x64; windows 10.0) java/17
-     - accept: */*
-     - accept-encoding: gzip,deflate,br

at com.microsoft.playwright.impl.Connection.dispatch(Connection.java:259)
at com.microsoft.playwright.impl.Connection.processOneMessage(Connection.java:211)
at com.microsoft.playwright.impl.ChannelOwner.runUntil(ChannelOwner.java:130)
... 34 more
]]>
            </full-stacktrace>
          </exception> <!-- com.microsoft.playwright.PlaywrightException -->
          <reporter-output>
          </reporter-output>
        </test-method> <!-- testPerformanceUnderLoad -->
        <test-method is-config="true" signature="tearDownTest(org.testng.ITestResult)[pri:0, instance:tests.IntegrationTest@6e521c1e]" started-at="2025-10-10T14:44:53 IST" name="tearDownTest" finished-at="2025-10-10T14:44:53 IST" duration-ms="0" status="PASS">
          <params>
            <param index="0">
              <value>
                <![CDATA[[TestResult name=testPerformanceUnderLoad status=FAILURE method=IntegrationTest.testPerformanceUnderLoad()[pri:0, instance:tests.IntegrationTest@6e521c1e] output={null}]]]>
              </value>
            </param>
          </params>
          <reporter-output>
          </reporter-output>
        </test-method> <!-- tearDownTest -->
        <test-method is-config="true" signature="setUpTest(org.testng.ITestResult)[pri:0, instance:tests.IntegrationTest@6e521c1e]" started-at="2025-10-10T14:44:53 IST" name="setUpTest" finished-at="2025-10-10T14:44:53 IST" duration-ms="13" status="PASS">
          <params>
            <param index="0">
              <value>
                <![CDATA[[TestResult name={null} status=CREATED method=IntegrationTest.testReadWriteCycle()[pri:0, instance:tests.IntegrationTest@6e521c1e] output={null}]]]>
              </value>
            </param>
          </params>
          <reporter-output>
          </reporter-output>
        </test-method> <!-- setUpTest -->
        <test-method signature="testReadWriteCycle()[pri:0, instance:tests.IntegrationTest@6e521c1e]" started-at="2025-10-10T14:44:53 IST" name="testReadWriteCycle" description="Test read-write cycle" finished-at="2025-10-10T14:44:54 IST" duration-ms="312" status="FAIL">
          <exception class="com.microsoft.playwright.PlaywrightException">
            <message>
              <![CDATA[Error {
  message='connect ECONNREFUSED ::1:8085
  name='Error
  stack='Error: connect ECONNREFUSED ::1:8085
    at TCPConnectWrap.afterConnect [as oncomplete] (node:net:1610:16)
}
Call log:
-   - → POST http://localhost:8085/write/api/write/write-node
-     - user-agent: Playwright/1.49.0 (x64; windows 10.0) java/17
-     - accept: */*
-     - accept-encoding: gzip,deflate,br
-     - Content-Type: application/json
-     - content-length: 48
]]>
            </message>
            <full-stacktrace>
              <![CDATA[com.microsoft.playwright.PlaywrightException: Error {
  message='connect ECONNREFUSED ::1:8085
  name='Error
  stack='Error: connect ECONNREFUSED ::1:8085
    at TCPConnectWrap.afterConnect [as oncomplete] (node:net:1610:16)
}
Call log:
-   - → POST http://localhost:8085/write/api/write/write-node
-     - user-agent: Playwright/1.49.0 (x64; windows 10.0) java/17
-     - accept: */*
-     - accept-encoding: gzip,deflate,br
-     - Content-Type: application/json
-     - content-length: 48

at com.microsoft.playwright.impl.WaitableResult.get(WaitableResult.java:56)
at com.microsoft.playwright.impl.ChannelOwner.runUntil(ChannelOwner.java:132)
at com.microsoft.playwright.impl.Connection.sendMessage(Connection.java:130)
at com.microsoft.playwright.impl.ChannelOwner.sendMessage(ChannelOwner.java:118)
at com.microsoft.playwright.impl.APIRequestContextImpl.fetchImpl(APIRequestContextImpl.java:156)
at com.microsoft.playwright.impl.APIRequestContextImpl.lambda$fetch$1(APIRequestContextImpl.java:68)
at com.microsoft.playwright.impl.LoggingSupport.withLogging(LoggingSupport.java:47)
at com.microsoft.playwright.impl.ChannelOwner.withLogging(ChannelOwner.java:97)
at com.microsoft.playwright.impl.APIRequestContextImpl.fetch(APIRequestContextImpl.java:68)
at com.microsoft.playwright.impl.APIRequestContextImpl.post(APIRequestContextImpl.java:212)
at base.RealServiceTestBase.writeNode(RealServiceTestBase.java:390)
at tests.IntegrationTest.testReadWriteCycle(IntegrationTest.java:74)
at java.base/jdk.internal.reflect.NativeMethodAccessorImpl.invoke0(Native Method)
at java.base/jdk.internal.reflect.NativeMethodAccessorImpl.invoke(NativeMethodAccessorImpl.java:77)
at java.base/jdk.internal.reflect.DelegatingMethodAccessorImpl.invoke(DelegatingMethodAccessorImpl.java:43)
at java.base/java.lang.reflect.Method.invoke(Method.java:568)
at org.testng.internal.MethodInvocationHelper.invokeMethod(MethodInvocationHelper.java:133)
at org.testng.internal.TestInvoker.invokeMethod(TestInvoker.java:598)
at org.testng.internal.TestInvoker.invokeTestMethod(TestInvoker.java:173)
at org.testng.internal.MethodRunner.runInSequence(MethodRunner.java:46)
at org.testng.internal.TestInvoker$MethodInvocationAgent.invoke(TestInvoker.java:824)
at org.testng.internal.TestInvoker.invokeTestMethods(TestInvoker.java:146)
at org.testng.internal.TestMethodWorker.invokeTestMethods(TestMethodWorker.java:146)
at org.testng.internal.TestMethodWorker.run(TestMethodWorker.java:128)
at java.base/java.util.ArrayList.forEach(ArrayList.java:1511)
at org.testng.TestRunner.privateRun(TestRunner.java:794)
at org.testng.TestRunner.run(TestRunner.java:596)
at org.testng.SuiteRunner.runTest(SuiteRunner.java:377)
at org.testng.SuiteRunner.access$000(SuiteRunner.java:28)
at org.testng.SuiteRunner$SuiteWorker.run(SuiteRunner.java:418)
at org.testng.internal.thread.ThreadUtil.lambda$execute$0(ThreadUtil.java:64)
at java.base/java.util.concurrent.FutureTask.run(FutureTask.java:264)
at java.base/java.util.concurrent.ThreadPoolExecutor.runWorker(ThreadPoolExecutor.java:1136)
at java.base/java.util.concurrent.ThreadPoolExecutor$Worker.run(ThreadPoolExecutor.java:635)
at java.base/java.lang.Thread.run(Thread.java:833)
Caused by: com.microsoft.playwright.impl.DriverException: Error {
  message='connect ECONNREFUSED ::1:8085
  name='Error
  stack='Error: connect ECONNREFUSED ::1:8085
    at TCPConnectWrap.afterConnect [as oncomplete] (node:net:1610:16)
}
Call log:
-   - → POST http://localhost:8085/write/api/write/write-node
-     - user-agent: Playwright/1.49.0 (x64; windows 10.0) java/17
-     - accept: */*
-     - accept-encoding: gzip,deflate,br
-     - Content-Type: application/json
-     - content-length: 48

at com.microsoft.playwright.impl.Connection.dispatch(Connection.java:259)
at com.microsoft.playwright.impl.Connection.processOneMessage(Connection.java:211)
at com.microsoft.playwright.impl.ChannelOwner.runUntil(ChannelOwner.java:130)
... 33 more
]]>
            </full-stacktrace>
          </exception> <!-- com.microsoft.playwright.PlaywrightException -->
          <reporter-output>
          </reporter-output>
        </test-method> <!-- testReadWriteCycle -->
        <test-method is-config="true" signature="tearDownTest(org.testng.ITestResult)[pri:0, instance:tests.IntegrationTest@6e521c1e]" started-at="2025-10-10T14:44:54 IST" name="tearDownTest" finished-at="2025-10-10T14:44:54 IST" duration-ms="0" status="PASS">
          <params>
            <param index="0">
              <value>
                <![CDATA[[TestResult name=testReadWriteCycle status=FAILURE method=IntegrationTest.testReadWriteCycle()[pri:0, instance:tests.IntegrationTest@6e521c1e] output={null}]]]>
              </value>
            </param>
          </params>
          <reporter-output>
          </reporter-output>
        </test-method> <!-- tearDownTest -->
        <test-method is-config="true" signature="setUpTest(org.testng.ITestResult)[pri:0, instance:tests.IntegrationTest@6e521c1e]" started-at="2025-10-10T14:44:54 IST" name="setUpTest" finished-at="2025-10-10T14:44:54 IST" duration-ms="0" status="PASS">
          <params>
            <param index="0">
              <value>
                <![CDATA[[TestResult name={null} status=CREATED method=IntegrationTest.testServiceDiscovery()[pri:0, instance:tests.IntegrationTest@6e521c1e] output={null}]]]>
              </value>
            </param>
          </params>
          <reporter-output>
          </reporter-output>
        </test-method> <!-- setUpTest -->
        <test-method signature="testServiceDiscovery()[pri:0, instance:tests.IntegrationTest@6e521c1e]" started-at="2025-10-10T14:44:54 IST" name="testServiceDiscovery" description="Test service discovery and health check" finished-at="2025-10-10T14:44:54 IST" duration-ms="302" status="FAIL">
          <exception class="com.microsoft.playwright.PlaywrightException">
            <message>
              <![CDATA[Error {
  message='connect ECONNREFUSED ::1:8085
  name='Error
  stack='Error: connect ECONNREFUSED ::1:8085
    at TCPConnectWrap.afterConnect [as oncomplete] (node:net:1610:16)
}
Call log:
-   - → GET http://localhost:8085/eureka/actuator/health
-     - user-agent: Playwright/1.49.0 (x64; windows 10.0) java/17
-     - accept: */*
-     - accept-encoding: gzip,deflate,br
]]>
            </message>
            <full-stacktrace>
              <![CDATA[com.microsoft.playwright.PlaywrightException: Error {
  message='connect ECONNREFUSED ::1:8085
  name='Error
  stack='Error: connect ECONNREFUSED ::1:8085
    at TCPConnectWrap.afterConnect [as oncomplete] (node:net:1610:16)
}
Call log:
-   - → GET http://localhost:8085/eureka/actuator/health
-     - user-agent: Playwright/1.49.0 (x64; windows 10.0) java/17
-     - accept: */*
-     - accept-encoding: gzip,deflate,br

at com.microsoft.playwright.impl.WaitableResult.get(WaitableResult.java:56)
at com.microsoft.playwright.impl.ChannelOwner.runUntil(ChannelOwner.java:132)
at com.microsoft.playwright.impl.Connection.sendMessage(Connection.java:130)
at com.microsoft.playwright.impl.ChannelOwner.sendMessage(ChannelOwner.java:118)
at com.microsoft.playwright.impl.APIRequestContextImpl.fetchImpl(APIRequestContextImpl.java:156)
at com.microsoft.playwright.impl.APIRequestContextImpl.lambda$fetch$1(APIRequestContextImpl.java:68)
at com.microsoft.playwright.impl.LoggingSupport.withLogging(LoggingSupport.java:47)
at com.microsoft.playwright.impl.ChannelOwner.withLogging(ChannelOwner.java:97)
at com.microsoft.playwright.impl.APIRequestContextImpl.fetch(APIRequestContextImpl.java:68)
at com.microsoft.playwright.impl.APIRequestContextImpl.get(APIRequestContextImpl.java:197)
at com.microsoft.playwright.APIRequestContext.get(APIRequestContext.java:281)
at base.RealServiceTestBase.getServiceRegistryStatus(RealServiceTestBase.java:430)
at tests.IntegrationTest.testServiceDiscovery(IntegrationTest.java:93)
at java.base/jdk.internal.reflect.NativeMethodAccessorImpl.invoke0(Native Method)
at java.base/jdk.internal.reflect.NativeMethodAccessorImpl.invoke(NativeMethodAccessorImpl.java:77)
at java.base/jdk.internal.reflect.DelegatingMethodAccessorImpl.invoke(DelegatingMethodAccessorImpl.java:43)
at java.base/java.lang.reflect.Method.invoke(Method.java:568)
at org.testng.internal.MethodInvocationHelper.invokeMethod(MethodInvocationHelper.java:133)
at org.testng.internal.TestInvoker.invokeMethod(TestInvoker.java:598)
at org.testng.internal.TestInvoker.invokeTestMethod(TestInvoker.java:173)
at org.testng.internal.MethodRunner.runInSequence(MethodRunner.java:46)
at org.testng.internal.TestInvoker$MethodInvocationAgent.invoke(TestInvoker.java:824)
at org.testng.internal.TestInvoker.invokeTestMethods(TestInvoker.java:146)
at org.testng.internal.TestMethodWorker.invokeTestMethods(TestMethodWorker.java:146)
at org.testng.internal.TestMethodWorker.run(TestMethodWorker.java:128)
at java.base/java.util.ArrayList.forEach(ArrayList.java:1511)
at org.testng.TestRunner.privateRun(TestRunner.java:794)
at org.testng.TestRunner.run(TestRunner.java:596)
at org.testng.SuiteRunner.runTest(SuiteRunner.java:377)
at org.testng.SuiteRunner.access$000(SuiteRunner.java:28)
at org.testng.SuiteRunner$SuiteWorker.run(SuiteRunner.java:418)
at org.testng.internal.thread.ThreadUtil.lambda$execute$0(ThreadUtil.java:64)
at java.base/java.util.concurrent.FutureTask.run(FutureTask.java:264)
at java.base/java.util.concurrent.ThreadPoolExecutor.runWorker(ThreadPoolExecutor.java:1136)
at java.base/java.util.concurrent.ThreadPoolExecutor$Worker.run(ThreadPoolExecutor.java:635)
at java.base/java.lang.Thread.run(Thread.java:833)
Caused by: com.microsoft.playwright.impl.DriverException: Error {
  message='connect ECONNREFUSED ::1:8085
  name='Error
  stack='Error: connect ECONNREFUSED ::1:8085
    at TCPConnectWrap.afterConnect [as oncomplete] (node:net:1610:16)
}
Call log:
-   - → GET http://localhost:8085/eureka/actuator/health
-     - user-agent: Playwright/1.49.0 (x64; windows 10.0) java/17
-     - accept: */*
-     - accept-encoding: gzip,deflate,br

at com.microsoft.playwright.impl.Connection.dispatch(Connection.java:259)
at com.microsoft.playwright.impl.Connection.processOneMessage(Connection.java:211)
at com.microsoft.playwright.impl.ChannelOwner.runUntil(ChannelOwner.java:130)
... 34 more
]]>
            </full-stacktrace>
          </exception> <!-- com.microsoft.playwright.PlaywrightException -->
          <reporter-output>
          </reporter-output>
        </test-method> <!-- testServiceDiscovery -->
        <test-method is-config="true" signature="tearDownTest(org.testng.ITestResult)[pri:0, instance:tests.IntegrationTest@6e521c1e]" started-at="2025-10-10T14:44:54 IST" name="tearDownTest" finished-at="2025-10-10T14:44:54 IST" duration-ms="0" status="PASS">
          <params>
            <param index="0">
              <value>
                <![CDATA[[TestResult name=testServiceDiscovery status=FAILURE method=IntegrationTest.testServiceDiscovery()[pri:0, instance:tests.IntegrationTest@6e521c1e] output={null}]]]>
              </value>
            </param>
          </params>
          <reporter-output>
          </reporter-output>
        </test-method> <!-- tearDownTest -->
        <test-method is-config="true" signature="setUpTest(org.testng.ITestResult)[pri:0, instance:tests.IntegrationTest@6e521c1e]" started-at="2025-10-10T14:44:54 IST" name="setUpTest" finished-at="2025-10-10T14:44:54 IST" duration-ms="0" status="PASS">
          <params>
            <param index="0">
              <value>
                <![CDATA[[TestResult name={null} status=CREATED method=IntegrationTest.testServiceRecoveryAfterFailure()[pri:0, instance:tests.IntegrationTest@6e521c1e] output={null}]]]>
              </value>
            </param>
          </params>
          <reporter-output>
          </reporter-output>
        </test-method> <!-- setUpTest -->
        <test-method signature="testServiceRecoveryAfterFailure()[pri:0, instance:tests.IntegrationTest@6e521c1e]" started-at="2025-10-10T14:44:54 IST" name="testServiceRecoveryAfterFailure" description="Test service recovery after failure" finished-at="2025-10-10T14:44:59 IST" duration-ms="4965" status="FAIL">
          <exception class="java.lang.AssertionError">
            <message>
              <![CDATA[Service should recover within 3 attempts expected [true] but found [false]]]>
            </message>
            <full-stacktrace>
              <![CDATA[java.lang.AssertionError: Service should recover within 3 attempts expected [true] but found [false]
at org.testng.Assert.fail(Assert.java:99)
at org.testng.Assert.failNotEquals(Assert.java:1037)
at org.testng.Assert.assertTrue(Assert.java:45)
at tests.IntegrationTest.testServiceRecoveryAfterFailure(IntegrationTest.java:290)
at java.base/jdk.internal.reflect.NativeMethodAccessorImpl.invoke0(Native Method)
at java.base/jdk.internal.reflect.NativeMethodAccessorImpl.invoke(NativeMethodAccessorImpl.java:77)
at java.base/jdk.internal.reflect.DelegatingMethodAccessorImpl.invoke(DelegatingMethodAccessorImpl.java:43)
at java.base/java.lang.reflect.Method.invoke(Method.java:568)
at org.testng.internal.MethodInvocationHelper.invokeMethod(MethodInvocationHelper.java:133)
at org.testng.internal.TestInvoker.invokeMethod(TestInvoker.java:598)
at org.testng.internal.TestInvoker.invokeTestMethod(TestInvoker.java:173)
at org.testng.internal.MethodRunner.runInSequence(MethodRunner.java:46)
at org.testng.internal.TestInvoker$MethodInvocationAgent.invoke(TestInvoker.java:824)
at org.testng.internal.TestInvoker.invokeTestMethods(TestInvoker.java:146)
at org.testng.internal.TestMethodWorker.invokeTestMethods(TestMethodWorker.java:146)
at org.testng.internal.TestMethodWorker.run(TestMethodWorker.java:128)
at java.base/java.util.ArrayList.forEach(ArrayList.java:1511)
at org.testng.TestRunner.privateRun(TestRunner.java:794)
at org.testng.TestRunner.run(TestRunner.java:596)
at org.testng.SuiteRunner.runTest(SuiteRunner.java:377)
at org.testng.SuiteRunner.access$000(SuiteRunner.java:28)
at org.testng.SuiteRunner$SuiteWorker.run(SuiteRunner.java:418)
at org.testng.internal.thread.ThreadUtil.lambda$execute$0(ThreadUtil.java:64)
at java.base/java.util.concurrent.FutureTask.run(FutureTask.java:264)
at java.base/java.util.concurrent.ThreadPoolExecutor.runWorker(ThreadPoolExecutor.java:1136)
at java.base/java.util.concurrent.ThreadPoolExecutor$Worker.run(ThreadPoolExecutor.java:635)
at java.base/java.lang.Thread.run(Thread.java:833)
]]>
            </full-stacktrace>
          </exception> <!-- java.lang.AssertionError -->
          <reporter-output>
          </reporter-output>
        </test-method> <!-- testServiceRecoveryAfterFailure -->
        <test-method is-config="true" signature="tearDownTest(org.testng.ITestResult)[pri:0, instance:tests.IntegrationTest@6e521c1e]" started-at="2025-10-10T14:44:59 IST" name="tearDownTest" finished-at="2025-10-10T14:44:59 IST" duration-ms="0" status="PASS">
          <params>
            <param index="0">
              <value>
                <![CDATA[[TestResult name=testServiceRecoveryAfterFailure status=FAILURE method=IntegrationTest.testServiceRecoveryAfterFailure()[pri:0, instance:tests.IntegrationTest@6e521c1e] output={null}]]]>
              </value>
            </param>
          </params>
          <reporter-output>
          </reporter-output>
        </test-method> <!-- tearDownTest -->
        <test-method is-config="true" signature="tearDownRealServiceContext()[pri:0, instance:tests.IntegrationTest@6e521c1e]" started-at="2025-10-10T14:44:59 IST" name="tearDownRealServiceContext" finished-at="2025-10-10T14:44:59 IST" duration-ms="21" status="PASS">
          <reporter-output>
          </reporter-output>
        </test-method> <!-- tearDownRealServiceContext -->
      </class> <!-- tests.IntegrationTest -->
    </test> <!-- Integration Tests -->
  </suite> <!-- Microservices API Test Suite -->
</testng-results>
